ERROR (SpiritErrorHandler.h:27): Parsing error at 3:1:  expecting <model type>, here:
	@type: POMDP
	^

1000
constructing pomdps
1.98 1.978 1.978 0.955 2.019
2.331 2.329 2.331 2.312 2.369
2.044 2.044 2.044 1.377 2.099
2.29 2.291 2.291 1.942 2.333
2.107 2.097 2.097 1.193 2.16
1.737 1.702 1.733 1.731 1.777
2.195 2.145 2.145 2.08 2.195
1.885 1.881 1.881 1.133 1.976
1.735 1.703 1.734 1.725 1.777
1.844 1.506 1.506 1.618 1.844
1.653 1.451 1.451 1.386 1.751
1.942 1.942 1.942 1.236 2.007
2.325 2.325 2.325 1.993 2.365
2.221 2.221 2.221 1.948 2.265
2.151 2.148 2.148 2.086 2.198
2.549 2.55 2.55 2.543 2.6
2.022 2.022 2.022 1.521 2.078
1.797 1.471 1.471 1.616 1.797
2.017 2.015 2.015 1.022 2.055
2.266 2.266 2.266 1.652 2.31
2.004 2.004 2.004 1.127 2.047
1.885 1.875 1.875 0.826 1.98
2.034 1.99 1.99 0.98 2.1
2.107 2.105 2.105 2.086 2.142
2.065 2.065 2.065 1.411 2.118
2.079 2.077 2.077 2.024 2.115
1.806 1.57 1.57 1.283 1.889
1.849 1.849 1.758 0.931 1.919
2.17 2.17 2.17 1.464 2.219
2.12 2.117 2.117 1.217 2.225
2.228 2.228 2.228 2.017 2.272
1.918 1.914 1.914 1.103 2.01
2.096 2.094 2.094 2.046 2.133
1.83 1.803 1.803 0.865 1.933
2.097 2.097 2.097 1.68 2.143
2.152 2.153 2.153 1.831 2.201
1.76 1.413 1.422 1.593 1.76
1.944 1.942 1.942 0.903 1.983
1.942 1.942 1.942 0.754 1.986
1.931 1.931 1.931 0.61 1.972
1.838 1.55 1.55 1.518 1.918
1.815 1.669 1.669 1.082 1.907
2.024 2.022 2.022 1.188 2.061
1.996 1.994 1.994 1.79 2.038
2.36 2.36 2.36 2.075 2.398
2.404 2.404 2.404 1.627 2.443
1.93 1.93 1.93 1.119 2.004
1.771 1.4 1.409 1.74 1.771
2.338 2.338 2.338 2.167 2.377
2.255 2.255 2.255 1.456 2.317
