 WARN (FormulaParserGrammar.cpp:338): Identifier `R' coincides with a reserved keyword or operator. Property expressions using the variable or constant 'R' will not be parsed correctly.
1000
constructing pomdps
0.679 0.679 0.679 0.094 0.797
0.827 0.784 0.784 0.133 0.804
0.745 0.745 0.745 0.144 0.876
0.755 0.78 0.771 0.118 0.859
0.831 0.835 0.835 0.16 0.834
0.803 0.807 0.807 0.13 0.851
0.824 0.822 0.817 0.117 0.842
0.692 0.675 0.676 0.106 0.792
0.826 0.81 0.81 0.1 0.804
0.8 0.8 0.803 0.199 0.835
0.799 0.798 0.798 0.113 0.819
0.85 0.875 0.875 0.166 0.856
0.83 0.83 0.83 0.228 0.869
0.74 0.736 0.736 0.112 0.887
0.699 0.743 0.753 0.175 0.921
0.813 0.83 0.83 0.242 0.848
0.851 0.851 0.851 0.126 0.86
0.83 0.815 0.815 0.103 0.84
0.744 0.89 0.616 0.208 0.909
0.845 0.845 0.845 0.125 0.844
0.76 0.874 0.874 0.129 0.857
0.576 0.701 0.701 0.076 0.804
0.789 0.787 0.783 0.144 0.84
0.788 0.808 0.808 0.175 0.858
0.678 0.683 0.677 0.085 0.795
0.822 0.815 0.815 0.118 0.841
0.715 0.732 0.731 0.103 0.805
0.847 0.857 0.857 0.22 0.854
0.648 0.684 0.689 0.113 0.821
0.841 0.841 0.841 0.137 0.857
0.999 0.999 0.999 0.266 0.999
0.759 0.764 0.763 0.132 0.802
0.679 0.679 0.679 0.084 0.798
0.679 0.679 0.679 0.091 0.799
0.68 0.679 0.679 0.086 0.797
0.649 0.649 0.644 0.103 0.973
0.73 0.73 0.73 0.122 0.873
0.675 0.7 0.7 0.103 0.8
0.805 0.809 0.809 0.189 0.849
0.791 0.79 0.79 0.136 0.834
0.715 0.693 0.693 0.087 0.805
0.678 0.676 0.678 0.086 0.796
0.732 0.732 0.732 0.106 0.82
0.826 0.823 0.817 0.137 0.845
0.784 0.785 0.785 0.109 0.806
0.87 0.851 0.855 0.143 0.954
0.848 0.866 0.866 0.188 0.855
0.677 0.699 0.7 0.1 0.799
0.802 0.802 0.805 0.162 0.85
0.852 0.786 0.864 0.125 0.853
