1000
constructing pomdps
2123.333 2123.333 2123.333 204.213 None
2103.333 2103.333 2583.333 203.249 None
2093.333 2093.333 2093.333 201.321 None
2113.333 2113.333 2113.333 204.213 None
2063.333 2063.333 2063.333 199.393 None
2083.333 2083.333 2083.333 201.321 None
2133.333 2133.333 2553.333 206.141 None
2113.333 2113.333 2113.333 204.213 None
2083.333 2083.333 2603.333 201.321 None
2098.333 2098.333 2588.333 202.285 None
2103.333 2103.333 2103.333 203.249 None
2098.333 2098.333 2588.333 202.285 None
2073.333 2073.333 2073.333 199.393 None
2078.333 2078.333 2608.333 200.357 None
2103.333 2103.333 2103.333 203.249 None
2073.333 2073.333 2073.333 199.393 None
2103.333 2103.333 2103.333 203.249 None
2093.333 2093.333 2093.333 201.321 None
2123.333 2123.333 2123.333 204.213 None
2123.333 2123.333 2123.333 204.213 None
2083.333 2083.333 2083.333 201.321 None
2093.333 2093.333 2593.333 201.321 None
2083.333 2083.333 2083.333 201.321 None
2098.333 2098.333 2588.333 202.285 None
2113.333 2113.333 2113.333 204.213 None
2073.333 2073.333 2073.333 199.393 None
2113.333 2113.333 2573.333 204.213 None
2083.333 2083.333 2083.333 201.321 None
2108.333 2108.333 2578.333 203.249 None
2063.333 2063.333 2063.333 199.393 None
2068.333 2068.333 2618.333 199.393 None
2088.333 2088.333 2598.333 201.321 None
2113.333 2113.333 2573.333 204.213 None
2088.333 2088.333 2598.333 201.321 None
2088.333 2088.333 2598.333 201.321 None
2113.333 2113.333 2113.333 204.213 None
2103.333 2103.333 2103.333 203.249 None
2083.333 2083.333 2083.333 201.321 None
2093.333 2093.333 2093.333 201.321 None
2093.333 2093.333 2593.333 201.321 None
2103.333 2103.333 2583.333 203.249 None
2068.333 2068.333 2618.333 199.393 None
2088.333 2088.333 2598.333 201.321 None
2073.333 2073.333 2073.333 199.393 None
2078.333 2078.333 2608.333 200.357 None
2068.333 2068.333 2618.333 199.393 None
2118.333 2118.333 2568.333 204.213 None
2103.333 2103.333 2583.333 203.249 None
2118.333 2118.333 2568.333 204.213 None
2093.333 2093.333 2093.333 201.321 None
