ERROR (SpiritErrorHandler.h:27): Parsing error at 3:1:  expecting <model type>, here:
	@type: POMDP
	^

1000
constructing pomdps
296.579 296.591 296.591 115.063 296.591
186.461 186.473 186.473 145.357 186.473
337.034 337.045 337.045 105.078 337.045
275.306 275.317 275.317 100.445 275.317
288.957 288.968 288.968 62.854 288.968
281.313 281.324 281.324 82.245 281.324
260.561 260.573 260.573 74.303 260.573
332.318 332.33 332.33 110.187 332.33
290.164 290.176 290.176 66.385 290.176
284.899 284.911 284.911 112.161 284.911
334.662 334.674 334.674 119.437 334.674
291.003 291.014 291.014 64.932 291.014
282.979 282.99 282.99 57.685 282.99
195.161 195.172 195.172 136.861 195.172
303.498 303.509 303.509 72.23 303.509
349.5 349.512 349.512 121.82 349.512
333.43 333.442 333.442 114.583 333.442
331.069 331.081 331.081 105.249 331.081
330.608 330.62 330.62 103.43 330.62
265.263 265.275 265.275 70.692 265.275
333.192 333.204 333.204 113.644 333.204
197.547 197.559 197.559 134.502 197.559
352.718 352.73 352.73 128.053 352.73
300.183 300.195 300.195 117.843 300.195
261.177 261.189 261.189 74.229 261.189
180.689 179.692 179.692 178.125 179.692
310.007 310.019 310.019 81.446 310.019
351.877 351.889 351.889 127.757 351.889
264.521 264.533 264.533 71.694 264.533
350.074 350.086 350.086 117.198 350.086
351.567 351.579 351.579 132.847 351.579
277.053 277.064 277.064 62.214 277.064
348.81 348.821 348.821 115.799 348.821
232.976 232.987 232.987 99.466 232.987
239.972 239.984 239.984 91.964 239.984
180.689 179.692 179.692 177.888 179.692
304.776 304.788 304.788 81.247 304.788
332.814 332.826 332.826 112.163 332.826
184.136 184.148 184.148 147.732 184.148
280.462 280.473 280.473 82.608 280.473
180.689 179.692 179.692 159.618 179.692
350.958 350.97 350.97 124.905 350.97
334.148 334.16 334.16 97.462 334.16
332.33 332.342 332.342 110.233 332.342
180.689 179.692 179.692 180.432 179.692
273.28 273.292 273.292 65.029 273.292
257.51 257.522 257.522 77.017 257.522
190.797 190.809 190.809 141.104 190.809
340.238 340.25 340.25 101.855 340.25
290.345 290.356 290.356 66.265 290.356
