ERROR (SpiritErrorHandler.h:27): Parsing error at 3:1:  expecting <model type>, here:
	@type: POMDP
	^

1000
constructing pomdps
459.02 459.064 459.064 114.04 473.992
451.023 451.067 451.067 77.87 473.186
454.81 454.854 454.27 64.414 469.214
451.452 450.877 450.877 129.527 466.955
452.469 452.513 451.541 169.016 466.066
450.99 448.729 451.029 181.994 464.592
452.4 452.444 452.444 123.149 473.252
457.733 457.777 457.777 174.827 475.48
455.448 455.492 454.992 159.79 469.54
450.528 446.546 446.546 95.004 468.115
452.86 450.451 450.451 133.557 463.364
456.747 456.791 455.315 211.214 469.785
457.845 457.889 456.299 207.46 470.751
454.245 454.289 452.707 147.79 467.101
450.282 449.502 450.326 116.204 465.237
452.337 450.242 450.242 109.168 467.047
450.412 448.603 450.451 119.014 466.242
457.779 457.823 457.823 135.546 475.514
453.135 453.179 453.179 129.697 473.919
453.785 453.829 453.829 80.395 473.936
453.256 449.964 453.296 113.891 467.702
455.623 455.464 455.667 127.489 470.977
451.184 450.811 451.228 72.943 466.828
457.941 457.985 456.586 150.021 471.094
450.583 450.627 449.979 136.353 465.749
453.507 453.551 451.252 156.63 465.295
448.218 448.106 448.106 110.386 461.474
452.813 452.425 452.425 58.508 466.197
448.567 445.85 445.85 108.786 465.545
450.787 450.417 450.417 159.255 464.716
448.468 448.508 448.508 189.469 462.415
453.026 453.07 450.946 203.553 465.251
453.966 452.596 454.01 145.176 469.165
453.365 453.409 451.232 121.511 465.417
458.217 458.256 458.256 129.463 473.328
449.251 449.288 449.295 93.872 465.006
451.726 451.77 451.77 35.424 469.539
452.364 449.176 449.176 101.469 469.906
457.747 457.708 457.708 203.824 472.612
459.328 459.372 459.372 160.897 474.387
455.504 455.548 455.548 158.367 466.031
456.631 453.982 453.982 191.856 471.942
449.002 449.046 449.046 184.096 462.22
454.616 454.491 454.491 121.4 467.295
456.409 453.93 453.93 165.138 471.737
450.008 450.051 450.051 58.17 464.553
449.066 448.172 448.172 64.55 466.298
450.523 450.566 450.566 129.833 464.451
448.696 448.739 448.739 98.721 465.595
450.423 450.467 450.467 91.508 465.475
