1000
constructing pomdps
0.0 0.0 0.0 0.0 None
0.324 0.098 0.253 0.225 None
0.06 0.293 0.131 0.259 None
0.483 0.45 0.407 0.391 None
0.037 0.018 0.0 0.0 None
0.098 0.068 0.153 0.047 None
0.145 0.08 0.113 0.106 None
0.0 0.0 0.0 0.0 None
0.247 0.209 0.002 0.001 None
0.0 0.0 0.0 0.0 None
0.334 0.293 0.005 0.189 None
0.0 0.0 0.0 0.0 None
0.261 0.243 0.004 0.084 None
0.14 0.028 0.079 0.092 None
0.394 0.394 0.174 0.21 None
0.0 0.0 0.0 0.0 None
0.0 0.0 0.0 0.0 None
0.079 0.055 0.183 0.181 None
0.448 0.418 0.08 0.197 None
0.535 0.503 0.266 0.243 None
0.714 0.714 0.714 0.297 0.714
0.725 0.725 0.725 0.356 0.552
0.073 0.019 0.006 0.0 None
0.095 0.098 0.095 0.061 None
0.0 0.0 0.0 0.0 None
0.0 0.0 0.0 0.0 None
0.0 0.0 0.0 0.0 None
0.39 0.39 0.172 0.235 None
0.0 0.0 0.0 0.0 None
0.0 0.0 0.0 0.0 None
0.14 0.141 0.11 0.049 None
0.0 0.0 0.0 0.0 None
0.106 0.104 0.096 0.062 None
0.799 0.799 0.799 0.539 0.544
0.524 0.447 0.14 0.356 None
0.0 0.0 0.0 0.0 None
0.112 0.005 0.004 0.076 None
0.0 0.0 0.0 0.0 None
0.0 0.0 0.0 0.0 None
0.0 0.0 0.0 0.0 None
0.085 0.132 0.008 0.042 None
0.159 0.159 0.159 0.159 None
0.0 0.0 0.0 0.0 None
0.459 0.459 0.014 0.261 None
0.071 0.071 0.055 0.195 None
0.0 0.0 0.0 0.0 None
0.0 0.0 0.0 0.0 None
0.131 0.131 0.131 0.015 None
0.079 0.055 0.0 0.0 None
0.031 0.031 0.031 0.0 None
