2024-02-20 10:07:31,934 - cli.py - This is Paynt version 0.1.0.
2024-02-20 10:07:31,935 - sketch.py - loading sketch from models/pomdp/storm-integration/stand-tiger-95/sketch.templ ...
2024-02-20 10:07:31,935 - sketch.py - assuming sketch in PRISM format...
ERROR (SpiritErrorHandler.h:27): Parsing error at 3:1:  expecting <model type>, here:
	@type: POMDP
	^

2024-02-20 10:07:31,936 - sketch.py - assuming sketch in DRN format...
2024-02-20 10:07:31,938 - prism_parser.py - loading properties from models/pomdp/storm-integration/stand-tiger-95/sketch.props ...
2024-02-20 10:07:31,938 - prism_parser.py - found the following specification: optimality: R[exp]{"reward"}max=? [F "discount_sink"] 
2024-02-20 10:07:31,938 - sketch.py - sketch parsing OK
2024-02-20 10:07:31,939 - sketch.py - constructed explicit quotient having 14 states and 50 actions
2024-02-20 10:07:31,939 - sketch.py - found the following specification optimality: R[exp]{"reward"}max=? [F "discount_sink"] 
2024-02-20 10:07:31,939 - pomdp.py - constructed POMDP having 7 observations.
2024-02-20 10:07:31,939 - pomdp.py - unfolding POMDP using the following memory allocation vector: [1, 1, 1, 1, 1, 1, 1] ...
2024-02-20 10:07:31,939 - pomdp.py - constructed quotient MDP having 14 states and 50 actions.
2024-02-20 10:07:31,944 - synthesizer_pomdp.py - Storm POMDP option enabled
2024-02-20 10:07:31,944 - synthesizer_pomdp.py - Storm settings: iterative - (600, 120, 5), get_storm_result - None, storm_options - cutoff, prune_storm - False, unfold_strategy - (True, False), use_storm_cutoffs - False
2024-02-20 10:07:31,944 - synthesizer.py - synthesis initiated, design space: 1024
-----------PAYNT-----------                     
Value = -231.39443361971308 | Time elapsed = 0.0s | FSC size = 14

-----------PAYNT-----------                     
Value = -224.8263288300816 | Time elapsed = 0.0s | FSC size = 14

2024-02-20 10:07:31,944 - synthesizer_pomdp.py - Timeout for PAYNT started
-----------PAYNT-----------                     
Value = -197.76350685894045 | Time elapsed = 0.0s | FSC size = 14

-----------PAYNT-----------                     
Value = -189.7481472919974 | Time elapsed = 0.0s | FSC size = 14

-----------PAYNT-----------                     
Value = -175.28592967911698 | Time elapsed = 0.0s | FSC size = 14

-----------PAYNT-----------                     
Value = -165.78972141506023 | Time elapsed = 0.0s | FSC size = 14

-----------PAYNT-----------                     
Value = -154.85128848127533 | Time elapsed = 0.0s | FSC size = 14

-----------PAYNT-----------                     
Value = -144.57832038346686 | Time elapsed = 0.0s | FSC size = 14

-----------PAYNT-----------                     
Value = -33.24999999999899 | Time elapsed = 0.0s | FSC size = 14

-----------PAYNT-----------                     
Value = -31.666666666665662 | Time elapsed = 0.0s | FSC size = 14

-----------PAYNT-----------                     
Value = -17.499999999999044 | Time elapsed = 0.0s | FSC size = 14

-----------PAYNT-----------                     
Value = -17.12499999999902 | Time elapsed = 0.0s | FSC size = 14

-----------PAYNT-----------                     
Value = -16.333333333332355 | Time elapsed = 0.0s | FSC size = 14

-----------PAYNT-----------                     
Value = 8.664159285224137e-13 | Time elapsed = 0.0s | FSC size = 14

2024-02-20 10:07:31,982 - synthesizer.py - synthesis finished, printing synthesized assignment below:
2024-02-20 10:07:31,982 - synthesizer.py - A(0,0)={'(listen)'}, A(1,0)={'(listen)'}, A(2,0)={'(listen)'}, A(3,0)={'(listen)'}, A(5,0)={'(stand-up)'}
2024-02-20 10:07:31,982 - synthesizer.py - double-checking specification satisfiability:  : 8.664159285224137e-13
2024-02-20 10:07:31,983 - synthesizer_pomdp.py - Increase memory in all imperfect observation
2024-02-20 10:07:31,983 - pomdp.py - unfolding POMDP using the following memory allocation vector: [2, 2, 2, 2, 1, 2, 1] ...
2024-02-20 10:07:31,983 - pomdp.py - constructed quotient MDP having 26 states and 195 actions.
2024-02-20 10:07:31,984 - synthesizer.py - synthesis initiated, design space: 2147483648
> progress 1.045%, elapsed 3 s, estimated 286 s, iters = {MDP: 10153}, opt = 0.0
> progress 2.001%, elapsed 6 s, estimated 299 s, iters = {MDP: 19409}, opt = 0.0
> progress 3.341%, elapsed 9 s, estimated 269 s, iters = {MDP: 30443}, opt = 0.0
> progress 4.51%, elapsed 12 s, estimated 266 s, iters = {MDP: 41672}, opt = 0.0
-----------PAYNT-----------                     
Value = 0.780116504766287 | Time elapsed = 13.4s | FSC size = 24

> progress 5.526%, elapsed 15 s, estimated 271 s, iters = {MDP: 52365}, opt = 0.78
-----------PAYNT-----------                     
Value = 2.591462627183717 | Time elapsed = 16.3s | FSC size = 24

-----------PAYNT-----------                     
Value = 2.9875565067677643 | Time elapsed = 16.3s | FSC size = 24

> progress 6.478%, elapsed 18 s, estimated 277 s, iters = {MDP: 63802}, opt = 2.988
> progress 7.766%, elapsed 21 s, estimated 270 s, iters = {MDP: 74396}, opt = 2.988
> progress 10.211%, elapsed 24 s, estimated 235 s, iters = {MDP: 79794}, opt = 2.988
> progress 11.744%, elapsed 27 s, estimated 229 s, iters = {MDP: 87869}, opt = 2.988
> progress 12.988%, elapsed 30 s, estimated 231 s, iters = {MDP: 98597}, opt = 2.988
> progress 14.625%, elapsed 33 s, estimated 225 s, iters = {MDP: 107602}, opt = 2.988
> progress 16.761%, elapsed 36 s, estimated 214 s, iters = {MDP: 112593}, opt = 2.988
> progress 18.449%, elapsed 39 s, estimated 211 s, iters = {MDP: 123431}, opt = 2.988
> progress 19.448%, elapsed 42 s, estimated 216 s, iters = {MDP: 134021}, opt = 2.988
> progress 20.521%, elapsed 45 s, estimated 219 s, iters = {MDP: 145990}, opt = 2.988
> progress 21.769%, elapsed 48 s, estimated 220 s, iters = {MDP: 157357}, opt = 2.988
> progress 23.182%, elapsed 51 s, estimated 220 s, iters = {MDP: 168696}, opt = 2.988
> progress 24.148%, elapsed 54 s, estimated 223 s, iters = {MDP: 179204}, opt = 2.988
> progress 25.071%, elapsed 57 s, estimated 227 s, iters = {MDP: 191684}, opt = 2.988
> progress 26.351%, elapsed 60 s, estimated 227 s, iters = {MDP: 203087}, opt = 2.988
> progress 27.77%, elapsed 63 s, estimated 226 s, iters = {MDP: 214365}, opt = 2.988
> progress 29.214%, elapsed 66 s, estimated 225 s, iters = {MDP: 225790}, opt = 2.988
> progress 30.38%, elapsed 69 s, estimated 227 s, iters = {MDP: 237135}, opt = 2.988
> progress 31.227%, elapsed 72 s, estimated 230 s, iters = {MDP: 248509}, opt = 2.988
> progress 32.639%, elapsed 75 s, estimated 229 s, iters = {MDP: 259715}, opt = 2.988
> progress 35.069%, elapsed 78 s, estimated 222 s, iters = {MDP: 265929}, opt = 2.988
> progress 36.718%, elapsed 81 s, estimated 220 s, iters = {MDP: 273955}, opt = 2.988
> progress 38.086%, elapsed 84 s, estimated 220 s, iters = {MDP: 285004}, opt = 2.988
> progress 39.825%, elapsed 87 s, estimated 218 s, iters = {MDP: 294471}, opt = 2.988
> progress 41.928%, elapsed 90 s, estimated 214 s, iters = {MDP: 299286}, opt = 2.988
> progress 43.184%, elapsed 93 s, estimated 215 s, iters = {MDP: 308082}, opt = 2.988
> progress 44.058%, elapsed 96 s, estimated 217 s, iters = {MDP: 316719}, opt = 2.988
> progress 44.85%, elapsed 99 s, estimated 220 s, iters = {MDP: 325700}, opt = 2.988
> progress 45.453%, elapsed 102 s, estimated 224 s, iters = {MDP: 334152}, opt = 2.988
> progress 46.701%, elapsed 105 s, estimated 224 s, iters = {MDP: 343831}, opt = 2.988
> progress 48.156%, elapsed 108 s, estimated 224 s, iters = {MDP: 355266}, opt = 2.988
> progress 49.169%, elapsed 111 s, estimated 225 s, iters = {MDP: 366323}, opt = 2.988
> progress 49.979%, elapsed 114 s, estimated 228 s, iters = {MDP: 376831}, opt = 2.988
> progress 50.561%, elapsed 117 s, estimated 231 s, iters = {MDP: 383393}, opt = 2.988
> progress 51.384%, elapsed 120 s, estimated 233 s, iters = {MDP: 389857}, opt = 2.988
2024-02-20 10:09:32,055 - synthesizer_ar_storm.py - Pausing synthesis
2024-02-20 10:09:32,155 - storm_pomdp_control.py - Interactive Storm started
2024-02-20 10:09:32,156 - storm_pomdp_control.py - starting Storm POMDP analysis
Finished exploring under-approximation MDP.
Start analysis...
2024-02-20 10:09:38,162 - storm_pomdp_control.py - Pausing Storm
-----------Storm-----------               
Value = 50.37751897312773 | Time elapsed = 126.2s | FSC size = 58


------------------------------------

PAYNT results: 
2.9875565067677643
controller size: 24

Storm results: 
50.37751897312773
controller size: 58

------------------------------------

2024-02-20 10:09:38,163 - synthesizer_pomdp.py - Timeout for PAYNT started
2024-02-20 10:09:39,063 - synthesizer_ar_storm.py - Resuming synthesis
2024-02-20 10:09:39,063 - synthesizer_ar_storm.py - Applying family split according to Storm results
2024-02-20 10:09:39,063 - synthesizer_ar_storm.py - State after Storm splitting: Main families - 0, Subfamilies - 16
> progress 52.124%, elapsed 123 s, estimated 236 s, iters = {MDP: 395609}, opt = 2.988
> progress 52.636%, elapsed 126 s, estimated 239 s, iters = {MDP: 401426}, opt = 2.988
> progress 53.025%, elapsed 129 s, estimated 243 s, iters = {MDP: 406796}, opt = 2.988
> progress 54.199%, elapsed 132 s, estimated 243 s, iters = {MDP: 414242}, opt = 2.988
> progress 54.994%, elapsed 135 s, estimated 245 s, iters = {MDP: 416289}, opt = 2.988
> progress 55.726%, elapsed 138 s, estimated 247 s, iters = {MDP: 419740}, opt = 2.988
> progress 56.439%, elapsed 141 s, estimated 249 s, iters = {MDP: 426019}, opt = 2.988
> progress 57.55%, elapsed 144 s, estimated 250 s, iters = {MDP: 431760}, opt = 2.988
> progress 58.375%, elapsed 147 s, estimated 251 s, iters = {MDP: 433961}, opt = 2.988
> progress 59.113%, elapsed 150 s, estimated 253 s, iters = {MDP: 439222}, opt = 2.988
> progress 59.664%, elapsed 153 s, estimated 256 s, iters = {MDP: 445571}, opt = 2.988
> progress 60.125%, elapsed 156 s, estimated 259 s, iters = {MDP: 451459}, opt = 2.988
> progress 60.882%, elapsed 159 s, estimated 261 s, iters = {MDP: 458177}, opt = 2.988
> progress 61.657%, elapsed 162 s, estimated 262 s, iters = {MDP: 464873}, opt = 2.988
> progress 62.238%, elapsed 165 s, estimated 265 s, iters = {MDP: 472467}, opt = 2.988
> progress 62.813%, elapsed 168 s, estimated 267 s, iters = {MDP: 479441}, opt = 2.988
> progress 63.682%, elapsed 171 s, estimated 268 s, iters = {MDP: 486430}, opt = 2.988
> progress 64.591%, elapsed 174 s, estimated 269 s, iters = {MDP: 493731}, opt = 2.988
> progress 65.178%, elapsed 177 s, estimated 271 s, iters = {MDP: 500539}, opt = 2.988
> progress 65.705%, elapsed 180 s, estimated 274 s, iters = {MDP: 506948}, opt = 2.988
> progress 66.76%, elapsed 183 s, estimated 274 s, iters = {MDP: 512998}, opt = 2.988
> progress 67.714%, elapsed 186 s, estimated 274 s, iters = {MDP: 515581}, opt = 2.988
> progress 68.488%, elapsed 189 s, estimated 276 s, iters = {MDP: 521012}, opt = 2.988
> progress 69.344%, elapsed 192 s, estimated 276 s, iters = {MDP: 527924}, opt = 2.988
> progress 70.516%, elapsed 195 s, estimated 276 s, iters = {MDP: 531563}, opt = 2.988
> progress 71.273%, elapsed 198 s, estimated 277 s, iters = {MDP: 534878}, opt = 2.988
> progress 71.955%, elapsed 201 s, estimated 279 s, iters = {MDP: 541589}, opt = 2.988
> progress 72.41%, elapsed 204 s, estimated 281 s, iters = {MDP: 547906}, opt = 2.988
> progress 73.034%, elapsed 207 s, estimated 283 s, iters = {MDP: 554029}, opt = 2.988
> progress 73.739%, elapsed 210 s, estimated 284 s, iters = {MDP: 560312}, opt = 2.988
> progress 74.351%, elapsed 213 s, estimated 286 s, iters = {MDP: 566424}, opt = 2.988
> progress 74.958%, elapsed 216 s, estimated 288 s, iters = {MDP: 573889}, opt = 2.988
> progress 77.467%, elapsed 219 s, estimated 282 s, iters = {MDP: 586910}, opt = 2.988
> progress 78.043%, elapsed 222 s, estimated 284 s, iters = {MDP: 597082}, opt = 2.988
> progress 80.086%, elapsed 225 s, estimated 281 s, iters = {MDP: 607081}, opt = 2.988
> progress 81.494%, elapsed 228 s, estimated 279 s, iters = {MDP: 613620}, opt = 2.988
> progress 82.275%, elapsed 231 s, estimated 280 s, iters = {MDP: 624798}, opt = 2.988
> progress 85.07%, elapsed 234 s, estimated 275 s, iters = {MDP: 636971}, opt = 2.988
> progress 87.866%, elapsed 237 s, estimated 269 s, iters = {MDP: 649476}, opt = 2.988
2024-02-20 10:11:38,269 - synthesizer_ar_storm.py - Pausing synthesis
2024-02-20 10:11:38,369 - storm_pomdp_control.py - Interactive Storm resumed
2024-02-20 10:11:38,370 - storm_pomdp_control.py - Storm already terminated.

------------------------------------

PAYNT results: 
2.9875565067677643
controller size: 24

Storm results: 
50.37751897312773
controller size: 58

------------------------------------

2024-02-20 10:11:38,370 - synthesizer_pomdp.py - Timeout for PAYNT started
2024-02-20 10:11:39,271 - synthesizer_ar_storm.py - Resuming synthesis
2024-02-20 10:11:39,271 - synthesizer_ar_storm.py - Applying family split according to Storm results
2024-02-20 10:11:39,271 - synthesizer_ar_storm.py - State after Storm splitting: Main families - 0, Subfamilies - 9
> progress 90.264%, elapsed 240 s, estimated 265 s, iters = {MDP: 661337}, opt = 2.988
> progress 91.995%, elapsed 243 s, estimated 264 s, iters = {MDP: 672170}, opt = 2.988
2024-02-20 10:11:45,415 - synthesizer.py - synthesis finished, printing synthesized assignment below:
2024-02-20 10:11:45,415 - synthesizer.py - A(0,0)={'(stand-up)'}, A(0,1)={'(listen)'}, M(0,0)=0, M(0,1)=0, A(1,0)={'(listen)'}, A(1,1)={'(stand-up)'}, M(1,0)=1, M(1,1)=1, A(2,0)={'(open-right)'}, A(2,1)={'(listen)'}, M(2,0)=1, M(2,1)=1, A(3,0)={'(open-right)'}, A(3,1)={'(listen)'}, M(3,0)=1, M(3,1)=1, M(4,0)=1, A(5,0)={'(stand-up)'}, A(5,1)={'(listen)'}, M(5,0)=1, M(5,1)=1
2024-02-20 10:11:45,416 - synthesizer.py - double-checking specification satisfiability:  : 2.9875565067677643
2024-02-20 10:11:45,416 - synthesizer_pomdp.py - Added memory nodes for observation based on Storm data
2024-02-20 10:11:45,416 - pomdp.py - unfolding POMDP using the following memory allocation vector: [3, 3, 3, 3, 2, 3, 1] ...
2024-02-20 10:11:45,417 - pomdp.py - constructed quotient MDP having 39 states and 439 actions.
2024-02-20 10:11:45,424 - storm_pomdp_control.py - Main family based on data from Storm: reduced design space from 138663194171277312 to 528958107648
2024-02-20 10:11:45,425 - synthesizer.py - synthesis initiated, design space: 138663194171277312
-----------PAYNT-----------                     
Value = 4.146865796637865 | Time elapsed = 255.1s | FSC size = 36

-----------PAYNT-----------                     
Value = 4.828492931141717 | Time elapsed = 255.3s | FSC size = 36

-----------PAYNT-----------                     
Value = 8.52810214571101 | Time elapsed = 255.3s | FSC size = 36

-----------PAYNT-----------                     
Value = 8.881903135931564 | Time elapsed = 255.4s | FSC size = 36

-----------PAYNT-----------                     
Value = 11.898027020045614 | Time elapsed = 255.4s | FSC size = 36

-----------PAYNT-----------                     
Value = 11.903524374533806 | Time elapsed = 255.4s | FSC size = 36

> progress 0.0%, elapsed 3 s, estimated 43145671 s (1 year), iters = {MDP: 8268}, opt = 11.904
-----------PAYNT-----------                     
Value = 21.170877964295155 | Time elapsed = 257.8s | FSC size = 36

-----------PAYNT-----------                     
Value = 22.687880247832844 | Time elapsed = 257.8s | FSC size = 36

-----------PAYNT-----------                     
Value = 22.721336798407137 | Time elapsed = 257.8s | FSC size = 36

-----------PAYNT-----------                     
Value = 24.54716506154812 | Time elapsed = 257.8s | FSC size = 36

-----------PAYNT-----------                     
Value = 26.746938585961985 | Time elapsed = 257.9s | FSC size = 36

-----------PAYNT-----------                     
Value = 26.78095388694398 | Time elapsed = 257.9s | FSC size = 36

-----------PAYNT-----------                     
Value = 28.69178528963161 | Time elapsed = 257.9s | FSC size = 36

> progress 0.0%, elapsed 6 s, estimated 70343884 s (2 years), iters = {MDP: 15439}, opt = 28.692
-----------PAYNT-----------                     
Value = 28.73110604018403 | Time elapsed = 260.2s | FSC size = 36

> progress 0.0%, elapsed 9 s, estimated 67707166 s (2 years), iters = {MDP: 23932}, opt = 28.731
> progress 0.0%, elapsed 12 s, estimated 32378138 s (1 year), iters = {MDP: 31823}, opt = 28.731
> progress 0.0%, elapsed 15 s, estimated 34974092 s (1 year), iters = {MDP: 39841}, opt = 28.731
> progress 0.0%, elapsed 18 s, estimated 39592064 s (1 year), iters = {MDP: 48188}, opt = 28.731
> progress 0.0%, elapsed 21 s, estimated 43019198 s (1 year), iters = {MDP: 57151}, opt = 28.731
> progress 0.0%, elapsed 24 s, estimated 46380996 s (1 year), iters = {MDP: 66689}, opt = 28.731
> progress 0.0%, elapsed 27 s, estimated 48626188 s (1 year), iters = {MDP: 76938}, opt = 28.731
> progress 0.0%, elapsed 30 s, estimated 49398615 s (1 year), iters = {MDP: 86887}, opt = 28.731
> progress 0.0%, elapsed 33 s, estimated 47055500 s (1 year), iters = {MDP: 95978}, opt = 28.731
> progress 0.0%, elapsed 36 s, estimated 44550955 s (1 year), iters = {MDP: 105398}, opt = 28.731
> progress 0.0%, elapsed 39 s, estimated 39977079 s (1 year), iters = {MDP: 113885}, opt = 28.731
> progress 0.0%, elapsed 42 s, estimated 37422054 s (1 year), iters = {MDP: 122812}, opt = 28.731
> progress 0.0%, elapsed 45 s, estimated 37099095 s (1 year), iters = {MDP: 130978}, opt = 28.731
> progress 0.0%, elapsed 48 s, estimated 35772041 s (1 year), iters = {MDP: 140156}, opt = 28.731
> progress 0.0%, elapsed 51 s, estimated 36229024 s (1 year), iters = {MDP: 149728}, opt = 28.731
> progress 0.0%, elapsed 54 s, estimated 33839515 s (1 year), iters = {MDP: 158703}, opt = 28.731
> progress 0.0%, elapsed 57 s, estimated 34981407 s (1 year), iters = {MDP: 166833}, opt = 28.731
> progress 0.0%, elapsed 60 s, estimated 35365114 s (1 year), iters = {MDP: 176482}, opt = 28.731
> progress 0.0%, elapsed 63 s, estimated 36616799 s (1 year), iters = {MDP: 185829}, opt = 28.731
> progress 0.0%, elapsed 66 s, estimated 37665104 s (1 year), iters = {MDP: 194448}, opt = 28.731
> progress 0.0%, elapsed 69 s, estimated 38556181 s (1 year), iters = {MDP: 203350}, opt = 28.731
> progress 0.0%, elapsed 72 s, estimated 38786379 s (1 year), iters = {MDP: 212037}, opt = 28.731
> progress 0.0%, elapsed 75 s, estimated 38439033 s (1 year), iters = {MDP: 221598}, opt = 28.731
> progress 0.0%, elapsed 78 s, estimated 38686381 s (1 year), iters = {MDP: 231136}, opt = 28.731
> progress 0.0%, elapsed 81 s, estimated 39659420 s (1 year), iters = {MDP: 240802}, opt = 28.731
> progress 0.0%, elapsed 84 s, estimated 40512491 s (1 year), iters = {MDP: 249571}, opt = 28.731
> progress 0.0%, elapsed 87 s, estimated 41222104 s (1 year), iters = {MDP: 258848}, opt = 28.731
> progress 0.0%, elapsed 90 s, estimated 41565975 s (1 year), iters = {MDP: 268067}, opt = 28.731
> progress 0.0%, elapsed 93 s, estimated 42318070 s (1 year), iters = {MDP: 278473}, opt = 28.731
> progress 0.0%, elapsed 96 s, estimated 42851678 s (1 year), iters = {MDP: 288595}, opt = 28.731
> progress 0.0%, elapsed 99 s, estimated 42383978 s (1 year), iters = {MDP: 298875}, opt = 28.731
> progress 0.0%, elapsed 102 s, estimated 39819125 s (1 year), iters = {MDP: 306039}, opt = 28.731
> progress 0.0%, elapsed 105 s, estimated 40096490 s (1 year), iters = {MDP: 313633}, opt = 28.731
> progress 0.0%, elapsed 108 s, estimated 40016922 s (1 year), iters = {MDP: 321565}, opt = 28.731
> progress 0.0%, elapsed 111 s, estimated 37633013 s (1 year), iters = {MDP: 330018}, opt = 28.731
2024-02-20 10:13:38,377 - synthesizer_ar_storm.py - Pausing synthesis
2024-02-20 10:13:38,476 - storm_pomdp_control.py - Interactive Storm resumed
2024-02-20 10:13:38,477 - storm_pomdp_control.py - Storm already terminated.

------------------------------------

PAYNT results: 
28.73110604018403
controller size: 36

Storm results: 
50.37751897312773
controller size: 58

------------------------------------

2024-02-20 10:13:38,477 - synthesizer_pomdp.py - Timeout for PAYNT started
2024-02-20 10:13:39,378 - synthesizer_ar_storm.py - Resuming synthesis
2024-02-20 10:13:39,378 - synthesizer_ar_storm.py - Applying family split according to Storm results
2024-02-20 10:13:39,378 - storm_pomdp_control.py - Main family based on data from Storm: reduced design space from 88159684608 to 88159684608
2024-02-20 10:13:39,379 - storm_pomdp_control.py - Main family based on data from Storm: reduced design space from 14693280768 to 14693280768
2024-02-20 10:13:39,379 - storm_pomdp_control.py - Main family based on data from Storm: reduced design space from 4897760256 to 4897760256
2024-02-20 10:13:39,379 - storm_pomdp_control.py - Main family based on data from Storm: reduced design space from 4897760256 to 4897760256
2024-02-20 10:13:39,379 - storm_pomdp_control.py - Main family based on data from Storm: reduced design space from 272097792 to 272097792
2024-02-20 10:13:39,379 - storm_pomdp_control.py - Main family based on data from Storm: reduced design space from 272097792 to 272097792
2024-02-20 10:13:39,379 - storm_pomdp_control.py - Main family based on data from Storm: reduced design space from 90699264 to 90699264
2024-02-20 10:13:39,380 - storm_pomdp_control.py - Main family based on data from Storm: reduced design space from 90699264 to 90699264
2024-02-20 10:13:39,380 - storm_pomdp_control.py - Main family based on data from Storm: reduced design space from 22674816 to 22674816
2024-02-20 10:13:39,380 - storm_pomdp_control.py - Main family based on data from Storm: reduced design space from 11337408 to 11337408
2024-02-20 10:13:39,380 - storm_pomdp_control.py - Main family based on data from Storm: reduced design space from 2834352 to 2834352
2024-02-20 10:13:39,380 - storm_pomdp_control.py - Main family based on data from Storm: reduced design space from 1417176 to 1417176
2024-02-20 10:13:39,380 - storm_pomdp_control.py - Main family based on data from Storm: reduced design space from 1417176 to 1417176
2024-02-20 10:13:39,380 - synthesizer_ar_storm.py - State after Storm splitting: Main families - 13, Subfamilies - 0
> progress 0.0%, elapsed 114 s, estimated 37328081 s (1 year), iters = {MDP: 339892}, opt = 28.731
> progress 0.0%, elapsed 117 s, estimated 36820117 s (1 year), iters = {MDP: 349051}, opt = 28.731
> progress 0.0%, elapsed 120 s, estimated 37039016 s (1 year), iters = {MDP: 357944}, opt = 28.731
> progress 0.0%, elapsed 123 s, estimated 37504057 s (1 year), iters = {MDP: 366518}, opt = 28.731
> progress 0.0%, elapsed 126 s, estimated 38111023 s (1 year), iters = {MDP: 375289}, opt = 28.731
> progress 0.0%, elapsed 129 s, estimated 38685789 s (1 year), iters = {MDP: 384886}, opt = 28.731
> progress 0.0%, elapsed 132 s, estimated 39020809 s (1 year), iters = {MDP: 394915}, opt = 28.731
> progress 0.0%, elapsed 135 s, estimated 39257811 s (1 year), iters = {MDP: 404657}, opt = 28.731
> progress 0.0%, elapsed 138 s, estimated 39665593 s (1 year), iters = {MDP: 412588}, opt = 28.731
> progress 0.0%, elapsed 141 s, estimated 40084048 s (1 year), iters = {MDP: 420067}, opt = 28.731
> progress 0.0%, elapsed 144 s, estimated 38710634 s (1 year), iters = {MDP: 429989}, opt = 28.731
2024-02-20 10:14:11,645 - synthesizer.py - synthesis finished, printing synthesized assignment below:
2024-02-20 10:14:11,645 - synthesizer.py - A(0,0)={'(listen)'}, A(0,1)={'(listen)'}, A(0,2)={'(stand-up)'}, M(0,0)=2, M(0,1)=2, M(0,2)=1, A(1,0)={'(listen)'}, A(1,1)={'(stand-up)'}, A(1,2)={'(listen)'}, M(1,0)=1, M(1,1)=2, M(1,2)=1, A(2,0)={'(open-right)'}, A(2,1)={'(open-right)'}, A(2,2)={'(open-left)'}, M(2,0)=0, M(2,1)=0, M(2,2)=0, A(3,0)={'(open-left)'}, A(3,1)={'(open-right)'}, A(3,2)={'(open-left)'}, M(3,0)=0, M(3,1)=0, M(3,2)=0, M(4,0)=2, M(4,1)=0, A(5,0)={'(listen)'}, A(5,1)={'(listen)'}, A(5,2)={'(listen)'}, M(5,0)=2, M(5,1)=2, M(5,2)=0
2024-02-20 10:14:11,646 - synthesizer.py - double-checking specification satisfiability:  : 28.73110604018403
2024-02-20 10:14:11,646 - synthesizer_pomdp.py - Added memory nodes for observation based on Storm data
2024-02-20 10:14:11,646 - pomdp.py - unfolding POMDP using the following memory allocation vector: [4, 4, 4, 4, 3, 4, 1] ...
2024-02-20 10:14:11,647 - pomdp.py - constructed quotient MDP having 52 states and 781 actions.
2024-02-20 10:14:11,660 - storm_pomdp_control.py - Main family based on data from Storm: reduced design space from 77371252455336267181195264 to 4611686018427387904
2024-02-20 10:14:11,660 - synthesizer.py - synthesis initiated, design space: 77371252455336267181195264
> progress 0.0%, elapsed 3 s, estimated 50629457448 s (1605 years), iters = {MDP: 7516}, opt = 28.731
> progress 0.0%, elapsed 6 s, estimated 100740045001 s (3194 years), iters = {MDP: 14463}, opt = 28.731
> progress 0.0%, elapsed 9 s, estimated 150066282668 s (4758 years), iters = {MDP: 20837}, opt = 28.731
> progress 0.0%, elapsed 12 s, estimated 198739586414 s (6301 years), iters = {MDP: 27745}, opt = 28.731
> progress 0.0%, elapsed 15 s, estimated 246684005882 s (7822 years), iters = {MDP: 34798}, opt = 28.731
> progress 0.0%, elapsed 18 s, estimated 294708509569 s (9345 years), iters = {MDP: 41529}, opt = 28.731
> progress 0.0%, elapsed 21 s, estimated 342498547686 s (10860 years), iters = {MDP: 48811}, opt = 28.731
> progress 0.0%, elapsed 24 s, estimated 389795779843 s (12360 years), iters = {MDP: 56699}, opt = 28.731
> progress 0.0%, elapsed 27 s, estimated 437254053558 s (13865 years), iters = {MDP: 64700}, opt = 28.731
> progress 0.0%, elapsed 30 s, estimated 483034881249 s (15316 years), iters = {MDP: 71805}, opt = 28.731
> progress 0.0%, elapsed 33 s, estimated 528855004252 s (16769 years), iters = {MDP: 79263}, opt = 28.731
> progress 0.0%, elapsed 36 s, estimated 574455428633 s (18215 years), iters = {MDP: 88002}, opt = 28.731
> progress 0.0%, elapsed 39 s, estimated 621779608164 s (19716 years), iters = {MDP: 94687}, opt = 28.731
> progress 0.0%, elapsed 42 s, estimated 668211613419 s (21188 years), iters = {MDP: 102499}, opt = 28.731
> progress 0.0%, elapsed 45 s, estimated 714183340852 s (22646 years), iters = {MDP: 110471}, opt = 28.731
> progress 0.0%, elapsed 48 s, estimated 761589813017 s (24149 years), iters = {MDP: 116878}, opt = 28.731
> progress 0.0%, elapsed 51 s, estimated 807760955250 s (25613 years), iters = {MDP: 124187}, opt = 28.731
> progress 0.0%, elapsed 54 s, estimated 854543695963 s (27097 years), iters = {MDP: 132181}, opt = 28.731
> progress 0.0%, elapsed 57 s, estimated 900456074087 s (28553 years), iters = {MDP: 140530}, opt = 28.731
> progress 0.0%, elapsed 60 s, estimated 947806571986 s (30054 years), iters = {MDP: 148065}, opt = 28.731
> progress 0.0%, elapsed 63 s, estimated 993765370103 s (31512 years), iters = {MDP: 156412}, opt = 28.731
> progress 0.0%, elapsed 66 s, estimated 1041015275492 s (33010 years), iters = {MDP: 164157}, opt = 28.731
> progress 0.0%, elapsed 69 s, estimated 1085239827065 s (34412 years), iters = {MDP: 171261}, opt = 28.731
> progress 0.0%, elapsed 72 s, estimated 1132244262668 s (35903 years), iters = {MDP: 178271}, opt = 28.731
> progress 0.0%, elapsed 75 s, estimated 1178640984615 s (37374 years), iters = {MDP: 185338}, opt = 28.731
> progress 0.0%, elapsed 78 s, estimated 1225537870310 s (38861 years), iters = {MDP: 191369}, opt = 28.731
-----------PAYNT-----------                     
Value = 31.583932963040297 | Time elapsed = 479.9s | FSC size = 48

-----------PAYNT-----------                     
Value = 31.61402088013775 | Time elapsed = 479.9s | FSC size = 48

> progress 0.0%, elapsed 81 s, estimated 1272642672998 s (40355 years), iters = {MDP: 198033}, opt = 31.614
> progress 0.0%, elapsed 84 s, estimated 1317590157290 s (41780 years), iters = {MDP: 203476}, opt = 31.614
2024-02-20 10:15:38,512 - synthesizer_ar_storm.py - Pausing synthesis
2024-02-20 10:15:38,611 - storm_pomdp_control.py - Interactive Storm resumed
2024-02-20 10:15:38,611 - storm_pomdp_control.py - Storm already terminated.

------------------------------------

PAYNT results: 
31.61402088013775
controller size: 48

Storm results: 
50.37751897312773
controller size: 58

------------------------------------

2024-02-20 10:15:38,612 - synthesizer_pomdp.py - Timeout for PAYNT started
2024-02-20 10:15:39,514 - synthesizer_ar_storm.py - Resuming synthesis
2024-02-20 10:15:39,514 - synthesizer_ar_storm.py - Applying family split according to Storm results
2024-02-20 10:15:39,514 - storm_pomdp_control.py - Main family based on data from Storm: reduced design space from 2305843009213693952 to 2305843009213693952
2024-02-20 10:15:39,514 - storm_pomdp_control.py - Main family based on data from Storm: reduced design space from 1152921504606846976 to 1152921504606846976
2024-02-20 10:15:39,515 - storm_pomdp_control.py - Main family based on data from Storm: reduced design space from 576460752303423488 to 576460752303423488
2024-02-20 10:15:39,515 - storm_pomdp_control.py - Main family based on data from Storm: reduced design space from 288230376151711744 to 288230376151711744
2024-02-20 10:15:39,515 - storm_pomdp_control.py - Main family based on data from Storm: reduced design space from 144115188075855872 to 144115188075855872
2024-02-20 10:15:39,515 - storm_pomdp_control.py - Main family based on data from Storm: reduced design space from 72057594037927936 to 72057594037927936
2024-02-20 10:15:39,515 - storm_pomdp_control.py - Main family based on data from Storm: reduced design space from 36028797018963968 to 36028797018963968
2024-02-20 10:15:39,516 - storm_pomdp_control.py - Main family based on data from Storm: reduced design space from 18014398509481984 to 18014398509481984
2024-02-20 10:15:39,516 - storm_pomdp_control.py - Main family based on data from Storm: reduced design space from 9007199254740992 to 9007199254740992
2024-02-20 10:15:39,516 - storm_pomdp_control.py - Main family based on data from Storm: reduced design space from 2251799813685248 to 2251799813685248
2024-02-20 10:15:39,516 - storm_pomdp_control.py - Main family based on data from Storm: reduced design space from 1125899906842624 to 1125899906842624
2024-02-20 10:15:39,516 - storm_pomdp_control.py - Main family based on data from Storm: reduced design space from 562949953421312 to 562949953421312
2024-02-20 10:15:39,516 - storm_pomdp_control.py - Main family based on data from Storm: reduced design space from 70368744177664 to 70368744177664
2024-02-20 10:15:39,517 - storm_pomdp_control.py - Main family based on data from Storm: reduced design space from 35184372088832 to 35184372088832
2024-02-20 10:15:39,517 - storm_pomdp_control.py - Main family based on data from Storm: reduced design space from 17592186044416 to 17592186044416
2024-02-20 10:15:39,517 - storm_pomdp_control.py - Main family based on data from Storm: reduced design space from 274877906944 to 274877906944
2024-02-20 10:15:39,517 - storm_pomdp_control.py - Main family based on data from Storm: reduced design space from 17179869184 to 17179869184
2024-02-20 10:15:39,517 - storm_pomdp_control.py - Main family based on data from Storm: reduced design space from 17179869184 to 17179869184
2024-02-20 10:15:39,517 - storm_pomdp_control.py - Main family based on data from Storm: reduced design space from 17179869184 to 17179869184
2024-02-20 10:15:39,518 - storm_pomdp_control.py - Main family based on data from Storm: reduced design space from 4294967296 to 4294967296
2024-02-20 10:15:39,518 - storm_pomdp_control.py - Main family based on data from Storm: reduced design space from 4294967296 to 4294967296
2024-02-20 10:15:39,518 - storm_pomdp_control.py - Main family based on data from Storm: reduced design space from 1073741824 to 1073741824
2024-02-20 10:15:39,518 - storm_pomdp_control.py - Main family based on data from Storm: reduced design space from 1073741824 to 1073741824
2024-02-20 10:15:39,518 - storm_pomdp_control.py - Main family based on data from Storm: reduced design space from 268435456 to 268435456
2024-02-20 10:15:39,518 - storm_pomdp_control.py - Main family based on data from Storm: reduced design space from 134217728 to 134217728
2024-02-20 10:15:39,518 - storm_pomdp_control.py - Main family based on data from Storm: reduced design space from 67108864 to 67108864
2024-02-20 10:15:39,519 - storm_pomdp_control.py - Main family based on data from Storm: reduced design space from 67108864 to 67108864
2024-02-20 10:15:39,519 - synthesizer_ar_storm.py - State after Storm splitting: Main families - 27, Subfamilies - 0
> progress 0.0%, elapsed 87 s, estimated 1361952164151 s (43187 years), iters = {MDP: 211178}, opt = 31.614
> progress 0.0%, elapsed 90 s, estimated 1407634955121 s (44635 years), iters = {MDP: 218491}, opt = 31.614
> progress 0.0%, elapsed 93 s, estimated 1453691419931 s (46096 years), iters = {MDP: 226488}, opt = 31.614
> progress 0.0%, elapsed 96 s, estimated 1500409005650 s (47577 years), iters = {MDP: 233065}, opt = 31.614
> progress 0.0%, elapsed 99 s, estimated 1545940773368 s (49021 years), iters = {MDP: 240357}, opt = 31.614
> progress 0.0%, elapsed 102 s, estimated 1592505577863 s (50498 years), iters = {MDP: 248296}, opt = 31.614
> progress 0.0%, elapsed 105 s, estimated 1638080343387 s (51943 years), iters = {MDP: 254976}, opt = 31.614
> progress 0.0%, elapsed 108 s, estimated 1682159213309 s (53340 years), iters = {MDP: 262112}, opt = 31.614
> progress 0.0%, elapsed 111 s, estimated 1728709182226 s (54817 years), iters = {MDP: 268507}, opt = 31.614
> progress 0.0%, elapsed 114 s, estimated 1775107247985 s (56288 years), iters = {MDP: 274667}, opt = 31.614
> progress 0.0%, elapsed 117 s, estimated 1820422474789 s (57725 years), iters = {MDP: 281291}, opt = 31.614
> progress 0.0%, elapsed 120 s, estimated 1866893592637 s (59198 years), iters = {MDP: 289413}, opt = 31.614
> progress 0.0%, elapsed 123 s, estimated 1906867154324 s (60466 years), iters = {MDP: 296875}, opt = 31.614
> progress 0.0%, elapsed 126 s, estimated 1952495253259 s (61913 years), iters = {MDP: 304049}, opt = 31.614
> progress 0.0%, elapsed 129 s, estimated 1998476582658 s (63371 years), iters = {MDP: 312196}, opt = 31.614
> progress 0.0%, elapsed 132 s, estimated 2044895090500 s (64843 years), iters = {MDP: 319500}, opt = 31.614
> progress 0.0%, elapsed 135 s, estimated 2081994681167 s (66019 years), iters = {MDP: 327986}, opt = 31.614
> progress 0.0%, elapsed 138 s, estimated 2119038553708 s (67194 years), iters = {MDP: 336902}, opt = 31.614
> progress 0.0%, elapsed 141 s, estimated 2163169174301 s (68593 years), iters = {MDP: 345438}, opt = 31.614
> progress 0.0%, elapsed 144 s, estimated 2207362471854 s (69995 years), iters = {MDP: 354473}, opt = 31.614
> progress 0.0%, elapsed 147 s, estimated 2251435445375 s (71392 years), iters = {MDP: 362567}, opt = 31.614
> progress 0.0%, elapsed 150 s, estimated 2297316163185 s (72847 years), iters = {MDP: 368923}, opt = 31.614
> progress 0.0%, elapsed 153 s, estimated 2342087701669 s (74267 years), iters = {MDP: 375668}, opt = 31.614
> progress 0.0%, elapsed 156 s, estimated 2387952016540 s (75721 years), iters = {MDP: 383109}, opt = 31.614
> progress 0.0%, elapsed 159 s, estimated 2433174369125 s (77155 years), iters = {MDP: 390638}, opt = 31.614
> progress 0.0%, elapsed 162 s, estimated 2475945556860 s (78511 years), iters = {MDP: 398528}, opt = 31.614
> progress 0.0%, elapsed 165 s, estimated 2521356260788 s (79951 years), iters = {MDP: 407078}, opt = 31.614
> progress 0.0%, elapsed 168 s, estimated 2566328282390 s (81377 years), iters = {MDP: 415182}, opt = 31.614
> progress 0.0%, elapsed 171 s, estimated 2612115324130 s (82829 years), iters = {MDP: 423638}, opt = 31.614
> progress 0.0%, elapsed 174 s, estimated 2617461945689 s (82999 years), iters = {MDP: 431259}, opt = 31.614
> progress 0.0%, elapsed 177 s, estimated 2658325195465 s (84294 years), iters = {MDP: 439534}, opt = 31.614
> progress 0.0%, elapsed 180 s, estimated 2696507446062 s (85505 years), iters = {MDP: 447246}, opt = 31.614
> progress 0.0%, elapsed 183 s, estimated 2738783966303 s (86846 years), iters = {MDP: 455491}, opt = 31.614
> progress 0.0%, elapsed 186 s, estimated 2776091679195 s (88029 years), iters = {MDP: 463198}, opt = 31.614
> progress 0.0%, elapsed 189 s, estimated 2814954041733 s (89261 years), iters = {MDP: 472441}, opt = 31.614
> progress 0.0%, elapsed 192 s, estimated 2857024466106 s (90595 years), iters = {MDP: 482123}, opt = 31.614
> progress 0.0%, elapsed 195 s, estimated 2858554475371 s (90644 years), iters = {MDP: 490866}, opt = 31.614
> progress 0.0%, elapsed 198 s, estimated 2899181895490 s (91932 years), iters = {MDP: 499683}, opt = 31.614
> progress 0.0%, elapsed 201 s, estimated 2942446906062 s (93304 years), iters = {MDP: 507210}, opt = 31.614
> progress 0.0%, elapsed 204 s, estimated 2984388690865 s (94634 years), iters = {MDP: 514965}, opt = 31.614
2024-02-20 10:17:38,718 - synthesizer_ar_storm.py - Pausing synthesis
2024-02-20 10:17:38,818 - storm_pomdp_control.py - Interactive Storm resumed
2024-02-20 10:17:38,818 - storm_pomdp_control.py - Storm already terminated.

------------------------------------

PAYNT results: 
31.61402088013775
controller size: 48

Storm results: 
50.37751897312773
controller size: 58

------------------------------------

2024-02-20 10:17:39,719 - synthesizer_ar_storm.py - Terminating controller synthesis
2024-02-20 10:17:39,720 - synthesizer.py - synthesis finished, printing synthesized assignment below:
2024-02-20 10:17:39,720 - synthesizer.py - A(0,0)={'(stand-up)'}, A(0,1)={'(listen)'}, A(0,2)={'(listen)'}, A(0,3)={'(listen)'}, M(0,0)=0, M(0,1)=0, M(0,2)=1, M(0,3)=3, A(1,0)={'(listen)'}, A(1,1)={'(listen)'}, A(1,2)={'(stand-up)'}, A(1,3)={'(listen)'}, M(1,0)=1, M(1,1)=2, M(1,2)=3, M(1,3)=1, A(2,0)={'(open-right)'}, A(2,1)={'(open-right)'}, A(2,2)={'(open-right)'}, A(2,3)={'(open-left)'}, M(2,0)=3, M(2,1)=3, M(2,2)=0, M(2,3)=3, A(3,0)={'(open-right)'}, A(3,1)={'(open-left)'}, A(3,2)={'(open-left)'}, A(3,3)={'(open-left)'}, M(3,0)=3, M(3,1)=3, M(3,2)=0, M(3,3)=3, M(4,0)=3, M(4,1)=0, M(4,2)=0, A(5,0)={'(listen)'}, A(5,1)={'(listen)'}, A(5,2)={'(listen)'}, A(5,3)={'(listen)'}, M(5,0)=3, M(5,1)=3, M(5,2)=3, M(5,3)=1
2024-02-20 10:17:39,720 - synthesizer.py - double-checking specification satisfiability:  : 31.61402088013775
2024-02-20 10:17:39,721 - storm_pomdp_control.py - Storm POMDP analysis completed

------------------------------------

PAYNT results: 
31.61402088013775
controller size: 48

Storm results: 
50.37751897312773
controller size: 58

------------------------------------

