2021-02-06 16:58:30,848 MainThread - dynasty.family_checkers.familychecker - INFO - Load sketch from /home/maria/synthesis/workspace/examples/dice/copy/sketch.templ with constants 
2021-02-06 16:58:30,849 MainThread - dynasty.family_checkers.familychecker - DEBUG - Load properties from file.
2021-02-06 16:58:30,850 MainThread - dynasty.family_checkers.familychecker - DEBUG - Load constants ''
2021-02-06 16:58:30,850 MainThread - dynasty.family_checkers.familychecker - DEBUG - Load constants ''
2021-02-06 16:58:30,850 MainThread - dynasty.family_checkers.familychecker - DEBUG - Search for holes in sketch...
2021-02-06 16:58:30,850 MainThread - dynasty.family_checkers.familychecker - DEBUG - Holes found: ['s0a', 's0b', 's0c', 's3a', 's3b', 's3c', 's4a', 's4b', 's4c']
2021-02-06 16:58:30,850 MainThread - dynasty.family_checkers.familychecker - DEBUG - Load constants ''
2021-02-06 16:58:30,851 MainThread - dynasty.family_checkers.familychecker - DEBUG - Template variables: HoleOptions s0a: [0,1,2,3,4],s0b: [0,1,2,3,4],s0c: [0,1,2,3,4],s3a: [0,1,2,3,4],s3b: [0,1,2,3,4],s3c: [0,1,2,3,4],s4a: [0,1,2,3,4],s4b: [0,1,2,3,4],s4c: [0,1,2,3,4]
2021-02-06 16:58:30,851 MainThread - dynasty.family_checkers.cegis - INFO - Design space (without constraints): 1953125
2021-02-06 16:58:30,857 MainThread - dynasty.family_checkers.integrated_checker - INFO - Running feasibility synthesis.
2021-02-06 16:58:30,857 MainThread - dynasty.family_checkers.integrated_checker - DEBUG - Constructing quotient MDP of the superfamily.
2021-02-06 16:58:30,929 MainThread - dynasty.family_checkers.integrated_checker - DEBUG - Constructed MDP of size 5.
2021-02-06 16:58:30,938 MainThread - dynasty.family_checkers.integrated_checker - DEBUG - CEGAR: iteration 1.
2021-02-06 16:58:30,938 MainThread - dynasty.family_checkers.integrated_checker - DEBUG - CEGAR: analyzing family HoleOptions s0a: [0,1,2,3,4],s0b: [0,1,2,3,4],s0c: [0,1,2,3,4],s3a: [0,1,2,3,4],s3b: [0,1,2,3,4],s3c: [0,1,2,3,4],s4a: [0,1,2,3,4],s4b: [0,1,2,3,4],s4c: [0,1,2,3,4] of size 1953125.
2021-02-06 16:58:30,938 MainThread - dynasty.family_checkers.integrated_checker - DEBUG - Formula 0: UNDECIDED
2021-02-06 16:58:30,944 MainThread - /home/maria/synthesis/dynasty/dynasty/family_checkers/quotientbased.py - DEBUG - Oracle proposes a split at s0a
2021-02-06 16:58:30,944 MainThread - /home/maria/synthesis/dynasty/dynasty/family_checkers/quotientbased.py - DEBUG - Proposed (pre)split: [4] vs. [3]
2021-02-06 16:58:30,944 MainThread - /home/maria/synthesis/dynasty/dynasty/family_checkers/quotientbased.py - DEBUG - Splitting ['0', '1', '2', '3', '4']...
2021-02-06 16:58:30,944 MainThread - /home/maria/synthesis/dynasty/dynasty/family_checkers/quotientbased.py - DEBUG - Pre-splitted [<stormpy.storage.storage.Expression object at 0x7ff51bd252b0>] and [<stormpy.storage.storage.Expression object at 0x7ff51bd25270>]
2021-02-06 16:58:30,945 MainThread - /home/maria/synthesis/dynasty/dynasty/family_checkers/quotientbased.py - DEBUG - Now distribute [<stormpy.storage.storage.Expression object at 0x7ff51bd251b0>, <stormpy.storage.storage.Expression object at 0x7ff51bd251f0>, <stormpy.storage.storage.Expression object at 0x7ff51bd25230>]
2021-02-06 16:58:30,945 MainThread - /home/maria/synthesis/dynasty/dynasty/family_checkers/quotientbased.py - INFO - Splitting s0a into [1,2,4] and [0,3]
2021-02-06 16:58:30,945 MainThread - dynasty.family_checkers.integrated_checker - DEBUG - Initiating CEGAR--CEGIS loop
2021-02-06 16:58:30,945 MainThread - dynasty.family_checkers.integrated_checker - DEBUG - Current number of families: 1
2021-02-06 16:58:30,945 MainThread - dynasty.family_checkers.integrated_checker - DEBUG - CEGIS: analyzing family HoleOptions s0a: [0,1,2,3,4],s0b: [0,1,2,3,4],s0c: [0,1,2,3,4],s3a: [0,1,2,3,4],s3b: [0,1,2,3,4],s3c: [0,1,2,3,4],s4a: [0,1,2,3,4],s4b: [0,1,2,3,4],s4c: [0,1,2,3,4] of size 1953125.
2021-02-06 16:58:30,945 MainThread - dynasty.family_checkers.integrated_checker - DEBUG - CEGIS: preprocessing quotient MDP
2021-02-06 16:58:30,947 MainThread - dynasty.family_checkers.integrated_checker - DEBUG - Constructed DTMC of size 2.
2021-02-06 16:58:30,947 MainThread - dynasty.family_checkers.integrated_checker - DEBUG - CEGIS: iteration 1.
2021-02-06 16:58:30,947 MainThread - dynasty.family_checkers.integrated_checker - DEBUG - CEGIS: picked family member: HoleOptions s0a: [0],s0b: [0],s0c: [3],s3a: [0],s3b: [0],s3c: [0],s4a: [0],s4b: [0],s4c: [0].
2021-02-06 16:58:30,947 MainThread - dynasty.family_checkers.integrated_checker - DEBUG - Formula 0 is UNSAT
2021-02-06 16:58:30,947 MainThread - dynasty.family_checkers.integrated_checker - DEBUG - CEGIS: found conflict involving ['s0a', 's0b', 's0c', 's3a', 's3b', 's3c'] (generalized 3 holes).
2021-02-06 16:58:30,950 MainThread - dynasty.family_checkers.integrated_checker - DEBUG - Constructed DTMC of size 1.
2021-02-06 16:58:30,950 MainThread - dynasty.family_checkers.integrated_checker - DEBUG - CEGIS: iteration 2.
2021-02-06 16:58:30,950 MainThread - dynasty.family_checkers.integrated_checker - DEBUG - CEGIS: picked family member: HoleOptions s0a: [0],s0b: [0],s0c: [0],s3a: [0],s3b: [0],s3c: [0],s4a: [0],s4b: [0],s4c: [1].
2021-02-06 16:58:30,950 MainThread - dynasty.family_checkers.integrated_checker - DEBUG - Formula 0 is UNSAT
2021-02-06 16:58:30,950 MainThread - dynasty.family_checkers.integrated_checker - DEBUG - CEGIS: found conflict involving ['s0a', 's0b', 's0c'] (generalized 6 holes).
2021-02-06 16:58:30,954 MainThread - dynasty.family_checkers.integrated_checker - DEBUG - Constructed DTMC of size 2.
2021-02-06 16:58:30,954 MainThread - dynasty.family_checkers.integrated_checker - DEBUG - CEGIS: stage interrupted.
2021-02-06 16:58:30,954 MainThread - dynasty.family_checkers.integrated_checker - DEBUG - Current number of families: 1
2021-02-06 16:58:30,954 MainThread - dynasty.family_checkers.integrated_checker - DEBUG - Splitting the family.
2021-02-06 16:58:30,959 MainThread - dynasty.family_checkers.integrated_checker - DEBUG - Constructed two subfamilies of size 1171875 and 781250.
2021-02-06 16:58:30,959 MainThread - dynasty.family_checkers.integrated_checker - DEBUG - CEGAR: iteration 2.
2021-02-06 16:58:30,960 MainThread - dynasty.family_checkers.integrated_checker - DEBUG - Constructing quotient MDP for family HoleOptions s0a: [1,2,4],s0b: [0,1,2,3,4],s0c: [0,1,2,3,4],s3a: [0,1,2,3,4],s3b: [0,1,2,3,4],s3c: [0,1,2,3,4],s4a: [0,1,2,3,4],s4b: [0,1,2,3,4],s4c: [0,1,2,3,4].
2021-02-06 16:58:30,962 MainThread - dynasty.family_checkers.integrated_checker - DEBUG - Constructed MDP of size 5.
2021-02-06 16:58:30,962 MainThread - dynasty.family_checkers.integrated_checker - DEBUG - CEGAR: analyzing family HoleOptions s0a: [1,2,4],s0b: [0,1,2,3,4],s0c: [0,1,2,3,4],s3a: [0,1,2,3,4],s3b: [0,1,2,3,4],s3c: [0,1,2,3,4],s4a: [0,1,2,3,4],s4b: [0,1,2,3,4],s4c: [0,1,2,3,4] of size 1171875.
2021-02-06 16:58:30,962 MainThread - dynasty.family_checkers.integrated_checker - DEBUG - Formula 0: UNDECIDED
2021-02-06 16:58:30,962 MainThread - /home/maria/synthesis/dynasty/dynasty/family_checkers/quotientbased.py - DEBUG - Oracle proposes a split at s0b
2021-02-06 16:58:30,962 MainThread - /home/maria/synthesis/dynasty/dynasty/family_checkers/quotientbased.py - DEBUG - Proposed (pre)split: [2] vs. [3]
2021-02-06 16:58:30,962 MainThread - /home/maria/synthesis/dynasty/dynasty/family_checkers/quotientbased.py - DEBUG - Splitting ['0', '1', '2', '3', '4']...
2021-02-06 16:58:30,962 MainThread - /home/maria/synthesis/dynasty/dynasty/family_checkers/quotientbased.py - DEBUG - Pre-splitted [<stormpy.storage.storage.Expression object at 0x7ff51bd25430>] and [<stormpy.storage.storage.Expression object at 0x7ff51bd25470>]
2021-02-06 16:58:30,962 MainThread - /home/maria/synthesis/dynasty/dynasty/family_checkers/quotientbased.py - DEBUG - Now distribute [<stormpy.storage.storage.Expression object at 0x7ff51bd253b0>, <stormpy.storage.storage.Expression object at 0x7ff51bd253f0>, <stormpy.storage.storage.Expression object at 0x7ff51bd254b0>]
2021-02-06 16:58:30,963 MainThread - /home/maria/synthesis/dynasty/dynasty/family_checkers/quotientbased.py - INFO - Splitting s0b into [1,4,2] and [0,3]
2021-02-06 16:58:30,963 MainThread - dynasty.family_checkers.integrated_checker - DEBUG - CEGAR: undecided.
2021-02-06 16:58:30,963 MainThread - dynasty.family_checkers.integrated_checker - DEBUG - CEGAR: iteration 3.
2021-02-06 16:58:30,963 MainThread - dynasty.family_checkers.integrated_checker - DEBUG - Constructing quotient MDP for family HoleOptions s0a: [0,3],s0b: [0,1,2,3,4],s0c: [0,1,2,3,4],s3a: [0,1,2,3,4],s3b: [0,1,2,3,4],s3c: [0,1,2,3,4],s4a: [0,1,2,3,4],s4b: [0,1,2,3,4],s4c: [0,1,2,3,4].
2021-02-06 16:58:30,964 MainThread - dynasty.family_checkers.integrated_checker - DEBUG - Constructed MDP of size 5.
2021-02-06 16:58:30,964 MainThread - dynasty.family_checkers.integrated_checker - DEBUG - CEGAR: analyzing family HoleOptions s0a: [0,3],s0b: [0,1,2,3,4],s0c: [0,1,2,3,4],s3a: [0,1,2,3,4],s3b: [0,1,2,3,4],s3c: [0,1,2,3,4],s4a: [0,1,2,3,4],s4b: [0,1,2,3,4],s4c: [0,1,2,3,4] of size 781250.
2021-02-06 16:58:30,964 MainThread - dynasty.family_checkers.integrated_checker - DEBUG - Formula 0: UNDECIDED
2021-02-06 16:58:30,965 MainThread - /home/maria/synthesis/dynasty/dynasty/family_checkers/quotientbased.py - DEBUG - Oracle proposes a split at s0a
2021-02-06 16:58:30,965 MainThread - /home/maria/synthesis/dynasty/dynasty/family_checkers/quotientbased.py - DEBUG - Proposed (pre)split: [0] vs. [3]
2021-02-06 16:58:30,965 MainThread - /home/maria/synthesis/dynasty/dynasty/family_checkers/quotientbased.py - DEBUG - Splitting ['0', '3']...
2021-02-06 16:58:30,965 MainThread - /home/maria/synthesis/dynasty/dynasty/family_checkers/quotientbased.py - DEBUG - Pre-splitted [<stormpy.storage.storage.Expression object at 0x7ff51bd251b0>] and [<stormpy.storage.storage.Expression object at 0x7ff51bd25270>]
2021-02-06 16:58:30,965 MainThread - /home/maria/synthesis/dynasty/dynasty/family_checkers/quotientbased.py - DEBUG - Now distribute []
2021-02-06 16:58:30,965 MainThread - /home/maria/synthesis/dynasty/dynasty/family_checkers/quotientbased.py - INFO - Splitting s0a into [0] and [3]
2021-02-06 16:58:30,965 MainThread - dynasty.family_checkers.integrated_checker - DEBUG - CEGAR: undecided.
2021-02-06 16:58:30,965 MainThread - dynasty.family_checkers.integrated_checker - DEBUG - Current number of families: 2
2021-02-06 16:58:30,965 MainThread - dynasty.family_checkers.integrated_checker - DEBUG - CEGIS: analyzing family HoleOptions s0a: [0,3],s0b: [0,1,2,3,4],s0c: [0,1,2,3,4],s3a: [0,1,2,3,4],s3b: [0,1,2,3,4],s3c: [0,1,2,3,4],s4a: [0,1,2,3,4],s4b: [0,1,2,3,4],s4c: [0,1,2,3,4] of size 781250.
2021-02-06 16:58:30,965 MainThread - dynasty.family_checkers.integrated_checker - DEBUG - CEGIS: preprocessing quotient MDP
2021-02-06 16:58:30,966 MainThread - dynasty.family_checkers.integrated_checker - DEBUG - Constructed DTMC of size 2.
2021-02-06 16:58:30,966 MainThread - dynasty.family_checkers.integrated_checker - DEBUG - CEGIS: iteration 3.
2021-02-06 16:58:30,967 MainThread - dynasty.family_checkers.integrated_checker - DEBUG - CEGIS: picked family member: HoleOptions s0a: [0],s0b: [1],s0c: [0],s3a: [0],s3b: [0],s3c: [0],s4a: [0],s4b: [0],s4c: [1].
2021-02-06 16:58:30,967 MainThread - dynasty.family_checkers.integrated_checker - DEBUG - Formula 0 is UNSAT
2021-02-06 16:58:30,967 MainThread - dynasty.family_checkers.integrated_checker - DEBUG - CEGIS: found conflict involving ['s0a', 's0b', 's0c'] (generalized 6 holes).
2021-02-06 16:58:30,970 MainThread - dynasty.family_checkers.integrated_checker - DEBUG - Constructed DTMC of size 2.
2021-02-06 16:58:30,970 MainThread - dynasty.family_checkers.integrated_checker - DEBUG - CEGIS: iteration 4.
2021-02-06 16:58:30,970 MainThread - dynasty.family_checkers.integrated_checker - DEBUG - CEGIS: picked family member: HoleOptions s0a: [0],s0b: [2],s0c: [0],s3a: [0],s3b: [0],s3c: [0],s4a: [0],s4b: [0],s4c: [1].
2021-02-06 16:58:30,970 MainThread - dynasty.family_checkers.integrated_checker - DEBUG - Formula 0 is SAT
2021-02-06 16:58:30,970 MainThread - dynasty.family_checkers.integrated_checker - DEBUG - CEGIS: some is SAT.
2021-02-06 16:58:30,970 MainThread - dynasty.family_checkers.integrated_checker - INFO - Found satisfying assignment: s0a=0,s0b=2,s0c=0,s3a=0,s3b=0,s3c=0,s4a=0,s4b=0,s4c=1
2021-02-06 16:58:38,224 MainThread - dynasty.family_checkers.familychecker - INFO - Load sketch from /home/maria/synthesis/workspace/examples/dice/copy/sketch.templ with constants 
2021-02-06 16:58:38,225 MainThread - dynasty.family_checkers.familychecker - DEBUG - Load properties from file.
2021-02-06 16:58:38,225 MainThread - dynasty.family_checkers.familychecker - DEBUG - Load constants ''
2021-02-06 16:58:38,226 MainThread - dynasty.family_checkers.familychecker - DEBUG - Load constants ''
2021-02-06 16:58:38,226 MainThread - dynasty.family_checkers.familychecker - DEBUG - Search for holes in sketch...
2021-02-06 16:58:38,226 MainThread - dynasty.family_checkers.familychecker - DEBUG - Holes found: ['s0a', 's0b', 's0c', 's3a', 's3b', 's3c', 's4a', 's4b', 's4c']
2021-02-06 16:58:38,226 MainThread - dynasty.family_checkers.familychecker - DEBUG - Load constants ''
2021-02-06 16:58:38,227 MainThread - dynasty.family_checkers.familychecker - DEBUG - Template variables: HoleOptions s0a: [0,1,2,3,4],s0b: [0,1,2,3,4],s0c: [0,1,2,3,4],s3a: [0,1,2,3,4],s3b: [0,1,2,3,4],s3c: [0,1,2,3,4],s4a: [0,1,2,3,4],s4b: [0,1,2,3,4],s4c: [0,1,2,3,4]
2021-02-06 16:58:38,227 MainThread - dynasty.family_checkers.cegis - INFO - Design space (without constraints): 1953125
2021-02-06 16:58:38,233 MainThread - dynasty.family_checkers.integrated_checker - INFO - Running feasibility synthesis.
2021-02-06 16:58:38,233 MainThread - dynasty.family_checkers.integrated_checker - DEBUG - Constructing quotient MDP of the superfamily.
2021-02-06 16:58:38,302 MainThread - dynasty.family_checkers.integrated_checker - DEBUG - Constructed MDP of size 5.
2021-02-06 16:58:38,310 MainThread - dynasty.family_checkers.integrated_checker - DEBUG - CEGAR: iteration 1.
2021-02-06 16:58:38,310 MainThread - dynasty.family_checkers.integrated_checker - DEBUG - CEGAR: analyzing family HoleOptions s0a: [0,1,2,3,4],s0b: [0,1,2,3,4],s0c: [0,1,2,3,4],s3a: [0,1,2,3,4],s3b: [0,1,2,3,4],s3c: [0,1,2,3,4],s4a: [0,1,2,3,4],s4b: [0,1,2,3,4],s4c: [0,1,2,3,4] of size 1953125.
2021-02-06 16:58:38,310 MainThread - dynasty.family_checkers.integrated_checker - DEBUG - Formula 0: UNDECIDED
2021-02-06 16:58:38,316 MainThread - /home/maria/synthesis/dynasty/dynasty/family_checkers/quotientbased.py - DEBUG - Oracle proposes a split at s0a
2021-02-06 16:58:38,316 MainThread - /home/maria/synthesis/dynasty/dynasty/family_checkers/quotientbased.py - DEBUG - Proposed (pre)split: [2] vs. [4]
2021-02-06 16:58:38,316 MainThread - /home/maria/synthesis/dynasty/dynasty/family_checkers/quotientbased.py - DEBUG - Splitting ['0', '1', '2', '3', '4']...
2021-02-06 16:58:38,317 MainThread - /home/maria/synthesis/dynasty/dynasty/family_checkers/quotientbased.py - DEBUG - Pre-splitted [<stormpy.storage.storage.Expression object at 0x7f674a45a7b0>] and [<stormpy.storage.storage.Expression object at 0x7f674a45a830>]
2021-02-06 16:58:38,317 MainThread - /home/maria/synthesis/dynasty/dynasty/family_checkers/quotientbased.py - DEBUG - Now distribute [<stormpy.storage.storage.Expression object at 0x7f674a45a730>, <stormpy.storage.storage.Expression object at 0x7f674a45a770>, <stormpy.storage.storage.Expression object at 0x7f674a45a7f0>]
2021-02-06 16:58:38,317 MainThread - /home/maria/synthesis/dynasty/dynasty/family_checkers/quotientbased.py - INFO - Splitting s0a into [1,3,2] and [0,4]
2021-02-06 16:58:38,317 MainThread - dynasty.family_checkers.integrated_checker - DEBUG - Initiating CEGAR--CEGIS loop
2021-02-06 16:58:38,317 MainThread - dynasty.family_checkers.integrated_checker - DEBUG - Current number of families: 1
2021-02-06 16:58:38,317 MainThread - dynasty.family_checkers.integrated_checker - DEBUG - CEGIS: analyzing family HoleOptions s0a: [0,1,2,3,4],s0b: [0,1,2,3,4],s0c: [0,1,2,3,4],s3a: [0,1,2,3,4],s3b: [0,1,2,3,4],s3c: [0,1,2,3,4],s4a: [0,1,2,3,4],s4b: [0,1,2,3,4],s4c: [0,1,2,3,4] of size 1953125.
2021-02-06 16:58:38,317 MainThread - dynasty.family_checkers.integrated_checker - DEBUG - CEGIS: preprocessing quotient MDP
2021-02-06 16:58:38,319 MainThread - dynasty.family_checkers.integrated_checker - DEBUG - Constructed DTMC of size 2.
2021-02-06 16:58:38,319 MainThread - dynasty.family_checkers.integrated_checker - DEBUG - CEGIS: iteration 1.
2021-02-06 16:58:38,319 MainThread - dynasty.family_checkers.integrated_checker - DEBUG - CEGIS: picked family member: HoleOptions s0a: [0],s0b: [0],s0c: [3],s3a: [0],s3b: [0],s3c: [0],s4a: [0],s4b: [0],s4c: [0].
2021-02-06 16:58:38,319 MainThread - dynasty.family_checkers.integrated_checker - DEBUG - Formula 0 is UNSAT
2021-02-06 16:59:27,441 MainThread - dynasty.family_checkers.familychecker - INFO - Load sketch from /home/maria/synthesis/workspace/examples/dice/copy/sketch.templ with constants 
2021-02-06 16:59:27,442 MainThread - dynasty.family_checkers.familychecker - DEBUG - Load properties from file.
2021-02-06 16:59:27,442 MainThread - dynasty.family_checkers.familychecker - DEBUG - Load constants ''
2021-02-06 16:59:27,442 MainThread - dynasty.family_checkers.familychecker - DEBUG - Load constants ''
2021-02-06 16:59:27,442 MainThread - dynasty.family_checkers.familychecker - DEBUG - Search for holes in sketch...
2021-02-06 16:59:27,443 MainThread - dynasty.family_checkers.familychecker - DEBUG - Holes found: ['s0a', 's0b', 's0c', 's3a', 's3b', 's3c', 's4a', 's4b', 's4c']
2021-02-06 16:59:27,443 MainThread - dynasty.family_checkers.familychecker - DEBUG - Load constants ''
2021-02-06 16:59:27,443 MainThread - dynasty.family_checkers.familychecker - DEBUG - Template variables: HoleOptions s0a: [0,1,2,3,4],s0b: [0,1,2,3,4],s0c: [0,1,2,3,4],s3a: [0,1,2,3,4],s3b: [0,1,2,3,4],s3c: [0,1,2,3,4],s4a: [0,1,2,3,4],s4b: [0,1,2,3,4],s4c: [0,1,2,3,4]
2021-02-06 16:59:27,443 MainThread - dynasty.family_checkers.cegis - INFO - Design space (without constraints): 1953125
2021-02-06 16:59:27,450 MainThread - dynasty.family_checkers.integrated_checker - INFO - Running feasibility synthesis.
2021-02-06 16:59:27,450 MainThread - dynasty.family_checkers.integrated_checker - DEBUG - Constructing quotient MDP of the superfamily.
2021-02-06 16:59:27,519 MainThread - dynasty.family_checkers.integrated_checker - DEBUG - Constructed MDP of size 5.
2021-02-06 16:59:27,527 MainThread - dynasty.family_checkers.integrated_checker - DEBUG - CEGAR: iteration 1.
2021-02-06 16:59:27,527 MainThread - dynasty.family_checkers.integrated_checker - DEBUG - CEGAR: analyzing family HoleOptions s0a: [0,1,2,3,4],s0b: [0,1,2,3,4],s0c: [0,1,2,3,4],s3a: [0,1,2,3,4],s3b: [0,1,2,3,4],s3c: [0,1,2,3,4],s4a: [0,1,2,3,4],s4b: [0,1,2,3,4],s4c: [0,1,2,3,4] of size 1953125.
2021-02-06 16:59:27,528 MainThread - dynasty.family_checkers.integrated_checker - DEBUG - Formula 0: UNDECIDED
2021-02-06 16:59:27,534 MainThread - /home/maria/synthesis/dynasty/dynasty/family_checkers/quotientbased.py - DEBUG - Oracle proposes a split at s0a
2021-02-06 16:59:27,534 MainThread - /home/maria/synthesis/dynasty/dynasty/family_checkers/quotientbased.py - DEBUG - Proposed (pre)split: [2] vs. [4]
2021-02-06 16:59:27,534 MainThread - /home/maria/synthesis/dynasty/dynasty/family_checkers/quotientbased.py - DEBUG - Splitting ['0', '1', '2', '3', '4']...
2021-02-06 16:59:27,534 MainThread - /home/maria/synthesis/dynasty/dynasty/family_checkers/quotientbased.py - DEBUG - Pre-splitted [<stormpy.storage.storage.Expression object at 0x7f5d631c29f0>] and [<stormpy.storage.storage.Expression object at 0x7f5d631c2a70>]
2021-02-06 16:59:27,534 MainThread - /home/maria/synthesis/dynasty/dynasty/family_checkers/quotientbased.py - DEBUG - Now distribute [<stormpy.storage.storage.Expression object at 0x7f5d631c2970>, <stormpy.storage.storage.Expression object at 0x7f5d631c29b0>, <stormpy.storage.storage.Expression object at 0x7f5d631c2a30>]
2021-02-06 16:59:27,534 MainThread - /home/maria/synthesis/dynasty/dynasty/family_checkers/quotientbased.py - INFO - Splitting s0a into [1,3,2] and [0,4]
2021-02-06 16:59:27,534 MainThread - dynasty.family_checkers.integrated_checker - DEBUG - Initiating CEGAR--CEGIS loop
2021-02-06 16:59:27,534 MainThread - dynasty.family_checkers.integrated_checker - DEBUG - Current number of families: 1
2021-02-06 16:59:27,534 MainThread - dynasty.family_checkers.integrated_checker - DEBUG - CEGIS: analyzing family HoleOptions s0a: [0,1,2,3,4],s0b: [0,1,2,3,4],s0c: [0,1,2,3,4],s3a: [0,1,2,3,4],s3b: [0,1,2,3,4],s3c: [0,1,2,3,4],s4a: [0,1,2,3,4],s4b: [0,1,2,3,4],s4c: [0,1,2,3,4] of size 1953125.
2021-02-06 16:59:27,534 MainThread - dynasty.family_checkers.integrated_checker - DEBUG - CEGIS: preprocessing quotient MDP
2021-02-06 16:59:27,536 MainThread - dynasty.family_checkers.integrated_checker - DEBUG - Constructed DTMC of size 2.
2021-02-06 16:59:27,537 MainThread - dynasty.family_checkers.integrated_checker - DEBUG - CEGIS: iteration 1.
2021-02-06 16:59:27,537 MainThread - dynasty.family_checkers.integrated_checker - DEBUG - CEGIS: picked family member: HoleOptions s0a: [0],s0b: [0],s0c: [3],s3a: [0],s3b: [0],s3c: [0],s4a: [0],s4b: [0],s4c: [0].
2021-02-06 16:59:27,537 MainThread - dynasty.family_checkers.integrated_checker - DEBUG - Formula 0 is UNSAT
