2024-03-21 00:07:06,097 - cli.py - This is Paynt version 0.1.0.
2024-03-21 00:07:06,097 - sketch.py - loading sketch from models/archive/cav23-saynt/problem-saynt/sketch.templ ...
2024-03-21 00:07:06,097 - sketch.py - assuming sketch in PRISM format...
2024-03-21 00:07:06,100 - prism_parser.py - PRISM model type: POMDP
2024-03-21 00:07:06,100 - prism_parser.py - loading properties from models/archive/cav23-saynt/problem-saynt/sketch.props ...
2024-03-21 00:07:06,101 - prism_parser.py - found the following specification: optimality: R[exp]{"steps"}min=? [F ((x = 1) & (y = 3))] 
2024-03-21 00:07:06,111 - sketch.py - sketch parsing OK
2024-03-21 00:07:06,112 - sketch.py - constructed explicit quotient having 31 states and 67 actions
2024-03-21 00:07:06,112 - sketch.py - found the following specification optimality: R[exp]{"steps"}min=? [F ((x = 1) & (y = 3))] 
2024-03-21 00:07:06,112 - pomdp.py - constructed POMDP having 4 observations.
2024-03-21 00:07:06,112 - pomdp.py - unfolding 1-FSC template into POMDP ...
2024-03-21 00:07:06,112 - pomdp.py - constructed quotient MDP having 31 states and 67 actions.
2024-03-21 00:07:06,112 - pomdp.py - creating coloring ...
2024-03-21 00:07:06,115 - synthesizer_pomdp.py - Storm POMDP option enabled
2024-03-21 00:07:06,115 - synthesizer_pomdp.py - Storm settings: iterative - (900, 60, 10), get_storm_result - None, storm_options - cutoff, prune_storm - False, unfold_strategy - (True, False), use_storm_cutoffs - False, enhanced_saynt - None, saynt_overapprox - False
2024-03-21 00:07:06,115 - synthesizer.py - synthesis initiated, design space: 8
2024-03-21 00:07:06,115 - synthesizer_pomdp.py - Timeout for PAYNT started
2024-03-21 00:07:06,116 - synthesizer.py - synthesis finished, printing synthesized assignment below:
2024-03-21 00:07:06,116 - synthesizer.py - None
--------------------
Synthesis summary:
optimality objective: R[exp]{"steps"}min=? [F ((x = 1) & (y = 3))] 

method: AR, synthesis time: 0.0 s
number of holes: 2, family size: 8, quotient: 31 states / 67 actions
explored: 100 %
MDP stats: avg MDP size: 31, iterations: 5

feasible: no
--------------------
2024-03-21 00:07:06,116 - synthesizer_pomdp.py - Terminate: False
2024-03-21 00:07:06,116 - synthesizer_pomdp.py - Increase memory in all imperfect observation
2024-03-21 00:07:06,116 - pomdp.py - unfolding 2-FSC template into POMDP ...
2024-03-21 00:07:06,117 - pomdp.py - constructed quotient MDP having 61 states and 265 actions.
2024-03-21 00:07:06,117 - pomdp.py - creating coloring ...
2024-03-21 00:07:06,117 - synthesizer.py - synthesis initiated, design space: 4096
2024-03-21 00:07:06,122 - synthesizer.py - synthesis finished, printing synthesized assignment below:
2024-03-21 00:07:06,122 - synthesizer.py - None
--------------------
Synthesis summary:
optimality objective: R[exp]{"steps"}min=? [F ((x = 1) & (y = 3))] 

method: AR, synthesis time: 0.0 s
number of holes: 10, family size: 4096, quotient: 61 states / 265 actions
explored: 100 %
MDP stats: avg MDP size: 61, iterations: 18

feasible: no
--------------------
2024-03-21 00:07:06,122 - synthesizer_pomdp.py - Terminate: False
2024-03-21 00:07:06,122 - synthesizer_pomdp.py - Increase memory in all imperfect observation
2024-03-21 00:07:06,122 - pomdp.py - unfolding 3-FSC template into POMDP ...
2024-03-21 00:07:06,122 - pomdp.py - constructed quotient MDP having 91 states and 595 actions.
2024-03-21 00:07:06,122 - pomdp.py - creating coloring ...
2024-03-21 00:07:06,124 - synthesizer.py - synthesis initiated, design space: 1e7
-----------PAYNT-----------                     
Value = 1576.0137293530775 | Time elapsed = 0.1s | FSC size = 20

-----------PAYNT-----------                     
Value = 381.09481573562823 | Time elapsed = 0.1s | FSC size = 20

-----------PAYNT-----------                     
Value = 25.971689311849943 | Time elapsed = 0.1s | FSC size = 20

-----------PAYNT-----------                     
Value = 24.848955559146866 | Time elapsed = 0.1s | FSC size = 20

-----------PAYNT-----------                     
Value = 24.264589911003398 | Time elapsed = 0.6s | FSC size = 20

-----------PAYNT-----------                     
Value = 24.04600222629547 | Time elapsed = 0.7s | FSC size = 20

-----------PAYNT-----------                     
Value = 23.79508352257309 | Time elapsed = 0.7s | FSC size = 20

-----------PAYNT-----------                     
Value = 22.95502791706261 | Time elapsed = 1.4s | FSC size = 20

-----------PAYNT-----------                     
Value = 22.07967841802825 | Time elapsed = 1.4s | FSC size = 20

-----------PAYNT-----------                     
Value = 21.258547361452994 | Time elapsed = 1.4s | FSC size = 20

-----------PAYNT-----------                     
Value = 20.94510915449799 | Time elapsed = 1.4s | FSC size = 20

-----------PAYNT-----------                     
Value = 20.807574350232393 | Time elapsed = 1.5s | FSC size = 20

-----------PAYNT-----------                     
Value = 20.277439551240004 | Time elapsed = 1.5s | FSC size = 20

-----------PAYNT-----------                     
Value = 19.96370254992518 | Time elapsed = 1.5s | FSC size = 20

-----------PAYNT-----------                     
Value = 19.574295432174516 | Time elapsed = 1.8s | FSC size = 20

> progress 9.724%, elapsed 3 s, estimated 30 s, iters = {MDP: 5743}, opt = 19.574
-----------PAYNT-----------                     
Value = 19.4136948322747 | Time elapsed = 4.2s | FSC size = 20

> progress 31.411%, elapsed 6 s, estimated 19 s, iters = {MDP: 10806}, opt = 19.414
> progress 53.597%, elapsed 9 s, estimated 16 s, iters = {MDP: 15336}, opt = 19.414
2024-03-21 00:07:17,728 - synthesizer.py - synthesis finished, printing synthesized assignment below:
2024-03-21 00:07:17,728 - synthesizer.py - A([goal=0	& in=0	& out=1	& switch=0],0)=right, A([goal=0	& in=0	& out=1	& switch=0],1)=left, A([goal=0	& in=0	& out=1	& switch=0],2)=up, M([goal=0	& in=0	& out=1	& switch=0],0)=0, M([goal=0	& in=0	& out=1	& switch=0],1)=2, M([goal=0	& in=0	& out=1	& switch=0],2)=1, A([goal=0	& in=0	& out=0	& switch=1],0)=l, A([goal=0	& in=0	& out=0	& switch=1],1)=r, A([goal=0	& in=0	& out=0	& switch=1],2)=r, M([goal=0	& in=0	& out=0	& switch=1],0)=2, M([goal=0	& in=0	& out=0	& switch=1],1)=1, M([goal=0	& in=0	& out=0	& switch=1],2)=0, M([goal=0	& in=1	& out=0	& switch=0],0)=0, M([goal=0	& in=1	& out=0	& switch=0],1)=1, M([goal=0	& in=1	& out=0	& switch=0],2)=2
2024-03-21 00:07:17,729 - synthesizer.py - double-checking specification satisfiability:  : 19.4136948322747
--------------------
Synthesis summary:
optimality objective: R[exp]{"steps"}min=? [F ((x = 1) & (y = 3))] 

method: AR, synthesis time: 11.6 s
number of holes: 15, family size: 1e7, quotient: 91 states / 595 actions
explored: 100 %
MDP stats: avg MDP size: 91, iterations: 19618

optimum: 19.413695
--------------------
2024-03-21 00:07:17,729 - synthesizer_pomdp.py - Terminate: False
2024-03-21 00:07:17,730 - synthesizer_pomdp.py - Increase memory in all imperfect observation
2024-03-21 00:07:17,730 - pomdp.py - unfolding 4-FSC template into POMDP ...
2024-03-21 00:07:17,731 - pomdp.py - constructed quotient MDP having 121 states and 1057 actions.
2024-03-21 00:07:17,731 - pomdp.py - creating coloring ...
2024-03-21 00:07:17,732 - synthesizer.py - synthesis initiated, design space: 1e10
> progress 0.035%, elapsed 3 s, estimated 8482 s (2 hours), iters = {MDP: 4547}, opt = 19.414
-----------PAYNT-----------                     
Value = 18.925856127596553 | Time elapsed = 16.4s | FSC size = 26

> progress 0.038%, elapsed 6 s, estimated 15735 s (4 hours), iters = {MDP: 8873}, opt = 18.926
-----------PAYNT-----------                     
Value = 18.64815275307625 | Time elapsed = 18.7s | FSC size = 26

> progress 0.038%, elapsed 9 s, estimated 23592 s (6 hours), iters = {MDP: 11400}, opt = 18.648
> progress 0.038%, elapsed 12 s, estimated 31435 s (8 hours), iters = {MDP: 13719}, opt = 18.648
> progress 0.038%, elapsed 15 s, estimated 39277 s (10 hours), iters = {MDP: 16186}, opt = 18.648
> progress 0.038%, elapsed 18 s, estimated 47094 s (13 hours), iters = {MDP: 18933}, opt = 18.648
> progress 0.038%, elapsed 21 s, estimated 54931 s (15 hours), iters = {MDP: 20757}, opt = 18.648
> progress 0.038%, elapsed 24 s, estimated 62769 s (17 hours), iters = {MDP: 22819}, opt = 18.648
> progress 0.038%, elapsed 27 s, estimated 70595 s (19 hours), iters = {MDP: 24849}, opt = 18.648
> progress 0.038%, elapsed 30 s, estimated 78373 s (21 hours), iters = {MDP: 26796}, opt = 18.648
> progress 0.038%, elapsed 33 s, estimated 86181 s (23 hours), iters = {MDP: 28419}, opt = 18.648
> progress 0.038%, elapsed 36 s, estimated 93998 s (26 hours), iters = {MDP: 30047}, opt = 18.648
> progress 0.038%, elapsed 39 s, estimated 101802 s (28 hours), iters = {MDP: 32399}, opt = 18.648
> progress 0.038%, elapsed 42 s, estimated 109579 s (30 hours), iters = {MDP: 34737}, opt = 18.648
> progress 0.038%, elapsed 45 s, estimated 117379 s (32 hours), iters = {MDP: 37057}, opt = 18.648
> progress 0.038%, elapsed 48 s, estimated 125091 s (34 hours), iters = {MDP: 39197}, opt = 18.648
2024-03-21 00:08:06,182 - synthesizer_ar_storm.py - Pausing synthesis
2024-03-21 00:08:06,282 - storm_pomdp_control.py - Interactive Storm started
2024-03-21 00:08:06,282 - storm_pomdp_control.py - starting Storm POMDP analysis
2024-03-21 00:08:16,302 - storm_pomdp_control.py - Pausing Storm
Finished exploring under-approximation MDP.
Start analysis...
-----------Storm-----------               
Value = 6.277318677326701 | Time elapsed = 86.2s | FSC size = 282


------------------------------------

PAYNT results: 
18.64815275307625
controller size: 26

Storm results: 
6.277318677326701
controller size: 282

------------------------------------

2024-03-21 00:08:32,321 - synthesizer_pomdp.py - Timeout for PAYNT started
2024-03-21 00:08:32,712 - synthesizer_ar_storm.py - Resuming synthesis
2024-03-21 00:08:32,712 - synthesizer_ar_storm.py - Applying family split according to Storm results
2024-03-21 00:08:32,712 - storm_pomdp_control.py - Main family based on data from Storm: reduced design space from 17179869184 to 7247757312
2024-03-21 00:08:32,712 - storm_pomdp_control.py - Main family based on data from Storm: reduced design space from 17179869184 to 7247757312
2024-03-21 00:08:32,712 - storm_pomdp_control.py - Main family based on data from Storm: reduced design space from 8589934592 to 2415919104
2024-03-21 00:08:32,712 - storm_pomdp_control.py - Main family based on data from Storm: reduced design space from 4294967296 to 2415919104
2024-03-21 00:08:32,712 - storm_pomdp_control.py - Main family based on data from Storm: reduced design space from 1073741824 to 603979776
2024-03-21 00:08:32,713 - storm_pomdp_control.py - Main family based on data from Storm: reduced design space from 1073741824 to 603979776
2024-03-21 00:08:32,713 - storm_pomdp_control.py - Main family based on data from Storm: reduced design space from 1073741824 to 603979776
2024-03-21 00:08:32,713 - storm_pomdp_control.py - Main family based on data from Storm: reduced design space from 268435456 to 201326592
2024-03-21 00:08:32,713 - storm_pomdp_control.py - Main family based on data from Storm: reduced design space from 268435456 to 201326592
2024-03-21 00:08:32,713 - storm_pomdp_control.py - Main family based on data from Storm: reduced design space from 67108864 to 50331648
2024-03-21 00:08:32,713 - storm_pomdp_control.py - Main family based on data from Storm: reduced design space from 67108864 to 50331648
2024-03-21 00:08:32,713 - storm_pomdp_control.py - Main family based on data from Storm: reduced design space from 67108864 to 50331648
2024-03-21 00:08:32,713 - storm_pomdp_control.py - Main family based on data from Storm: reduced design space from 33554432 to 16777216
2024-03-21 00:08:32,713 - storm_pomdp_control.py - Main family based on data from Storm: reduced design space from 4194304 to 4194304
2024-03-21 00:08:32,713 - storm_pomdp_control.py - Main family based on data from Storm: reduced design space from 1048576 to 1048576
2024-03-21 00:08:32,713 - storm_pomdp_control.py - Main family based on data from Storm: reduced design space from 1048576 to 1048576
2024-03-21 00:08:32,713 - storm_pomdp_control.py - Main family based on data from Storm: reduced design space from 524288 to 524288
2024-03-21 00:08:32,713 - storm_pomdp_control.py - Main family based on data from Storm: reduced design space from 262144 to 262144
2024-03-21 00:08:32,713 - storm_pomdp_control.py - Main family based on data from Storm: reduced design space from 65536 to 65536
2024-03-21 00:08:32,713 - storm_pomdp_control.py - Main family based on data from Storm: reduced design space from 16384 to 16384
2024-03-21 00:08:32,713 - storm_pomdp_control.py - Main family based on data from Storm: reduced design space from 8192 to 8192
2024-03-21 00:08:32,713 - storm_pomdp_control.py - Main family based on data from Storm: reduced design space from 4096 to 4096
2024-03-21 00:08:32,713 - storm_pomdp_control.py - Main family based on data from Storm: reduced design space from 1024 to 1024
2024-03-21 00:08:32,713 - storm_pomdp_control.py - Main family based on data from Storm: reduced design space from 64 to 64
2024-03-21 00:08:32,713 - storm_pomdp_control.py - Main family based on data from Storm: reduced design space from 1 to 1
2024-03-21 00:08:32,713 - synthesizer_ar_storm.py - State after Storm splitting: Main families - 25, Subfamilies - 25
> progress 0.038%, elapsed 51 s, estimated 132867 s (36 hours), iters = {MDP: 40928}, opt = 18.648
> progress 0.038%, elapsed 54 s, estimated 140654 s (39 hours), iters = {MDP: 42838}, opt = 18.648
> progress 0.038%, elapsed 57 s, estimated 148411 s (41 hours), iters = {MDP: 45527}, opt = 18.648
> progress 0.038%, elapsed 60 s, estimated 156044 s (43 hours), iters = {MDP: 48906}, opt = 18.648
> progress 0.038%, elapsed 63 s, estimated 163691 s (45 hours), iters = {MDP: 52392}, opt = 18.648
> progress 0.038%, elapsed 66 s, estimated 171119 s (47 hours), iters = {MDP: 55909}, opt = 18.648
> progress 0.038%, elapsed 69 s, estimated 178621 s (2 days), iters = {MDP: 59217}, opt = 18.648
> progress 0.038%, elapsed 72 s, estimated 186240 s (2 days), iters = {MDP: 62555}, opt = 18.648
> progress 0.038%, elapsed 75 s, estimated 193759 s (2 days), iters = {MDP: 66388}, opt = 18.648
> progress 0.038%, elapsed 78 s, estimated 200904 s (2 days), iters = {MDP: 70716}, opt = 18.648
> progress 0.038%, elapsed 81 s, estimated 208059 s (2 days), iters = {MDP: 74255}, opt = 18.648
> progress 0.039%, elapsed 84 s, estimated 215443 s (2 days), iters = {MDP: 77026}, opt = 18.648
> progress 0.039%, elapsed 87 s, estimated 222938 s (2 days), iters = {MDP: 80281}, opt = 18.648
> progress 0.039%, elapsed 90 s, estimated 230434 s (2 days), iters = {MDP: 82940}, opt = 18.648
> progress 0.039%, elapsed 93 s, estimated 237532 s (2 days), iters = {MDP: 87488}, opt = 18.648
> progress 0.039%, elapsed 96 s, estimated 244816 s (2 days), iters = {MDP: 90502}, opt = 18.648
> progress 0.039%, elapsed 99 s, estimated 251937 s (2 days), iters = {MDP: 93628}, opt = 18.648
> progress 0.039%, elapsed 102 s, estimated 259354 s (3 days), iters = {MDP: 97035}, opt = 18.648
> progress 0.039%, elapsed 105 s, estimated 266625 s (3 days), iters = {MDP: 100723}, opt = 18.648
> progress 0.039%, elapsed 108 s, estimated 273802 s (3 days), iters = {MDP: 103545}, opt = 18.648
2024-03-21 00:09:32,379 - synthesizer_ar_storm.py - Pausing synthesis
2024-03-21 00:09:32,479 - storm_pomdp_control.py - Interactive Storm resumed
2024-03-21 00:09:32,479 - storm_pomdp_control.py - Updating FSC values in Storm
2024-03-21 00:09:42,499 - storm_pomdp_control.py - Pausing Storm
Finished exploring under-approximation MDP.
Start analysis...
-----------Storm-----------               
Value = 6.1582427728023275 | Time elapsed = 187.4s | FSC size = 307


------------------------------------

PAYNT results: 
18.64815275307625
controller size: 26

Storm results: 
6.1582427728023275
controller size: 307

------------------------------------

2024-03-21 00:10:13,533 - synthesizer_pomdp.py - Timeout for PAYNT started
2024-03-21 00:10:13,925 - synthesizer_ar_storm.py - Resuming synthesis
2024-03-21 00:10:13,925 - synthesizer_ar_storm.py - Applying family split according to Storm results
2024-03-21 00:10:13,925 - storm_pomdp_control.py - Main family based on data from Storm: reduced design space from 7247757312 to 7247757312
2024-03-21 00:10:13,925 - storm_pomdp_control.py - Main family based on data from Storm: reduced design space from 7247757312 to 7247757312
2024-03-21 00:10:13,925 - storm_pomdp_control.py - Main family based on data from Storm: reduced design space from 2415919104 to 2415919104
2024-03-21 00:10:13,925 - storm_pomdp_control.py - Main family based on data from Storm: reduced design space from 2415919104 to 2415919104
2024-03-21 00:10:13,926 - storm_pomdp_control.py - Main family based on data from Storm: reduced design space from 603979776 to 603979776
2024-03-21 00:10:13,926 - storm_pomdp_control.py - Main family based on data from Storm: reduced design space from 603979776 to 603979776
2024-03-21 00:10:13,926 - storm_pomdp_control.py - Main family based on data from Storm: reduced design space from 603979776 to 603979776
2024-03-21 00:10:13,926 - storm_pomdp_control.py - Main family based on data from Storm: reduced design space from 201326592 to 201326592
2024-03-21 00:10:13,926 - storm_pomdp_control.py - Main family based on data from Storm: reduced design space from 201326592 to 201326592
2024-03-21 00:10:13,926 - storm_pomdp_control.py - Main family based on data from Storm: reduced design space from 50331648 to 50331648
2024-03-21 00:10:13,926 - storm_pomdp_control.py - Main family based on data from Storm: reduced design space from 50331648 to 50331648
2024-03-21 00:10:13,926 - storm_pomdp_control.py - Main family based on data from Storm: reduced design space from 50331648 to 50331648
2024-03-21 00:10:13,926 - storm_pomdp_control.py - Main family based on data from Storm: reduced design space from 16777216 to 16777216
2024-03-21 00:10:13,926 - storm_pomdp_control.py - Main family based on data from Storm: reduced design space from 4194304 to 4194304
2024-03-21 00:10:13,926 - storm_pomdp_control.py - Main family based on data from Storm: reduced design space from 1048576 to 1048576
2024-03-21 00:10:13,926 - storm_pomdp_control.py - Main family based on data from Storm: reduced design space from 1048576 to 1048576
2024-03-21 00:10:13,926 - storm_pomdp_control.py - Main family based on data from Storm: reduced design space from 131072 to 131072
2024-03-21 00:10:13,926 - storm_pomdp_control.py - Main family based on data from Storm: reduced design space from 8192 to 8192
2024-03-21 00:10:13,926 - storm_pomdp_control.py - Main family based on data from Storm: reduced design space from 2048 to 2048
2024-03-21 00:10:13,926 - storm_pomdp_control.py - Main family based on data from Storm: reduced design space from 1024 to 1024
2024-03-21 00:10:13,927 - storm_pomdp_control.py - Main family based on data from Storm: reduced design space from 512 to 512
2024-03-21 00:10:13,927 - storm_pomdp_control.py - Main family based on data from Storm: reduced design space from 128 to 128
2024-03-21 00:10:13,927 - storm_pomdp_control.py - Main family based on data from Storm: reduced design space from 128 to 128
2024-03-21 00:10:13,927 - storm_pomdp_control.py - Main family based on data from Storm: reduced design space from 64 to 64
2024-03-21 00:10:13,927 - storm_pomdp_control.py - Main family based on data from Storm: reduced design space from 64 to 64
2024-03-21 00:10:13,927 - synthesizer_ar_storm.py - State after Storm splitting: Main families - 25, Subfamilies - 0
> progress 0.039%, elapsed 111 s, estimated 281138 s (3 days), iters = {MDP: 106519}, opt = 18.648
> progress 0.039%, elapsed 114 s, estimated 288307 s (3 days), iters = {MDP: 109062}, opt = 18.648
> progress 0.039%, elapsed 117 s, estimated 295402 s (3 days), iters = {MDP: 112175}, opt = 18.648
> progress 0.044%, elapsed 120 s, estimated 270340 s (3 days), iters = {MDP: 115323}, opt = 18.648
> progress 0.044%, elapsed 123 s, estimated 275875 s (3 days), iters = {MDP: 118025}, opt = 18.648
> progress 0.044%, elapsed 126 s, estimated 280463 s (3 days), iters = {MDP: 120306}, opt = 18.648
> progress 0.045%, elapsed 129 s, estimated 284960 s (3 days), iters = {MDP: 122541}, opt = 18.648
> progress 0.045%, elapsed 132 s, estimated 289560 s (3 days), iters = {MDP: 125336}, opt = 18.648
> progress 0.09%, elapsed 135 s, estimated 149342 s (41 hours), iters = {MDP: 128085}, opt = 18.648
> progress 0.116%, elapsed 138 s, estimated 118979 s (33 hours), iters = {MDP: 131332}, opt = 18.648
> progress 0.116%, elapsed 141 s, estimated 121424 s (33 hours), iters = {MDP: 135007}, opt = 18.648
> progress 0.116%, elapsed 144 s, estimated 123767 s (34 hours), iters = {MDP: 138885}, opt = 18.648
> progress 0.116%, elapsed 147 s, estimated 125880 s (34 hours), iters = {MDP: 143958}, opt = 18.648
> progress 0.134%, elapsed 150 s, estimated 111592 s (30 hours), iters = {MDP: 147902}, opt = 18.648
> progress 0.161%, elapsed 153 s, estimated 94617 s (26 hours), iters = {MDP: 151513}, opt = 18.648
> progress 0.162%, elapsed 156 s, estimated 96238 s (26 hours), iters = {MDP: 156214}, opt = 18.648
> progress 0.162%, elapsed 159 s, estimated 97826 s (27 hours), iters = {MDP: 160854}, opt = 18.648
> progress 0.235%, elapsed 162 s, estimated 68947 s (19 hours), iters = {MDP: 165641}, opt = 18.648
> progress 0.235%, elapsed 165 s, estimated 69947 s (19 hours), iters = {MDP: 170974}, opt = 18.648
2024-03-21 00:11:13,583 - synthesizer_ar_storm.py - Pausing synthesis
2024-03-21 00:11:13,682 - storm_pomdp_control.py - Interactive Storm resumed
2024-03-21 00:11:13,682 - storm_pomdp_control.py - Updating FSC values in Storm
2024-03-21 00:11:23,703 - storm_pomdp_control.py - Pausing Storm
Finished exploring under-approximation MDP.
Start analysis...
-----------Storm-----------               
Value = 6.1582427728023275 | Time elapsed = 291.6s | FSC size = 307


------------------------------------

PAYNT results: 
18.64815275307625
controller size: 26

Storm results: 
6.1582427728023275
controller size: 307

------------------------------------

2024-03-21 00:11:57,739 - synthesizer_pomdp.py - Timeout for PAYNT started
2024-03-21 00:11:58,133 - synthesizer_ar_storm.py - Resuming synthesis
2024-03-21 00:11:58,133 - synthesizer_ar_storm.py - Applying family split according to Storm results
2024-03-21 00:11:58,133 - storm_pomdp_control.py - Main family based on data from Storm: reduced design space from 7247757312 to 7247757312
2024-03-21 00:11:58,133 - storm_pomdp_control.py - Main family based on data from Storm: reduced design space from 7247757312 to 7247757312
2024-03-21 00:11:58,133 - storm_pomdp_control.py - Main family based on data from Storm: reduced design space from 2415919104 to 2415919104
2024-03-21 00:11:58,133 - storm_pomdp_control.py - Main family based on data from Storm: reduced design space from 2415919104 to 2415919104
2024-03-21 00:11:58,133 - storm_pomdp_control.py - Main family based on data from Storm: reduced design space from 603979776 to 603979776
2024-03-21 00:11:58,133 - storm_pomdp_control.py - Main family based on data from Storm: reduced design space from 603979776 to 603979776
2024-03-21 00:11:58,134 - storm_pomdp_control.py - Main family based on data from Storm: reduced design space from 603979776 to 603979776
2024-03-21 00:11:58,134 - storm_pomdp_control.py - Main family based on data from Storm: reduced design space from 201326592 to 201326592
2024-03-21 00:11:58,134 - storm_pomdp_control.py - Main family based on data from Storm: reduced design space from 201326592 to 201326592
2024-03-21 00:11:58,134 - storm_pomdp_control.py - Main family based on data from Storm: reduced design space from 12582912 to 12582912
2024-03-21 00:11:58,134 - storm_pomdp_control.py - Main family based on data from Storm: reduced design space from 12582912 to 12582912
2024-03-21 00:11:58,134 - storm_pomdp_control.py - Main family based on data from Storm: reduced design space from 3145728 to 3145728
2024-03-21 00:11:58,134 - storm_pomdp_control.py - Main family based on data from Storm: reduced design space from 3145728 to 3145728
2024-03-21 00:11:58,134 - storm_pomdp_control.py - Main family based on data from Storm: reduced design space from 524288 to 524288
2024-03-21 00:11:58,134 - storm_pomdp_control.py - Main family based on data from Storm: reduced design space from 262144 to 262144
2024-03-21 00:11:58,134 - storm_pomdp_control.py - Main family based on data from Storm: reduced design space from 65536 to 65536
2024-03-21 00:11:58,134 - storm_pomdp_control.py - Main family based on data from Storm: reduced design space from 32768 to 32768
2024-03-21 00:11:58,134 - storm_pomdp_control.py - Main family based on data from Storm: reduced design space from 8192 to 8192
2024-03-21 00:11:58,134 - storm_pomdp_control.py - Main family based on data from Storm: reduced design space from 4096 to 4096
2024-03-21 00:11:58,134 - storm_pomdp_control.py - Main family based on data from Storm: reduced design space from 2048 to 2048
2024-03-21 00:11:58,134 - storm_pomdp_control.py - Main family based on data from Storm: reduced design space from 256 to 256
2024-03-21 00:11:58,134 - storm_pomdp_control.py - Main family based on data from Storm: reduced design space from 256 to 256
2024-03-21 00:11:58,134 - storm_pomdp_control.py - Main family based on data from Storm: reduced design space from 256 to 256
2024-03-21 00:11:58,134 - storm_pomdp_control.py - Main family based on data from Storm: reduced design space from 256 to 256
2024-03-21 00:11:58,134 - synthesizer_ar_storm.py - State after Storm splitting: Main families - 24, Subfamilies - 0
> progress 0.246%, elapsed 168 s, estimated 68278 s (18 hours), iters = {MDP: 175719}, opt = 18.648
> progress 0.325%, elapsed 171 s, estimated 52577 s (14 hours), iters = {MDP: 180802}, opt = 18.648
> progress 0.325%, elapsed 174 s, estimated 53404 s (14 hours), iters = {MDP: 186368}, opt = 18.648
> progress 0.329%, elapsed 177 s, estimated 53661 s (14 hours), iters = {MDP: 190977}, opt = 18.648
> progress 0.33%, elapsed 180 s, estimated 54410 s (15 hours), iters = {MDP: 194935}, opt = 18.648
> progress 0.331%, elapsed 183 s, estimated 55287 s (15 hours), iters = {MDP: 198219}, opt = 18.648
> progress 0.331%, elapsed 186 s, estimated 56186 s (15 hours), iters = {MDP: 201470}, opt = 18.648
> progress 0.331%, elapsed 189 s, estimated 57089 s (15 hours), iters = {MDP: 204957}, opt = 18.648
> progress 0.331%, elapsed 192 s, estimated 57990 s (16 hours), iters = {MDP: 207993}, opt = 18.648
> progress 0.331%, elapsed 195 s, estimated 58893 s (16 hours), iters = {MDP: 210917}, opt = 18.648
> progress 0.331%, elapsed 198 s, estimated 59792 s (16 hours), iters = {MDP: 214340}, opt = 18.648
> progress 0.331%, elapsed 201 s, estimated 60694 s (16 hours), iters = {MDP: 217494}, opt = 18.648
> progress 0.331%, elapsed 204 s, estimated 61594 s (17 hours), iters = {MDP: 221152}, opt = 18.648
> progress 0.331%, elapsed 207 s, estimated 62491 s (17 hours), iters = {MDP: 225779}, opt = 18.648
> progress 0.331%, elapsed 210 s, estimated 63390 s (17 hours), iters = {MDP: 230048}, opt = 18.648
> progress 0.331%, elapsed 213 s, estimated 64289 s (17 hours), iters = {MDP: 234410}, opt = 18.648
> progress 0.331%, elapsed 216 s, estimated 65186 s (18 hours), iters = {MDP: 239132}, opt = 18.648
> progress 0.331%, elapsed 219 s, estimated 66085 s (18 hours), iters = {MDP: 243466}, opt = 18.648
> progress 0.331%, elapsed 222 s, estimated 66983 s (18 hours), iters = {MDP: 246857}, opt = 18.648
> progress 0.331%, elapsed 225 s, estimated 67883 s (18 hours), iters = {MDP: 250616}, opt = 18.648
2024-03-21 00:12:57,806 - synthesizer_ar_storm.py - Pausing synthesis
2024-03-21 00:12:57,905 - storm_pomdp_control.py - Interactive Storm resumed
2024-03-21 00:12:57,905 - storm_pomdp_control.py - Updating FSC values in Storm
2024-03-21 00:13:07,926 - storm_pomdp_control.py - Pausing Storm
Finished exploring under-approximation MDP.
Start analysis...
-----------Storm-----------               
Value = 6.1582427728023275 | Time elapsed = 400.9s | FSC size = 307


------------------------------------

PAYNT results: 
18.64815275307625
controller size: 26

Storm results: 
6.1582427728023275
controller size: 307

------------------------------------

2024-03-21 00:13:46,968 - synthesizer_pomdp.py - Timeout for PAYNT started
2024-03-21 00:13:47,361 - synthesizer_ar_storm.py - Resuming synthesis
2024-03-21 00:13:47,361 - synthesizer_ar_storm.py - Applying family split according to Storm results
2024-03-21 00:13:47,361 - storm_pomdp_control.py - Main family based on data from Storm: reduced design space from 7247757312 to 7247757312
2024-03-21 00:13:47,361 - storm_pomdp_control.py - Main family based on data from Storm: reduced design space from 7247757312 to 7247757312
2024-03-21 00:13:47,362 - storm_pomdp_control.py - Main family based on data from Storm: reduced design space from 2415919104 to 2415919104
2024-03-21 00:13:47,362 - storm_pomdp_control.py - Main family based on data from Storm: reduced design space from 2415919104 to 2415919104
2024-03-21 00:13:47,362 - storm_pomdp_control.py - Main family based on data from Storm: reduced design space from 603979776 to 603979776
2024-03-21 00:13:47,362 - storm_pomdp_control.py - Main family based on data from Storm: reduced design space from 603979776 to 603979776
2024-03-21 00:13:47,362 - storm_pomdp_control.py - Main family based on data from Storm: reduced design space from 603979776 to 603979776
2024-03-21 00:13:47,362 - storm_pomdp_control.py - Main family based on data from Storm: reduced design space from 201326592 to 201326592
2024-03-21 00:13:47,362 - storm_pomdp_control.py - Main family based on data from Storm: reduced design space from 100663296 to 100663296
2024-03-21 00:13:47,362 - storm_pomdp_control.py - Main family based on data from Storm: reduced design space from 50331648 to 50331648
2024-03-21 00:13:47,362 - storm_pomdp_control.py - Main family based on data from Storm: reduced design space from 16777216 to 16777216
2024-03-21 00:13:47,362 - storm_pomdp_control.py - Main family based on data from Storm: reduced design space from 4194304 to 4194304
2024-03-21 00:13:47,362 - storm_pomdp_control.py - Main family based on data from Storm: reduced design space from 1048576 to 1048576
2024-03-21 00:13:47,362 - storm_pomdp_control.py - Main family based on data from Storm: reduced design space from 1048576 to 1048576
2024-03-21 00:13:47,362 - storm_pomdp_control.py - Main family based on data from Storm: reduced design space from 524288 to 524288
2024-03-21 00:13:47,362 - storm_pomdp_control.py - Main family based on data from Storm: reduced design space from 131072 to 131072
2024-03-21 00:13:47,362 - storm_pomdp_control.py - Main family based on data from Storm: reduced design space from 32768 to 32768
2024-03-21 00:13:47,362 - storm_pomdp_control.py - Main family based on data from Storm: reduced design space from 16384 to 16384
2024-03-21 00:13:47,362 - storm_pomdp_control.py - Main family based on data from Storm: reduced design space from 8192 to 8192
2024-03-21 00:13:47,363 - storm_pomdp_control.py - Main family based on data from Storm: reduced design space from 2048 to 2048
2024-03-21 00:13:47,363 - storm_pomdp_control.py - Main family based on data from Storm: reduced design space from 1024 to 1024
2024-03-21 00:13:47,363 - storm_pomdp_control.py - Main family based on data from Storm: reduced design space from 512 to 512
2024-03-21 00:13:47,363 - storm_pomdp_control.py - Main family based on data from Storm: reduced design space from 128 to 128
2024-03-21 00:13:47,363 - storm_pomdp_control.py - Main family based on data from Storm: reduced design space from 64 to 64
2024-03-21 00:13:47,363 - storm_pomdp_control.py - Main family based on data from Storm: reduced design space from 32 to 32
2024-03-21 00:13:47,363 - storm_pomdp_control.py - Main family based on data from Storm: reduced design space from 16 to 16
2024-03-21 00:13:47,363 - storm_pomdp_control.py - Main family based on data from Storm: reduced design space from 8 to 8
2024-03-21 00:13:47,363 - synthesizer_ar_storm.py - State after Storm splitting: Main families - 27, Subfamilies - 0
> progress 0.331%, elapsed 228 s, estimated 68781 s (19 hours), iters = {MDP: 254001}, opt = 18.648
> progress 0.331%, elapsed 231 s, estimated 69680 s (19 hours), iters = {MDP: 257426}, opt = 18.648
> progress 0.331%, elapsed 234 s, estimated 70577 s (19 hours), iters = {MDP: 260740}, opt = 18.648
> progress 0.331%, elapsed 237 s, estimated 71474 s (19 hours), iters = {MDP: 264198}, opt = 18.648
> progress 0.331%, elapsed 240 s, estimated 72372 s (20 hours), iters = {MDP: 267472}, opt = 18.648
> progress 0.331%, elapsed 243 s, estimated 73271 s (20 hours), iters = {MDP: 271170}, opt = 18.648
> progress 0.331%, elapsed 246 s, estimated 74168 s (20 hours), iters = {MDP: 274392}, opt = 18.648
> progress 0.331%, elapsed 249 s, estimated 75067 s (20 hours), iters = {MDP: 277976}, opt = 18.648
> progress 0.331%, elapsed 252 s, estimated 75963 s (21 hours), iters = {MDP: 281340}, opt = 18.648
> progress 0.331%, elapsed 255 s, estimated 76860 s (21 hours), iters = {MDP: 284563}, opt = 18.648
> progress 0.331%, elapsed 258 s, estimated 77757 s (21 hours), iters = {MDP: 287528}, opt = 18.648
> progress 0.331%, elapsed 261 s, estimated 78654 s (21 hours), iters = {MDP: 290967}, opt = 18.648
> progress 0.331%, elapsed 264 s, estimated 79553 s (22 hours), iters = {MDP: 294351}, opt = 18.648
> progress 0.331%, elapsed 267 s, estimated 80452 s (22 hours), iters = {MDP: 297298}, opt = 18.648
> progress 0.332%, elapsed 270 s, estimated 81349 s (22 hours), iters = {MDP: 300017}, opt = 18.648
> progress 0.332%, elapsed 273 s, estimated 82246 s (22 hours), iters = {MDP: 303341}, opt = 18.648
> progress 0.332%, elapsed 276 s, estimated 83145 s (23 hours), iters = {MDP: 306372}, opt = 18.648
> progress 0.332%, elapsed 279 s, estimated 84037 s (23 hours), iters = {MDP: 310756}, opt = 18.648
> progress 0.332%, elapsed 282 s, estimated 84931 s (23 hours), iters = {MDP: 315336}, opt = 18.648
> progress 0.332%, elapsed 285 s, estimated 85825 s (23 hours), iters = {MDP: 319507}, opt = 18.648
2024-03-21 00:14:47,035 - synthesizer_ar_storm.py - Pausing synthesis
2024-03-21 00:14:47,135 - storm_pomdp_control.py - Interactive Storm resumed
2024-03-21 00:14:47,135 - storm_pomdp_control.py - Updating FSC values in Storm
2024-03-21 00:14:57,155 - storm_pomdp_control.py - Pausing Storm
Finished exploring under-approximation MDP.
Start analysis...
-----------Storm-----------               
Value = 6.1582427728023275 | Time elapsed = 514.1s | FSC size = 307


------------------------------------

PAYNT results: 
18.64815275307625
controller size: 26

Storm results: 
6.1582427728023275
controller size: 307

------------------------------------

2024-03-21 00:15:40,202 - synthesizer_pomdp.py - Timeout for PAYNT started
2024-03-21 00:15:40,595 - synthesizer_ar_storm.py - Resuming synthesis
2024-03-21 00:15:40,596 - synthesizer_ar_storm.py - Applying family split according to Storm results
2024-03-21 00:15:40,596 - storm_pomdp_control.py - Main family based on data from Storm: reduced design space from 7247757312 to 7247757312
2024-03-21 00:15:40,596 - storm_pomdp_control.py - Main family based on data from Storm: reduced design space from 7247757312 to 7247757312
2024-03-21 00:15:40,596 - storm_pomdp_control.py - Main family based on data from Storm: reduced design space from 2415919104 to 2415919104
2024-03-21 00:15:40,596 - storm_pomdp_control.py - Main family based on data from Storm: reduced design space from 2415919104 to 2415919104
2024-03-21 00:15:40,596 - storm_pomdp_control.py - Main family based on data from Storm: reduced design space from 603979776 to 603979776
2024-03-21 00:15:40,596 - storm_pomdp_control.py - Main family based on data from Storm: reduced design space from 603979776 to 603979776
2024-03-21 00:15:40,596 - storm_pomdp_control.py - Main family based on data from Storm: reduced design space from 603979776 to 603979776
2024-03-21 00:15:40,596 - storm_pomdp_control.py - Main family based on data from Storm: reduced design space from 201326592 to 201326592
2024-03-21 00:15:40,596 - storm_pomdp_control.py - Main family based on data from Storm: reduced design space from 100663296 to 100663296
2024-03-21 00:15:40,596 - storm_pomdp_control.py - Main family based on data from Storm: reduced design space from 50331648 to 50331648
2024-03-21 00:15:40,596 - storm_pomdp_control.py - Main family based on data from Storm: reduced design space from 16777216 to 16777216
2024-03-21 00:15:40,596 - storm_pomdp_control.py - Main family based on data from Storm: reduced design space from 4194304 to 4194304
2024-03-21 00:15:40,596 - storm_pomdp_control.py - Main family based on data from Storm: reduced design space from 1048576 to 1048576
2024-03-21 00:15:40,596 - storm_pomdp_control.py - Main family based on data from Storm: reduced design space from 1048576 to 1048576
2024-03-21 00:15:40,596 - storm_pomdp_control.py - Main family based on data from Storm: reduced design space from 262144 to 262144
2024-03-21 00:15:40,596 - storm_pomdp_control.py - Main family based on data from Storm: reduced design space from 32768 to 32768
2024-03-21 00:15:40,596 - storm_pomdp_control.py - Main family based on data from Storm: reduced design space from 8192 to 8192
2024-03-21 00:15:40,597 - storm_pomdp_control.py - Main family based on data from Storm: reduced design space from 256 to 256
2024-03-21 00:15:40,597 - storm_pomdp_control.py - Main family based on data from Storm: reduced design space from 256 to 256
2024-03-21 00:15:40,597 - storm_pomdp_control.py - Main family based on data from Storm: reduced design space from 256 to 256
2024-03-21 00:15:40,597 - storm_pomdp_control.py - Main family based on data from Storm: reduced design space from 64 to 64
2024-03-21 00:15:40,597 - storm_pomdp_control.py - Main family based on data from Storm: reduced design space from 32 to 32
2024-03-21 00:15:40,597 - storm_pomdp_control.py - Main family based on data from Storm: reduced design space from 16 to 16
2024-03-21 00:15:40,597 - storm_pomdp_control.py - Main family based on data from Storm: reduced design space from 4 to 4
2024-03-21 00:15:40,597 - storm_pomdp_control.py - Main family based on data from Storm: reduced design space from 2 to 2
2024-03-21 00:15:40,597 - synthesizer_ar_storm.py - State after Storm splitting: Main families - 25, Subfamilies - 0
> progress 0.332%, elapsed 288 s, estimated 86720 s (24 hours), iters = {MDP: 323662}, opt = 18.648
> progress 0.332%, elapsed 291 s, estimated 87611 s (24 hours), iters = {MDP: 328244}, opt = 18.648
> progress 0.332%, elapsed 294 s, estimated 88507 s (24 hours), iters = {MDP: 331829}, opt = 18.648
> progress 0.332%, elapsed 297 s, estimated 89402 s (24 hours), iters = {MDP: 335177}, opt = 18.648
> progress 0.332%, elapsed 300 s, estimated 90297 s (25 hours), iters = {MDP: 338823}, opt = 18.648
> progress 0.332%, elapsed 303 s, estimated 91190 s (25 hours), iters = {MDP: 342223}, opt = 18.648
> progress 0.332%, elapsed 306 s, estimated 92085 s (25 hours), iters = {MDP: 345757}, opt = 18.648
> progress 0.332%, elapsed 309 s, estimated 92977 s (25 hours), iters = {MDP: 349120}, opt = 18.648
> progress 0.332%, elapsed 312 s, estimated 93871 s (26 hours), iters = {MDP: 352892}, opt = 18.648
> progress 0.332%, elapsed 315 s, estimated 94765 s (26 hours), iters = {MDP: 356226}, opt = 18.648
> progress 0.332%, elapsed 318 s, estimated 95660 s (26 hours), iters = {MDP: 359677}, opt = 18.648
> progress 0.332%, elapsed 321 s, estimated 96553 s (26 hours), iters = {MDP: 363060}, opt = 18.648
> progress 0.332%, elapsed 324 s, estimated 97447 s (27 hours), iters = {MDP: 366550}, opt = 18.648
> progress 0.332%, elapsed 327 s, estimated 98338 s (27 hours), iters = {MDP: 369841}, opt = 18.648
> progress 0.381%, elapsed 330 s, estimated 86522 s (24 hours), iters = {MDP: 374235}, opt = 18.648
> progress 0.381%, elapsed 333 s, estimated 87287 s (24 hours), iters = {MDP: 378394}, opt = 18.648
> progress 0.381%, elapsed 336 s, estimated 88046 s (24 hours), iters = {MDP: 382105}, opt = 18.648
> progress 0.381%, elapsed 339 s, estimated 88811 s (24 hours), iters = {MDP: 386892}, opt = 18.648
> progress 0.381%, elapsed 342 s, estimated 89574 s (24 hours), iters = {MDP: 391374}, opt = 18.648
> progress 0.382%, elapsed 345 s, estimated 90313 s (25 hours), iters = {MDP: 396050}, opt = 18.648
2024-03-21 00:16:40,217 - synthesizer_ar_storm.py - Pausing synthesis
2024-03-21 00:16:40,316 - storm_pomdp_control.py - Interactive Storm resumed
2024-03-21 00:16:40,316 - storm_pomdp_control.py - Updating FSC values in Storm
2024-03-21 00:16:50,336 - storm_pomdp_control.py - Pausing Storm
Finished exploring under-approximation MDP.
Start analysis...
-----------Storm-----------               
Value = 6.1582427728023275 | Time elapsed = 633.3s | FSC size = 307


------------------------------------

PAYNT results: 
18.64815275307625
controller size: 26

Storm results: 
6.1582427728023275
controller size: 307

------------------------------------

2024-03-21 00:17:39,389 - synthesizer_pomdp.py - Timeout for PAYNT started
2024-03-21 00:17:39,783 - synthesizer_ar_storm.py - Resuming synthesis
2024-03-21 00:17:39,783 - synthesizer_ar_storm.py - Applying family split according to Storm results
2024-03-21 00:17:39,783 - storm_pomdp_control.py - Main family based on data from Storm: reduced design space from 7247757312 to 7247757312
2024-03-21 00:17:39,784 - storm_pomdp_control.py - Main family based on data from Storm: reduced design space from 7247757312 to 7247757312
2024-03-21 00:17:39,784 - storm_pomdp_control.py - Main family based on data from Storm: reduced design space from 2415919104 to 2415919104
2024-03-21 00:17:39,784 - storm_pomdp_control.py - Main family based on data from Storm: reduced design space from 2415919104 to 2415919104
2024-03-21 00:17:39,784 - storm_pomdp_control.py - Main family based on data from Storm: reduced design space from 603979776 to 603979776
2024-03-21 00:17:39,784 - storm_pomdp_control.py - Main family based on data from Storm: reduced design space from 603979776 to 603979776
2024-03-21 00:17:39,784 - storm_pomdp_control.py - Main family based on data from Storm: reduced design space from 603979776 to 603979776
2024-03-21 00:17:39,784 - storm_pomdp_control.py - Main family based on data from Storm: reduced design space from 201326592 to 201326592
2024-03-21 00:17:39,784 - storm_pomdp_control.py - Main family based on data from Storm: reduced design space from 100663296 to 100663296
2024-03-21 00:17:39,784 - storm_pomdp_control.py - Main family based on data from Storm: reduced design space from 25165824 to 25165824
2024-03-21 00:17:39,784 - storm_pomdp_control.py - Main family based on data from Storm: reduced design space from 12582912 to 12582912
2024-03-21 00:17:39,784 - storm_pomdp_control.py - Main family based on data from Storm: reduced design space from 1048576 to 1048576
2024-03-21 00:17:39,784 - storm_pomdp_control.py - Main family based on data from Storm: reduced design space from 262144 to 262144
2024-03-21 00:17:39,784 - storm_pomdp_control.py - Main family based on data from Storm: reduced design space from 131072 to 131072
2024-03-21 00:17:39,784 - storm_pomdp_control.py - Main family based on data from Storm: reduced design space from 65536 to 65536
2024-03-21 00:17:39,784 - storm_pomdp_control.py - Main family based on data from Storm: reduced design space from 32768 to 32768
2024-03-21 00:17:39,784 - storm_pomdp_control.py - Main family based on data from Storm: reduced design space from 8192 to 8192
2024-03-21 00:17:39,784 - storm_pomdp_control.py - Main family based on data from Storm: reduced design space from 8192 to 8192
2024-03-21 00:17:39,784 - storm_pomdp_control.py - Main family based on data from Storm: reduced design space from 2048 to 2048
2024-03-21 00:17:39,784 - storm_pomdp_control.py - Main family based on data from Storm: reduced design space from 2048 to 2048
2024-03-21 00:17:39,784 - storm_pomdp_control.py - Main family based on data from Storm: reduced design space from 256 to 256
2024-03-21 00:17:39,784 - storm_pomdp_control.py - Main family based on data from Storm: reduced design space from 128 to 128
2024-03-21 00:17:39,784 - storm_pomdp_control.py - Main family based on data from Storm: reduced design space from 128 to 128
2024-03-21 00:17:39,784 - synthesizer_ar_storm.py - State after Storm splitting: Main families - 23, Subfamilies - 0
> progress 0.382%, elapsed 348 s, estimated 91051 s (25 hours), iters = {MDP: 400566}, opt = 18.648
> progress 0.382%, elapsed 351 s, estimated 91764 s (25 hours), iters = {MDP: 405123}, opt = 18.648
> progress 0.382%, elapsed 354 s, estimated 92502 s (25 hours), iters = {MDP: 409451}, opt = 18.648
> progress 0.383%, elapsed 357 s, estimated 93089 s (25 hours), iters = {MDP: 414216}, opt = 18.648
> progress 0.413%, elapsed 360 s, estimated 87059 s (24 hours), iters = {MDP: 419678}, opt = 18.648
> progress 0.414%, elapsed 363 s, estimated 87571 s (24 hours), iters = {MDP: 424941}, opt = 18.648
> progress 0.418%, elapsed 366 s, estimated 87385 s (24 hours), iters = {MDP: 430054}, opt = 18.648
> progress 0.47%, elapsed 369 s, estimated 78533 s (21 hours), iters = {MDP: 434321}, opt = 18.648
-----------PAYNT-----------                     
Value = 18.014791624015352 | Time elapsed = 656.1s | FSC size = 26

-----------PAYNT-----------                     
Value = 17.965672192513395 | Time elapsed = 656.1s | FSC size = 26

> progress 0.47%, elapsed 372 s, estimated 79153 s (21 hours), iters = {MDP: 437077}, opt = 17.966
-----------PAYNT-----------                     
Value = 17.90831826008403 | Time elapsed = 661.9s | FSC size = 26

> progress 0.47%, elapsed 375 s, estimated 79771 s (22 hours), iters = {MDP: 440257}, opt = 17.908
> progress 0.47%, elapsed 378 s, estimated 80392 s (22 hours), iters = {MDP: 443446}, opt = 17.908
> progress 0.47%, elapsed 381 s, estimated 81015 s (22 hours), iters = {MDP: 446247}, opt = 17.908
> progress 0.47%, elapsed 384 s, estimated 81623 s (22 hours), iters = {MDP: 449095}, opt = 17.908
> progress 0.47%, elapsed 387 s, estimated 82249 s (22 hours), iters = {MDP: 452207}, opt = 17.908
-----------PAYNT-----------                     
Value = 17.832055301382 | Time elapsed = 676.8s | FSC size = 26

-----------PAYNT-----------                     
Value = 17.249537291430514 | Time elapsed = 676.8s | FSC size = 26

> progress 0.47%, elapsed 390 s, estimated 82870 s (23 hours), iters = {MDP: 455373}, opt = 17.25
-----------PAYNT-----------                     
Value = 17.187207824269198 | Time elapsed = 678.4s | FSC size = 26

> progress 0.47%, elapsed 393 s, estimated 83475 s (23 hours), iters = {MDP: 458509}, opt = 17.187
> progress 0.471%, elapsed 396 s, estimated 84090 s (23 hours), iters = {MDP: 461701}, opt = 17.187
> progress 0.471%, elapsed 399 s, estimated 84697 s (23 hours), iters = {MDP: 464854}, opt = 17.187
> progress 0.471%, elapsed 402 s, estimated 85302 s (23 hours), iters = {MDP: 468184}, opt = 17.187
-----------PAYNT-----------                     
Value = 16.983438622019186 | Time elapsed = 690.1s | FSC size = 26

-----------PAYNT-----------                     
Value = 16.505478429435932 | Time elapsed = 690.3s | FSC size = 26

> progress 0.472%, elapsed 405 s, estimated 85829 s (23 hours), iters = {MDP: 472060}, opt = 16.505
-----------PAYNT-----------                     
Value = 16.461456625422365 | Time elapsed = 692.4s | FSC size = 26

2024-03-21 00:18:39,400 - synthesizer_ar_storm.py - Pausing synthesis
2024-03-21 00:18:39,500 - storm_pomdp_control.py - Interactive Storm resumed
2024-03-21 00:18:39,500 - storm_pomdp_control.py - Updating FSC values in Storm
2024-03-21 00:18:49,520 - storm_pomdp_control.py - Pausing Storm
Finished exploring under-approximation MDP.
Start analysis...
-----------Storm-----------               
Value = 6.1582427728023275 | Time elapsed = 756.5s | FSC size = 307


------------------------------------

PAYNT results: 
16.461456625422365
controller size: 26

Storm results: 
6.1582427728023275
controller size: 307

------------------------------------

2024-03-21 00:19:42,577 - synthesizer_pomdp.py - Timeout for PAYNT started
2024-03-21 00:19:42,971 - synthesizer_ar_storm.py - Resuming synthesis
2024-03-21 00:19:42,972 - synthesizer_ar_storm.py - Applying family split according to Storm results
2024-03-21 00:19:42,972 - storm_pomdp_control.py - Main family based on data from Storm: reduced design space from 7247757312 to 7247757312
2024-03-21 00:19:42,972 - storm_pomdp_control.py - Main family based on data from Storm: reduced design space from 7247757312 to 7247757312
2024-03-21 00:19:42,972 - storm_pomdp_control.py - Main family based on data from Storm: reduced design space from 2415919104 to 2415919104
2024-03-21 00:19:42,972 - storm_pomdp_control.py - Main family based on data from Storm: reduced design space from 2415919104 to 2415919104
2024-03-21 00:19:42,973 - storm_pomdp_control.py - Main family based on data from Storm: reduced design space from 603979776 to 603979776
2024-03-21 00:19:42,973 - storm_pomdp_control.py - Main family based on data from Storm: reduced design space from 603979776 to 603979776
2024-03-21 00:19:42,973 - storm_pomdp_control.py - Main family based on data from Storm: reduced design space from 603979776 to 603979776
2024-03-21 00:19:42,973 - storm_pomdp_control.py - Main family based on data from Storm: reduced design space from 201326592 to 201326592
2024-03-21 00:19:42,973 - storm_pomdp_control.py - Main family based on data from Storm: reduced design space from 50331648 to 50331648
2024-03-21 00:19:42,973 - storm_pomdp_control.py - Main family based on data from Storm: reduced design space from 25165824 to 25165824
2024-03-21 00:19:42,973 - storm_pomdp_control.py - Main family based on data from Storm: reduced design space from 2097152 to 2097152
2024-03-21 00:19:42,974 - storm_pomdp_control.py - Main family based on data from Storm: reduced design space from 524288 to 524288
2024-03-21 00:19:42,974 - storm_pomdp_control.py - Main family based on data from Storm: reduced design space from 8192 to 8192
2024-03-21 00:19:42,974 - storm_pomdp_control.py - Main family based on data from Storm: reduced design space from 512 to 512
2024-03-21 00:19:42,974 - storm_pomdp_control.py - Main family based on data from Storm: reduced design space from 512 to 512
2024-03-21 00:19:42,974 - storm_pomdp_control.py - Main family based on data from Storm: reduced design space from 128 to 128
2024-03-21 00:19:42,974 - storm_pomdp_control.py - Main family based on data from Storm: reduced design space from 128 to 128
2024-03-21 00:19:42,974 - storm_pomdp_control.py - Main family based on data from Storm: reduced design space from 128 to 128
2024-03-21 00:19:42,975 - storm_pomdp_control.py - Main family based on data from Storm: reduced design space from 16 to 16
2024-03-21 00:19:42,975 - synthesizer_ar_storm.py - State after Storm splitting: Main families - 19, Subfamilies - 0
> progress 0.486%, elapsed 408 s, estimated 83876 s (23 hours), iters = {MDP: 476607}, opt = 16.461
> progress 0.488%, elapsed 411 s, estimated 84122 s (23 hours), iters = {MDP: 481572}, opt = 16.461
> progress 0.491%, elapsed 414 s, estimated 84342 s (23 hours), iters = {MDP: 486443}, opt = 16.461
> progress 0.493%, elapsed 417 s, estimated 84598 s (23 hours), iters = {MDP: 491209}, opt = 16.461
> progress 0.595%, elapsed 420 s, estimated 70581 s (19 hours), iters = {MDP: 496142}, opt = 16.461
> progress 0.597%, elapsed 423 s, estimated 70854 s (19 hours), iters = {MDP: 498863}, opt = 16.461
> progress 0.599%, elapsed 426 s, estimated 71076 s (19 hours), iters = {MDP: 501955}, opt = 16.461
> progress 0.609%, elapsed 429 s, estimated 70453 s (19 hours), iters = {MDP: 506542}, opt = 16.461
> progress 0.609%, elapsed 432 s, estimated 70903 s (19 hours), iters = {MDP: 511149}, opt = 16.461
> progress 0.609%, elapsed 435 s, estimated 71388 s (19 hours), iters = {MDP: 514891}, opt = 16.461
> progress 0.609%, elapsed 438 s, estimated 71866 s (19 hours), iters = {MDP: 518680}, opt = 16.461
> progress 0.609%, elapsed 441 s, estimated 72342 s (20 hours), iters = {MDP: 522992}, opt = 16.461
> progress 0.609%, elapsed 444 s, estimated 72813 s (20 hours), iters = {MDP: 526943}, opt = 16.461
> progress 0.61%, elapsed 447 s, estimated 73255 s (20 hours), iters = {MDP: 531734}, opt = 16.461
> progress 0.611%, elapsed 450 s, estimated 73653 s (20 hours), iters = {MDP: 536415}, opt = 16.461
> progress 0.611%, elapsed 453 s, estimated 74110 s (20 hours), iters = {MDP: 541135}, opt = 16.461
> progress 0.611%, elapsed 456 s, estimated 74560 s (20 hours), iters = {MDP: 545298}, opt = 16.461
> progress 0.611%, elapsed 459 s, estimated 75043 s (20 hours), iters = {MDP: 548664}, opt = 16.461
> progress 0.611%, elapsed 462 s, estimated 75520 s (20 hours), iters = {MDP: 552346}, opt = 16.461
> progress 0.612%, elapsed 465 s, estimated 75994 s (21 hours), iters = {MDP: 556559}, opt = 16.461
2024-03-21 00:20:42,644 - synthesizer_ar_storm.py - Pausing synthesis
2024-03-21 00:20:42,743 - storm_pomdp_control.py - Interactive Storm resumed
2024-03-21 00:20:42,743 - storm_pomdp_control.py - Updating FSC values in Storm
2024-03-21 00:20:52,763 - storm_pomdp_control.py - Pausing Storm
Finished exploring under-approximation MDP.
Start analysis...
-----------Storm-----------               
Value = 6.1582427728023275 | Time elapsed = 888.7s | FSC size = 307


------------------------------------

PAYNT results: 
16.461456625422365
controller size: 26

Storm results: 
6.1582427728023275
controller size: 307

------------------------------------

2024-03-21 00:21:54,830 - synthesizer_pomdp.py - Timeout for PAYNT started
2024-03-21 00:21:55,225 - synthesizer_ar_storm.py - Resuming synthesis
2024-03-21 00:21:55,225 - synthesizer_ar_storm.py - Applying family split according to Storm results
2024-03-21 00:21:55,226 - storm_pomdp_control.py - Main family based on data from Storm: reduced design space from 7247757312 to 7247757312
2024-03-21 00:21:55,226 - storm_pomdp_control.py - Main family based on data from Storm: reduced design space from 7247757312 to 7247757312
2024-03-21 00:21:55,226 - storm_pomdp_control.py - Main family based on data from Storm: reduced design space from 2415919104 to 2415919104
2024-03-21 00:21:55,226 - storm_pomdp_control.py - Main family based on data from Storm: reduced design space from 2415919104 to 2415919104
2024-03-21 00:21:55,226 - storm_pomdp_control.py - Main family based on data from Storm: reduced design space from 603979776 to 603979776
2024-03-21 00:21:55,226 - storm_pomdp_control.py - Main family based on data from Storm: reduced design space from 603979776 to 603979776
2024-03-21 00:21:55,226 - storm_pomdp_control.py - Main family based on data from Storm: reduced design space from 603979776 to 603979776
2024-03-21 00:21:55,226 - storm_pomdp_control.py - Main family based on data from Storm: reduced design space from 100663296 to 100663296
2024-03-21 00:21:55,226 - storm_pomdp_control.py - Main family based on data from Storm: reduced design space from 50331648 to 50331648
2024-03-21 00:21:55,226 - storm_pomdp_control.py - Main family based on data from Storm: reduced design space from 25165824 to 25165824
2024-03-21 00:21:55,226 - storm_pomdp_control.py - Main family based on data from Storm: reduced design space from 3145728 to 3145728
2024-03-21 00:21:55,226 - storm_pomdp_control.py - Main family based on data from Storm: reduced design space from 3145728 to 3145728
2024-03-21 00:21:55,226 - storm_pomdp_control.py - Main family based on data from Storm: reduced design space from 786432 to 786432
2024-03-21 00:21:55,226 - storm_pomdp_control.py - Main family based on data from Storm: reduced design space from 98304 to 98304
2024-03-21 00:21:55,226 - storm_pomdp_control.py - Main family based on data from Storm: reduced design space from 4096 to 4096
2024-03-21 00:21:55,227 - storm_pomdp_control.py - Main family based on data from Storm: reduced design space from 512 to 512
2024-03-21 00:21:55,227 - storm_pomdp_control.py - Main family based on data from Storm: reduced design space from 256 to 256
2024-03-21 00:21:55,227 - storm_pomdp_control.py - Main family based on data from Storm: reduced design space from 128 to 128
2024-03-21 00:21:55,227 - storm_pomdp_control.py - Main family based on data from Storm: reduced design space from 8 to 8
2024-03-21 00:21:55,227 - storm_pomdp_control.py - Main family based on data from Storm: reduced design space from 8 to 8
2024-03-21 00:21:55,227 - synthesizer_ar_storm.py - State after Storm splitting: Main families - 20, Subfamilies - 0
> progress 0.612%, elapsed 468 s, estimated 76463 s (21 hours), iters = {MDP: 560296}, opt = 16.461
> progress 0.612%, elapsed 471 s, estimated 76905 s (21 hours), iters = {MDP: 564561}, opt = 16.461
> progress 0.613%, elapsed 474 s, estimated 77339 s (21 hours), iters = {MDP: 569118}, opt = 16.461
> progress 0.621%, elapsed 477 s, estimated 76813 s (21 hours), iters = {MDP: 572126}, opt = 16.461
> progress 0.626%, elapsed 480 s, estimated 76627 s (21 hours), iters = {MDP: 575450}, opt = 16.461
> progress 0.632%, elapsed 483 s, estimated 76418 s (21 hours), iters = {MDP: 578670}, opt = 16.461
> progress 0.632%, elapsed 486 s, estimated 76836 s (21 hours), iters = {MDP: 581863}, opt = 16.461
> progress 0.632%, elapsed 489 s, estimated 77273 s (21 hours), iters = {MDP: 585371}, opt = 16.461
> progress 0.633%, elapsed 492 s, estimated 77719 s (21 hours), iters = {MDP: 588160}, opt = 16.461
> progress 0.641%, elapsed 495 s, estimated 77182 s (21 hours), iters = {MDP: 591687}, opt = 16.461
> progress 0.642%, elapsed 498 s, estimated 77510 s (21 hours), iters = {MDP: 594890}, opt = 16.461
> progress 0.642%, elapsed 501 s, estimated 77953 s (21 hours), iters = {MDP: 597962}, opt = 16.461
> progress 0.643%, elapsed 504 s, estimated 78390 s (21 hours), iters = {MDP: 602040}, opt = 16.461
> progress 0.643%, elapsed 507 s, estimated 78835 s (21 hours), iters = {MDP: 606113}, opt = 16.461
> progress 0.643%, elapsed 510 s, estimated 79273 s (22 hours), iters = {MDP: 609901}, opt = 16.461
> progress 0.643%, elapsed 513 s, estimated 79697 s (22 hours), iters = {MDP: 612829}, opt = 16.461
> progress 0.653%, elapsed 516 s, estimated 78960 s (21 hours), iters = {MDP: 615939}, opt = 16.461
> progress 0.654%, elapsed 519 s, estimated 79378 s (22 hours), iters = {MDP: 617886}, opt = 16.461
> progress 0.654%, elapsed 522 s, estimated 79782 s (22 hours), iters = {MDP: 620428}, opt = 16.461
> progress 0.655%, elapsed 525 s, estimated 80122 s (22 hours), iters = {MDP: 623509}, opt = 16.461
2024-03-21 00:22:54,896 - synthesizer_ar_storm.py - Pausing synthesis
2024-03-21 00:22:54,996 - storm_pomdp_control.py - Interactive Storm resumed
2024-03-21 00:22:54,996 - storm_pomdp_control.py - Updating FSC values in Storm
2024-03-21 00:23:05,013 - storm_pomdp_control.py - Pausing Storm
Finished exploring under-approximation MDP.
Start analysis...
-----------Storm-----------               
Value = 6.1582427728023275 | Time elapsed = 1025.0s | FSC size = 307


------------------------------------

PAYNT results: 
16.461456625422365
controller size: 26

Storm results: 
6.1582427728023275
controller size: 307

------------------------------------

2024-03-21 00:24:11,482 - synthesizer_ar_storm.py - Terminating controller synthesis
2024-03-21 00:24:11,483 - synthesizer.py - synthesis finished, printing synthesized assignment below:
2024-03-21 00:24:11,483 - synthesizer.py - A([goal=0	& in=0	& out=1	& switch=0],0)=left, A([goal=0	& in=0	& out=1	& switch=0],1)=right, A([goal=0	& in=0	& out=1	& switch=0],2)=up, A([goal=0	& in=0	& out=1	& switch=0],3)=right, M([goal=0	& in=0	& out=1	& switch=0],0)=3, M([goal=0	& in=0	& out=1	& switch=0],1)=2, M([goal=0	& in=0	& out=1	& switch=0],2)=3, M([goal=0	& in=0	& out=1	& switch=0],3)=1, A([goal=0	& in=0	& out=0	& switch=1],0)=l, A([goal=0	& in=0	& out=0	& switch=1],1)=r, A([goal=0	& in=0	& out=0	& switch=1],2)=r, A([goal=0	& in=0	& out=0	& switch=1],3)=r, M([goal=0	& in=0	& out=0	& switch=1],0)=3, M([goal=0	& in=0	& out=0	& switch=1],1)=1, M([goal=0	& in=0	& out=0	& switch=1],2)=2, M([goal=0	& in=0	& out=0	& switch=1],3)=0, M([goal=0	& in=1	& out=0	& switch=0],0)=3, M([goal=0	& in=1	& out=0	& switch=0],1)=1, M([goal=0	& in=1	& out=0	& switch=0],2)=2, M([goal=0	& in=1	& out=0	& switch=0],3)=0
2024-03-21 00:24:11,484 - synthesizer.py - double-checking specification satisfiability:  : 16.461456625422365
--------------------
Synthesis summary:
optimality objective: R[exp]{"steps"}min=? [F ((x = 1) & (y = 3))] 

method: AR, synthesis time: 525.69 s
number of holes: 20, family size: 1e10, quotient: 121 states / 1057 actions
explored: 0 %
MDP stats: avg MDP size: 121, iterations: 623981

optimum: 16.461457
--------------------
2024-03-21 00:24:11,484 - synthesizer_pomdp.py - Terminate: True
2024-03-21 00:24:11,484 - storm_pomdp_control.py - Storm POMDP analysis completed

------------------------------------

PAYNT results: 
16.461456625422365
controller size: 26

Storm results: 
6.1582427728023275
controller size: 307

------------------------------------

