ERROR (SpiritErrorHandler.h:27): Parsing error at 3:1:  expecting <model type>, here:
	@type: POMDP
	^

Finished exploring under-approximation MDP.
Start analysis...
starting Storm POMDP analysis
Storm value: 1.7776444512454546
===========================
belief count: 1000
max prob >0.5: 837 (83.7%)
max prob >0.9: 216 (21.6%)
Observations (overall count: 2 - count: 2): 0: 378 (37.8%), 2: 622 (62.2%), 
Supports (overall count: 10 - count: 5): (17, 15, 13): 355 (35.5%), (18, 14, 11): 79 (7.9%), (19, 18, 14, 11): 463 (46.3%), (19, 18, 14): 70 (7.0%), (17, 15): 17 (1.7%), 
===========================
4x3-95 22 9 1000 83.7 21.6 2 2 10 5
constructing pomdps
None    None    None    None    1.921
None    None    None    None    2.289
None    None    None    None    1.999
None    None    None    None    2.248
None    None    None    None    2.065
None    None    None    None    1.687
None    None    None    None    2.094
None    None    None    None    1.836
None    None    None    None    1.687
None    None    None    None    1.457
None    None    None    None    1.42
None    None    None    None    1.897
None    None    None    None    2.283
None    None    None    None    2.178
None    None    None    None    2.096
None    None    None    None    2.505
None    None    None    None    1.978
None    None    None    None    1.423
None    None    None    None    1.958
None    None    None    None    2.223
None    None    None    None    1.951
None    None    None    None    1.829
None    None    None    None    1.99
None    None    None    None    2.052
None    None    None    None    2.021
None    None    None    None    2.025
None    None    None    None    1.716
None    None    None    None    1.806
None    None    None    None    2.126
None    None    None    None    2.072
None    None    None    None    2.185
None    None    None    None    1.869
None    None    None    None    2.042
None    None    None    None    1.756
None    None    None    None    2.044
None    None    None    None    2.109
None    None    None    None    1.373
None    None    None    None    1.884
None    None    None    None    1.891
None    None    None    None    1.878
None    None    None    None    1.75
None    None    None    None    1.761
None    None    None    None    1.95
None    None    None    None    1.947
None    None    None    None    2.317
None    None    None    None    2.361
None    None    None    None    1.884
None    None    None    None    1.36
None    None    None    None    2.296
None    None    None    None    2.21
None    None    None    None    2.121
None    None    None    None    1.692
None    None    None    None    2.101
None    None    None    None    1.914
None    None    None    None    1.937
None    None    None    None    2.102
None    None    None    None    1.674
None    None    None    None    2.038
None    None    None    None    1.373
None    None    None    None    2.466
None    None    None    None    1.687
None    None    None    None    1.429
None    None    None    None    1.76
None    None    None    None    1.827
None    None    None    None    1.809
None    None    None    None    1.949
None    None    None    None    1.817
None    None    None    None    2.205
None    None    None    None    2.296
None    None    None    None    2.32
None    None    None    None    1.992
None    None    None    None    1.437
None    None    None    None    2.072
None    None    None    None    2.341
None    None    None    None    1.81
None    None    None    None    1.727
None    None    None    None    1.803
None    None    None    None    2.258
None    None    None    None    1.869
None    None    None    None    1.708
None    None    None    None    -0.707
None    None    None    None    2.086
None    None    None    None    1.85
None    None    None    None    1.749
None    None    None    None    1.699
None    None    None    None    1.898
None    None    None    None    1.924
None    None    None    None    2.323
None    None    None    None    2.131
None    None    None    None    1.804
None    None    None    None    1.656
None    None    None    None    1.689
None    None    None    None    2.089
None    None    None    None    2.259
None    None    None    None    2.292
None    None    None    None    1.874
None    None    None    None    1.988
None    None    None    None    2.118
None    None    None    None    2.045
None    None    None    None    2.16
None    None    None    None    1.374
None    None    None    None    2.301
None    None    None    None    2.255
None    None    None    None    2.035
None    None    None    None    1.374
None    None    None    None    1.855
None    None    None    None    2.5
None    None    None    None    1.818
None    None    None    None    2.017
None    None    None    None    1.836
None    None    None    None    2.071
None    None    None    None    1.321
None    None    None    None    1.868
None    None    None    None    1.822
None    None    None    None    2.417
None    None    None    None    2.058
None    None    None    None    2.348
None    None    None    None    1.704
None    None    None    None    1.386
None    None    None    None    2.295
None    None    None    None    1.628
None    None    None    None    2.264
None    None    None    None    1.91
None    None    None    None    1.748
None    None    None    None    1.805
None    None    None    None    2.055
None    None    None    None    1.711
None    None    None    None    1.39
None    None    None    None    1.969
None    None    None    None    2.325
None    None    None    None    1.905
None    None    None    None    2.095
None    None    None    None    1.743
None    None    None    None    1.854
None    None    None    None    2.322
None    None    None    None    2.224
None    None    None    None    1.793
None    None    None    None    1.766
None    None    None    None    2.082
None    None    None    None    1.414
None    None    None    None    2.242
None    None    None    None    1.645
None    None    None    None    2.062
None    None    None    None    1.395
None    None    None    None    1.813
None    None    None    None    1.924
None    None    None    None    2.095
None    None    None    None    1.885
None    None    None    None    2.182
None    None    None    None    1.694
None    None    None    None    1.7
None    None    None    None    2.398
None    None    None    None    1.892
None    None    None    None    1.626
None    None    None    None    1.794
None    None    None    None    2.067
None    None    None    None    1.861
None    None    None    None    1.696
None    None    None    None    2.116
None    None    None    None    1.923
None    None    None    None    1.944
None    None    None    None    1.822
None    None    None    None    2.017
None    None    None    None    1.894
None    None    None    None    1.885
None    None    None    None    1.36
None    None    None    None    1.919
None    None    None    None    1.696
None    None    None    None    2.108
None    None    None    None    1.918
None    None    None    None    1.364
None    None    None    None    1.892
None    None    None    None    1.753
None    None    None    None    2.28
None    None    None    None    2.022
None    None    None    None    2.187
None    None    None    None    2.132
None    None    None    None    1.692
None    None    None    None    1.357
None    None    None    None    2.069
None    None    None    None    1.766
None    None    None    None    1.438
None    None    None    None    1.927
None    None    None    None    2.451
None    None    None    None    1.695
None    None    None    None    1.957
None    None    None    None    2.229
None    None    None    None    1.387
None    None    None    None    1.403
None    None    None    None    1.878
None    None    None    None    2.042
None    None    None    None    1.7
None    None    None    None    2.29
None    None    None    None    1.784
None    None    None    None    1.813
None    None    None    None    1.866
None    None    None    None    2.057
None    None    None    None    1.953
None    None    None    None    1.824
None    None    None    None    1.848
Storm value: 1.7776444512454546
Storm POMDP analysis completed
