ERROR (SpiritErrorHandler.h:27): Parsing error at 3:1:  expecting <model type>, here:
	@type: POMDP
	^

Finished exploring under-approximation MDP.
Start analysis...
starting Storm POMDP analysis
Storm value: 194.06117344984844
===========================
belief count: 1000
max prob >0.5: 300 (30.0%)
max prob >0.9: 117 (11.7%)
Observations (overall count: 2 - count: 2): 1: 506 (50.6%), 0: 494 (49.4%), 
Supports (overall count: 3 - count: 3): (17, 15, 13, 8): 506 (50.6%), (16, 14, 12, 11, 10, 9): 336 (33.6%), (16, 14, 12, 11, 10): 158 (15.8%), 
===========================
network 19 5 1000 30.0 11.7 2 2 3 3
constructing pomdps
None    None    None    None    290.103
None    None    None    None    185.242
None    None    None    None    331.86
None    None    None    None    274.458
None    None    None    None    288.09
None    None    None    None    280.457
None    None    None    None    259.439
None    None    None    None    327.271
None    None    None    None    289.295
None    None    None    None    283.694
None    None    None    None    328.922
None    None    None    None    290.132
None    None    None    None    281.79
None    None    None    None    193.748
None    None    None    None    302.623
None    None    None    None    341.391
None    None    None    None    328.082
None    None    None    None    326.363
None    None    None    None    326.041
None    None    None    None    264.105
None    None    None    None    327.914
None    None    None    None    196.105
None    None    None    None    343.287
None    None    None    None    298.959
None    None    None    None    260.052
None    None    None    None    178.929
None    None    None    None    309.105
None    None    None    None    342.86
None    None    None    None    263.387
None    None    None    None    340.945
None    None    None    None    341.764
None    None    None    None    275.88
None    None    None    None    340.226
None    None    None    None    231.029
None    None    None    None    237.964
None    None    None    None    178.929
None    None    None    None    303.898
None    None    None    None    327.684
None    None    None    None    182.885
None    None    None    None    279.607
None    None    None    None    178.929
None    None    None    None    342.264
None    None    None    None    329.228
None    None    None    None    327.277
None    None    None    None    175.864
None    None    None    None    272.113
None    None    None    None    256.394
None    None    None    None    189.507
None    None    None    None    333.902
None    None    None    None    289.475
None    None    None    None    187.934
None    None    None    None    178.929
None    None    None    None    327.891
None    None    None    None    314.027
None    None    None    None    263.452
None    None    None    None    310.153
None    None    None    None    331.878
None    None    None    None    342.944
None    None    None    None    328.125
None    None    None    None    178.929
None    None    None    None    178.929
None    None    None    None    273.266
None    None    None    None    297.391
None    None    None    None    342.573
None    None    None    None    342.427
None    None    None    None    315.595
None    None    None    None    178.929
None    None    None    None    274.24
None    None    None    None    178.929
None    None    None    None    276.409
None    None    None    None    280.431
None    None    None    None    272.786
None    None    None    None    328.973
None    None    None    None    178.929
None    None    None    None    326.837
None    None    None    None    178.929
None    None    None    None    284.242
None    None    None    None    178.929
None    None    None    None    283.716
None    None    None    None    342.741
None    None    None    None    342.699
None    None    None    None    331.067
None    None    None    None    187.807
None    None    None    None    315.305
None    None    None    None    341.569
None    None    None    None    282.812
None    None    None    None    332.399
None    None    None    None    342.042
None    None    None    None    302.011
None    None    None    None    277.36
None    None    None    None    208.677
None    None    None    None    182.292
None    None    None    None    292.501
None    None    None    None    285.119
None    None    None    None    322.129
None    None    None    None    328.165
None    None    None    None    204.698
None    None    None    None    295.313
None    None    None    None    178.929
None    None    None    None    341.241
None    None    None    None    276.394
None    None    None    None    283.978
None    None    None    None    340.941
None    None    None    None    342.437
None    None    None    None    300.68
None    None    None    None    300.45
None    None    None    None    319.893
None    None    None    None    341.796
None    None    None    None    331.707
None    None    None    None    317.347
None    None    None    None    340.398
None    None    None    None    341.019
None    None    None    None    283.962
None    None    None    None    178.929
None    None    None    None    178.929
None    None    None    None    241.537
None    None    None    None    279.283
None    None    None    None    341.27
None    None    None    None    341.674
None    None    None    None    289.333
None    None    None    None    314.074
None    None    None    None    278.166
None    None    None    None    257.617
None    None    None    None    323.386
None    None    None    None    289.104
None    None    None    None    319.677
None    None    None    None    341.773
None    None    None    None    319.176
None    None    None    None    329.793
None    None    None    None    330.601
None    None    None    None    328.956
None    None    None    None    340.017
None    None    None    None    178.929
None    None    None    None    284.667
None    None    None    None    275.693
None    None    None    None    341.251
None    None    None    None    178.929
None    None    None    None    325.548
None    None    None    None    260.696
None    None    None    None    196.058
None    None    None    None    289.739
None    None    None    None    333.872
None    None    None    None    196.808
None    None    None    None    334.002
None    None    None    None    334.106
None    None    None    None    288.388
None    None    None    None    315.599
None    None    None    None    342.337
None    None    None    None    269.163
None    None    None    None    185.451
None    None    None    None    327.743
None    None    None    None    183.404
None    None    None    None    301.198
None    None    None    None    330.676
None    None    None    None    178.929
None    None    None    None    178.929
None    None    None    None    178.929
None    None    None    None    297.213
None    None    None    None    291.098
None    None    None    None    189.074
None    None    None    None    299.909
None    None    None    None    332.295
None    None    None    None    340.703
None    None    None    None    287.154
None    None    None    None    327.806
None    None    None    None    342.573
None    None    None    None    285.124
None    None    None    None    265.733
None    None    None    None    338.653
None    None    None    None    342.261
None    None    None    None    326.192
None    None    None    None    338.831
None    None    None    None    203.768
None    None    None    None    186.377
None    None    None    None    289.11
None    None    None    None    242.158
None    None    None    None    299.926
None    None    None    None    288.622
None    None    None    None    178.929
None    None    None    None    341.575
None    None    None    None    340.161
None    None    None    None    342.205
None    None    None    None    330.926
None    None    None    None    340.506
None    None    None    None    332.383
None    None    None    None    289.533
None    None    None    None    196.719
None    None    None    None    280.379
None    None    None    None    298.748
None    None    None    None    306.825
None    None    None    None    197.466
None    None    None    None    189.42
None    None    None    None    341.385
None    None    None    None    271.349
None    None    None    None    302.169
None    None    None    None    329.458
None    None    None    None    288.558
None    None    None    None    282.593
None    None    None    None    288.172
None    None    None    None    288.515
Storm value: 194.06117344984844
Storm POMDP analysis completed
