ERROR (SpiritErrorHandler.h:27): Parsing error at 3:1:  expecting <model type>, here:
	@type: POMDP
	^

Finished exploring under-approximation MDP.
Start analysis...
starting Storm POMDP analysis
Storm value: 417.4922822538375
===========================
belief count: 1000
max prob >0.5: 0 (0.0%)
max prob >0.9: 0 (0.0%)
Observations (overall count: 3 - count: 3): 1: 336 (33.6%), 0: 328 (32.8%), 2: 336 (33.6%), 
Supports (overall count: 7 - count: 7): (105, 103, 99, 51, 54, 58, 61, 65, 97, 68, 101, 72, 75, 79, 82, 95, 86, 89): 90 (9.0%), (101, 99, 93, 95, 37, 89, 40, 79, 44, 47, 86, 58, 61, 65, 91, 97, 68, 82): 130 (13.0%), (89, 86, 82, 79, 75, 30, 33, 72, 37, 40, 44, 47, 51, 54, 58, 61, 65, 68): 116 (11.6%), (88, 84, 81, 77, 74, 70, 67, 63, 60, 57, 28, 29, 71, 42, 32, 64, 35, 36, 78, 49, 39, 43, 85, 56, 46, 50, 53): 328 (32.8%), (90, 87, 83, 80, 76, 31, 34, 73, 38, 41, 45, 48, 52, 55, 59, 62, 66, 69): 118 (11.8%), (106, 104, 100, 52, 55, 59, 62, 66, 98, 69, 102, 73, 76, 80, 83, 96, 87, 90): 111 (11.1%), (102, 100, 94, 96, 38, 90, 41, 80, 45, 48, 87, 59, 62, 66, 92, 98, 69, 83): 107 (10.7%), 
===========================
query-s3 108 6 1000 0.0 0.0 3 3 7 7
constructing pomdps
None    None    None    None    397.49
None    None    None    None    329.092
None    None    None    None    336.382
None    None    None    None    326.144
None    None    None    None    331.3
None    None    None    None    330.335
None    None    None    None    331.532
None    None    None    None    338.854
None    None    None    None    335.132
None    None    None    None    331.018
None    None    None    None    329.485
None    None    None    None    337.581
Traceback (most recent call last):
  File "/home/fpmk/synthesis-playground/saynt_new_beliefs.py", line 468, in <module>
    old_fsc_belief_value = compute_belief_value(belief, belief_obs, minimizing, export)
  File "/home/fpmk/synthesis-playground/saynt_new_beliefs.py", line 225, in compute_belief_value
    for index, mem_values in enumerate(fsc_values[obs]):
IndexError: list index out of range

Storm value: 417.4922822538375
Storm POMDP analysis completed
