Finished exploring under-approximation MDP.
Start analysis...
starting Storm POMDP analysis
Storm value: 0.44585292200343984
===========================
belief count: 1000
max prob >0.5: 246 (24.6%)
max prob >0.9: 51 (5.1%)
Observations (overall count: 28 - count: 13): 1: 284 (28.4%), 2: 181 (18.1%), 3: 27 (2.7%), 7: 131 (13.1%), 5: 161 (16.1%), 21: 20 (2.0%), 38: 20 (2.0%), 24: 11 (1.1%), 10: 15 (1.5%), 0: 15 (1.5%), 11: 11 (1.1%), 13: 23 (2.3%), 27: 11 (1.1%), 
Supports (overall count: 674 - count: 0): 
===========================
refuel-08 470 66 1000 24.6 5.1 28 13 674 0
constructing pomdps
None    None    None    None    0.0
None    None    None    None    0.0
None    None    None    None    0.001
None    None    None    None    0.282
None    None    None    None    0.01
None    None    None    None    0.149
None    None    None    None    0.011
None    None    None    None    0.0
None    None    None    None    0.002
None    None    None    None    0.0
None    None    None    None    0.005
None    None    None    None    0.0
None    None    None    None    0.004
None    None    None    None    0.229
None    None    None    None    0.111
None    None    None    None    0.0
None    None    None    None    0.0
None    None    None    None    0.263
None    None    None    None    0.049
None    None    None    None    0.319
None    None    None    None    0.714
None    None    None    None    0.453
None    None    None    None    0.005
None    None    None    None    0.061
None    None    None    None    0.0
None    None    None    None    0.0
None    None    None    None    0.0
None    None    None    None    0.101
None    None    None    None    0.0
None    None    None    None    0.0
None    None    None    None    0.08
None    None    None    None    0.0
None    None    None    None    0.0
None    None    None    None    0.471
None    None    None    None    0.138
None    None    None    None    0.0
None    None    None    None    0.0
None    None    None    None    0.0
None    None    None    None    0.0
None    None    None    None    0.0
None    None    None    None    0.007
None    None    None    None    0.159
None    None    None    None    0.0
None    None    None    None    0.075
None    None    None    None    0.06
None    None    None    None    0.0
None    None    None    None    0.0
None    None    None    None    0.131
None    None    None    None    0.0
None    None    None    None    0.031
None    None    None    None    0.0
None    None    None    None    0.364
None    None    None    None    0.0
None    None    None    None    0.129
None    None    None    None    0.0
None    None    None    None    0.0
None    None    None    None    0.0
None    None    None    None    0.02
None    None    None    None    0.0
None    None    None    None    0.0
None    None    None    None    0.0
None    None    None    None    0.0
None    None    None    None    0.0
None    None    None    None    0.168
None    None    None    None    0.0
None    None    None    None    0.018
None    None    None    None    0.254
None    None    None    None    0.0
None    None    None    None    0.0
None    None    None    None    0.0
None    None    None    None    0.0
None    None    None    None    0.0
None    None    None    None    0.0
None    None    None    None    0.0
None    None    None    None    0.27
None    None    None    None    0.0
None    None    None    None    0.186
None    None    None    None    0.059
None    None    None    None    0.283
None    None    None    None    0.0
None    None    None    None    0.043
None    None    None    None    0.0
None    None    None    None    0.0
None    None    None    None    0.003
None    None    None    None    0.027
None    None    None    None    0.215
None    None    None    None    0.026
None    None    None    None    0.0
None    None    None    None    0.007
None    None    None    None    0.0
None    None    None    None    0.008
None    None    None    None    0.023
None    None    None    None    0.019
None    None    None    None    0.0
None    None    None    None    0.067
None    None    None    None    0.0
None    None    None    None    0.0
None    None    None    None    0.0
None    None    None    None    0.0
None    None    None    None    0.261
None    None    None    None    0.049
None    None    None    None    0.0
None    None    None    None    0.0
None    None    None    None    0.46
None    None    None    None    0.0
None    None    None    None    0.43
None    None    None    None    0.0
None    None    None    None    0.0
None    None    None    None    0.0
None    None    None    None    0.028
None    None    None    None    0.251
None    None    None    None    0.015
None    None    None    None    0.089
None    None    None    None    0.161
None    None    None    None    0.021
None    None    None    None    0.014
None    None    None    None    0.0
None    None    None    None    0.0
None    None    None    None    0.041
None    None    None    None    0.0
None    None    None    None    0.0
None    None    None    None    0.964
None    None    None    None    0.0
None    None    None    None    0.0
None    None    None    None    0.0
None    None    None    None    0.208
None    None    None    None    0.0
None    None    None    None    0.0
None    None    None    None    0.172
None    None    None    None    0.0
None    None    None    None    0.065
None    None    None    None    0.0
None    None    None    None    0.0
None    None    None    None    0.0
None    None    None    None    0.0
None    None    None    None    0.163
None    None    None    None    0.0
None    None    None    None    0.0
None    None    None    None    0.013
None    None    None    None    0.0
None    None    None    None    0.046
None    None    None    None    0.0
None    None    None    None    0.025
None    None    None    None    0.0
None    None    None    None    0.0
None    None    None    None    0.241
None    None    None    None    0.412
None    None    None    None    0.0
None    None    None    None    0.289
None    None    None    None    0.0
None    None    None    None    0.0
None    None    None    None    0.0
None    None    None    None    0.015
None    None    None    None    0.0
None    None    None    None    0.178
None    None    None    None    0.062
None    None    None    None    0.0
None    None    None    None    0.02
None    None    None    None    0.0
None    None    None    None    0.085
None    None    None    None    0.045
None    None    None    None    0.071
None    None    None    None    0.0
None    None    None    None    0.0
None    None    None    None    0.064
None    None    None    None    0.0
None    None    None    None    0.597
None    None    None    None    0.0
None    None    None    None    0.0
None    None    None    None    0.056
None    None    None    None    0.0
None    None    None    None    0.0
None    None    None    None    0.0
None    None    None    None    0.0
None    None    None    None    0.066
None    None    None    None    0.0
None    None    None    None    0.0
None    None    None    None    0.0
None    None    None    None    0.414
None    None    None    None    0.082
None    None    None    None    0.0
None    None    None    None    0.0
None    None    None    None    0.0
None    None    None    None    0.0
None    None    None    None    0.06
None    None    None    None    0.0
None    None    None    None    0.063
None    None    None    None    0.136
None    None    None    None    0.198
None    None    None    None    0.0
None    None    None    None    0.0
None    None    None    None    0.025
None    None    None    None    0.0
None    None    None    None    0.0
None    None    None    None    0.414
None    None    None    None    0.185
None    None    None    None    0.0
None    None    None    None    0.0
None    None    None    None    0.0
None    None    None    None    0.101
Storm value: 0.44585292200343984
Storm POMDP analysis completed
