ERROR (SpiritErrorHandler.h:27): Parsing error at 3:1:  expecting <model type>, here:
	@type: POMDP
	^

===========================
belief count: 1000
max prob >0.5: 837 (83.7%)
max prob >0.9: 216 (21.6%)
Observations (overall count: 2 - count: 2): 0: 378 (37.8%), 2: 622 (62.2%), 
Supports (overall count: 10 - count: 5): (17, 15, 13): 355 (35.5%), (18, 14, 11): 79 (7.9%), (19, 18, 14, 11): 463 (46.3%), (19, 18, 14): 70 (7.0%), (17, 15): 17 (1.7%), 
===========================
4x3-95 22 9 1000 83.7 21.6 2 2 10 5
constructing pomdps
None    None    None    None    1.527
None    None    None    None    0.343
None    None    None    None    -0.026
None    None    None    None    0.277
None    None    None    None    -0.086
None    None    None    None    -0.685
None    None    None    None    -1.018
None    None    None    None    -0.217
None    None    None    None    -0.682
None    None    None    None    -0.633
None    None    None    None    -0.69
None    None    None    None    -0.146
None    None    None    None    0.316
None    None    None    None    0.198
None    None    None    None    -1.01
None    None    None    None    0.434
None    None    None    None    -0.039
None    None    None    None    -0.637
None    None    None    None    -0.397
None    None    None    None    0.23
None    None    None    None    -0.604
None    None    None    None    -0.236
None    None    None    None    -0.213
None    None    None    None    0.255
None    None    None    None    -0.008
None    None    None    None    0.221
None    None    None    None    -0.66
None    None    None    None    -0.442
None    None    None    None    0.114
None    None    None    None    -0.009
None    None    None    None    0.212
None    None    None    None    -0.18
None    None    None    None    0.24
None    None    None    None    -0.335
None    None    None    None    -0.766
None    None    None    None    0.121
None    None    None    None    -0.698
None    None    None    None    -0.395
None    None    None    None    -0.713
None    None    None    None    -0.514
None    None    None    None    -0.707
None    None    None    None    -0.55
None    None    None    None    -0.305
None    None    None    None    0.119
None    None    None    None    0.359
None    None    None    None    0.379
None    None    None    None    -0.171
None    None    None    None    -0.696
None    None    None    None    0.342
None    None    None    None    0.146
None    None    None    None    0.099
None    None    None    None    -0.649
None    None    None    None    -1.031
None    None    None    None    -0.149
None    None    None    None    -0.229
None    None    None    None    -1.013
None    None    None    None    -0.5
None    None    None    None    -0.797
None    None    None    None    -0.7
None    None    None    None    0.389
None    None    None    None    -0.684
None    None    None    None    -0.631
None    None    None    None    -0.517
None    None    None    None    -0.242
None    None    None    None    -0.584
None    None    None    None    0.12
None    None    None    None    -0.583
None    None    None    None    0.087
None    None    None    None    0.352
None    None    None    None    0.363
None    None    None    None    0.174
None    None    None    None    -0.634
None    None    None    None    -1.003
None    None    None    None    0.372
None    None    None    None    -0.243
None    None    None    None    -0.424
None    None    None    None    -0.196
None    None    None    None    0.289
None    None    None    None    -0.176
None    None    None    None    -0.559
None    None    None    None    -0.92
None    None    None    None    -0.048
None    None    None    None    -0.217
None    None    None    None    -0.358
None    None    None    None    -0.56
None    None    None    None    0.041
None    None    None    None    -0.557
None    None    None    None    0.366
None    None    None    None    0.129
None    None    None    None    -0.437
None    None    None    None    -0.441
None    None    None    None    -0.69
None    None    None    None    -0.989
None    None    None    None    0.288
None    None    None    None    0.329
None    None    None    None    -0.448
None    None    None    None    -0.936
None    None    None    None    -1.059
None    None    None    None    0.019
None    None    None    None    0.181
None    None    None    None    -0.681
None    None    None    None    0.34
None    None    None    None    0.269
None    None    None    None    0.232
None    None    None    None    -0.699
None    None    None    None    -0.02
None    None    None    None    0.43
None    None    None    None    -0.167
None    None    None    None    0.208
None    None    None    None    -0.775
None    None    None    None    0.277
None    None    None    None    -0.628
None    None    None    None    -0.634
None    None    None    None    -0.356
None    None    None    None    0.376
None    None    None    None    -0.177
None    None    None    None    0.3
None    None    None    None    -0.625
None    None    None    None    -0.688
None    None    None    None    0.332
None    None    None    None    -0.454
None    None    None    None    0.31
None    None    None    None    -0.237
None    None    None    None    -0.605
None    None    None    None    -0.502
None    None    None    None    0.258
None    None    None    None    -0.527
None    None    None    None    -0.69
None    None    None    None    0.147
None    None    None    None    0.249
None    None    None    None    -0.17
None    None    None    None    -1.003
None    None    None    None    -0.594
None    None    None    None    -0.635
None    None    None    None    0.366
None    None    None    None    0.239
None    None    None    None    -0.697
None    None    None    None    -0.31
None    None    None    None    -0.997
None    None    None    None    -0.692
None    None    None    None    0.163
None    None    None    None    -0.685
None    None    None    None    -0.917
None    None    None    None    -0.66
None    None    None    None    -0.265
None    None    None    None    -0.194
None    None    None    None    -1.013
None    None    None    None    0.012
None    None    None    None    0.194
None    None    None    None    -0.687
None    None    None    None    -0.68
None    None    None    None    0.343
None    None    None    None    -0.459
None    None    None    None    -0.474
None    None    None    None    -0.267
None    None    None    None    0.273
None    None    None    None    -0.336
None    None    None    None    -0.656
None    None    None    None    0.093
None    None    None    None    -0.392
None    None    None    None    -0.103
None    None    None    None    -0.259
None    None    None    None    -0.025
None    None    None    None    -0.474
None    None    None    None    -0.384
None    None    None    None    -0.696
None    None    None    None    -0.474
None    None    None    None    -0.694
None    None    None    None    -1.019
None    None    None    None    -0.125
None    None    None    None    -0.689
None    None    None    None    -0.17
None    None    None    None    -0.328
None    None    None    None    0.313
None    None    None    None    -0.111
None    None    None    None    0.214
None    None    None    None    0.137
None    None    None    None    -0.685
None    None    None    None    -0.696
None    None    None    None    0.275
None    None    None    None    -0.299
None    None    None    None    -0.641
None    None    None    None    -0.329
None    None    None    None    0.414
None    None    None    None    -0.668
None    None    None    None    -0.317
None    None    None    None    0.251
None    None    None    None    -0.678
None    None    None    None    -0.673
None    None    None    None    -0.631
None    None    None    None    -0.022
None    None    None    None    -0.659
None    None    None    None    0.327
None    None    None    None    -0.731
None    None    None    None    -0.71
None    None    None    None    -0.244
None    None    None    None    -0.106
None    None    None    None    -0.896
None    None    None    None    -0.257
None    None    None    None    -0.737
