 WARN (FormulaParserGrammar.cpp:338): Identifier `R' coincides with a reserved keyword or operator. Property expressions using the variable or constant 'R' will not be parsed correctly.
===========================
belief count: 1000
max prob >0.5: 2 (0.2%)
max prob >0.9: 0 (0.0%)
Observations (overall count: 48 - count: 35): 33: 32 (3.2%), 12: 41 (4.1%), 96: 33 (3.3%), 66: 12 (1.2%), 47: 64 (6.4%), 21: 23 (2.3%), 70: 13 (1.3%), 46: 19 (1.9%), 93: 58 (5.8%), 14: 32 (3.2%), 31: 46 (4.6%), 57: 17 (1.7%), 58: 37 (3.7%), 49: 19 (1.9%), 61: 25 (2.5%), 56: 20 (2.0%), 48: 35 (3.5%), 77: 41 (4.1%), 81: 29 (2.9%), 29: 12 (1.2%), 94: 16 (1.6%), 84: 24 (2.4%), 54: 34 (3.4%), 80: 22 (2.2%), 91: 28 (2.8%), 20: 20 (2.0%), 50: 12 (1.2%), 60: 27 (2.7%), 3: 13 (1.3%), 0: 19 (1.9%), 2: 18 (1.8%), 17: 20 (2.0%), 1: 20 (2.0%), 4: 20 (2.0%), 44: 13 (1.3%), 
Supports (overall count: 382 - count: 16): (451, 299, 214, 211, 36, 25, 77, 26, 78, 30, 31, 34, 574, 23, 81, 120, 285, 24, 111): 29 (2.9%), (576, 301, 99, 125, 216, 87, 287, 113, 88, 89, 86, 115, 94, 95, 93, 122): 45 (4.5%), (773, 497, 498, 511, 550, 992, 499, 530, 532, 539, 546, 583, 587, 768, 536, 594): 24 (2.4%), (998, 763, 578, 764, 474, 464, 233, 235, 251, 303, 252, 255, 307, 257, 289, 266, 234, 263, 292): 12 (1.2%), (988, 753, 288, 100, 126, 101, 102, 219, 103, 116, 220, 104, 117, 105, 454, 106, 107, 108): 12 (1.2%), (765, 230, 256, 308, 579, 231, 236, 238, 290, 253, 254, 989, 293, 258, 304, 476): 27 (2.7%), (580, 243, 244, 245, 246, 247, 260, 248, 250, 755, 262, 291, 990, 294, 259, 462): 15 (1.5%), (449, 297, 212, 209, 468, 4, 17, 5, 221, 18, 283, 109, 27, 572, 79, 2, 118, 3, 32, 73, 74): 28 (2.8%), (467, 756, 466, 991, 295, 269, 282, 270, 271, 272, 273, 767, 274, 275, 276, 277, 278, 279, 280): 15 (1.5%), (575, 761, 471, 300, 96, 98, 994, 124, 90, 91, 83, 286, 112, 85, 114, 92, 121, 224): 11 (1.1%), (723, 601, 432, 412, 319, 11, 141, 14, 8, 66, 183, 39, 57, 42, 129, 16, 132, 313, 197): 11 (1.1%), (469, 298, 210, 222, 19, 284, 110, 20, 33, 21, 35, 28, 573, 22, 80, 119, 29, 75, 76): 36 (3.6%), (725, 434, 414, 44, 46, 59, 48, 61, 50, 68, 185, 71, 136, 134, 315, 199): 11 (1.1%), (995, 775, 770, 515, 528, 541, 516, 517, 518, 519, 520, 521, 522, 523, 525, 527): 20 (2.0%), (1000, 871, 865, 860, 857, 853, 827, 806, 790, 819, 809, 810, 811, 812, 825, 793, 851, 788, 817): 15 (1.5%), (761, 471, 300, 575, 82, 96, 98, 124, 90, 91, 121, 92, 286, 83, 112, 85, 114, 224): 11 (1.1%), 
===========================
drone-4-1 1226 384 1000 0.2 0.0 48 35 382 16
constructing pomdps
None    None    None    None    0.685
None    None    None    None    0.708
None    None    None    None    0.721
None    None    None    None    0.762
None    None    None    None    0.716
None    None    None    None    0.833
None    None    None    None    0.742
None    None    None    None    0.682
None    None    None    None    0.708
None    None    None    None    0.841
None    None    None    None    0.749
None    None    None    None    0.815
None    None    None    None    0.839
None    None    None    None    0.823
None    None    None    None    0.921
None    None    None    None    0.897
None    None    None    None    0.959
None    None    None    None    0.745
None    None    None    None    0.827
None    None    None    None    0.94
None    None    None    None    0.728
None    None    None    None    0.686
None    None    None    None    0.753
None    None    None    None    0.832
None    None    None    None    0.682
None    None    None    None    0.745
None    None    None    None    0.689
None    None    None    None    0.811
None    None    None    None    0.694
None    None    None    None    0.936
None    None    None    None    0.999
None    None    None    None    0.748
None    None    None    None    0.685
None    None    None    None    0.686
None    None    None    None    0.684
None    None    None    None    0.845
None    None    None    None    0.816
None    None    None    None    0.686
None    None    None    None    0.843
None    None    None    None    0.751
None    None    None    None    0.689
None    None    None    None    0.683
None    None    None    None    0.793
None    None    None    None    0.742
None    None    None    None    0.745
None    None    None    None    0.981
None    None    None    None    0.811
None    None    None    None    0.686
None    None    None    None    0.845
None    None    None    None    0.729
None    None    None    None    0.689
None    None    None    None    0.749
None    None    None    None    0.689
None    None    None    None    0.686
None    None    None    None    0.871
None    None    None    None    0.997
None    None    None    None    0.684
None    None    None    None    0.686
None    None    None    None    0.707
None    None    None    None    0.728
None    None    None    None    0.685
None    None    None    None    0.708
None    None    None    None    0.684
None    None    None    None    0.815
None    None    None    None    0.754
None    None    None    None    0.749
None    None    None    None    0.83
None    None    None    None    0.709
None    None    None    None    0.743
None    None    None    None    0.788
None    None    None    None    0.816
None    None    None    None    0.817
None    None    None    None    0.912
None    None    None    None    0.957
None    None    None    None    0.689
None    None    None    None    0.683
None    None    None    None    0.686
None    None    None    None    0.706
None    None    None    None    0.752
None    None    None    None    0.94
None    None    None    None    0.748
None    None    None    None    0.934
None    None    None    None    0.685
None    None    None    None    0.747
None    None    None    None    0.684
None    None    None    None    0.745
None    None    None    None    0.834
None    None    None    None    0.685
None    None    None    None    0.999
None    None    None    None    0.715
None    None    None    None    0.745
None    None    None    None    0.745
None    None    None    None    0.962
None    None    None    None    0.751
None    None    None    None    0.998
None    None    None    None    0.921
None    None    None    None    0.749
None    None    None    None    0.685
None    None    None    None    0.752
None    None    None    None    0.828
None    None    None    None    0.742
None    None    None    None    0.75
None    None    None    None    0.746
None    None    None    None    0.83
None    None    None    None    0.75
None    None    None    None    0.852
None    None    None    None    0.72
None    None    None    None    0.707
None    None    None    None    0.8
None    None    None    None    0.815
None    None    None    None    0.85
None    None    None    None    0.997
None    None    None    None    0.887
None    None    None    None    0.812
None    None    None    None    0.689
None    None    None    None    0.976
None    None    None    None    0.908
None    None    None    None    0.826
None    None    None    None    0.996
None    None    None    None    0.914
None    None    None    None    0.967
None    None    None    None    0.749
None    None    None    None    0.684
None    None    None    None    0.745
None    None    None    None    0.746
None    None    None    None    0.721
None    None    None    None    0.798
None    None    None    None    0.996
None    None    None    None    0.752
None    None    None    None    0.69
None    None    None    None    0.686
None    None    None    None    0.941
None    None    None    None    0.685
None    None    None    None    0.919
None    None    None    None    0.991
None    None    None    None    0.757
None    None    None    None    0.689
None    None    None    None    0.718
None    None    None    None    0.832
None    None    None    None    0.768
None    None    None    None    0.996
None    None    None    None    0.713
None    None    None    None    0.813
None    None    None    None    0.748
None    None    None    None    0.995
None    None    None    None    0.832
None    None    None    None    0.685
None    None    None    None    0.921
None    None    None    None    0.707
None    None    None    None    0.838
None    None    None    None    0.709
None    None    None    None    0.707
None    None    None    None    0.728
None    None    None    None    0.813
None    None    None    None    0.993
None    None    None    None    0.793
None    None    None    None    0.744
None    None    None    None    0.98
None    None    None    None    0.901
None    None    None    None    0.9
None    None    None    None    0.686
None    None    None    None    0.882
None    None    None    None    0.828
None    None    None    None    0.744
None    None    None    None    0.749
None    None    None    None    0.689
None    None    None    None    0.681
None    None    None    None    0.918
None    None    None    None    0.811
None    None    None    None    0.688
None    None    None    None    0.984
None    None    None    None    0.827
None    None    None    None    0.689
None    None    None    None    0.683
None    None    None    None    0.832
None    None    None    None    0.707
None    None    None    None    0.754
None    None    None    None    0.816
None    None    None    None    0.707
None    None    None    None    0.822
None    None    None    None    0.72
None    None    None    None    0.686
None    None    None    None    0.994
None    None    None    None    0.935
None    None    None    None    0.68
None    None    None    None    0.743
None    None    None    None    0.851
None    None    None    None    0.914
None    None    None    None    0.686
None    None    None    None    0.846
None    None    None    None    0.684
None    None    None    None    0.833
None    None    None    None    0.817
None    None    None    None    0.744
None    None    None    None    0.689
None    None    None    None    0.863
None    None    None    None    0.69
None    None    None    None    0.995
None    None    None    None    0.706
None    None    None    None    0.706
