ERROR (SpiritErrorHandler.h:27): Parsing error at 3:1:  expecting <model type>, here:
	@type: POMDP
	^

===========================
belief count: 1000
max prob >0.5: 300 (30.0%)
max prob >0.9: 117 (11.7%)
Observations (overall count: 2 - count: 2): 1: 506 (50.6%), 0: 494 (49.4%), 
Supports (overall count: 3 - count: 3): (17, 15, 13, 8): 506 (50.6%), (16, 14, 12, 11, 10, 9): 336 (33.6%), (16, 14, 12, 11, 10): 158 (15.8%), 
===========================
network 19 5 1000 30.0 11.7 2 2 3 3
constructing pomdps
None    None    None    None    268.695
None    None    None    None    0.191
None    None    None    None    118.698
None    None    None    None    75.179
None    None    None    None    86.005
None    None    None    None    79.719
None    None    None    None    0.191
None    None    None    None    115.066
None    None    None    None    87.452
None    None    None    None    0.191
None    None    None    None    116.425
None    None    None    None    88.299
None    None    None    None    0.191
None    None    None    None    0.191
None    None    None    None    97.584
None    None    None    None    125.682
None    None    None    None    115.682
None    None    None    None    114.37
None    None    None    None    114.1
None    None    None    None    0.191
None    None    None    None    115.545
None    None    None    None    0.191
None    None    None    None    127.441
None    None    None    None    0.191
None    None    None    None    0.191
None    None    None    None    0.191
None    None    None    None    102.364
None    None    None    None    126.971
None    None    None    None    0.191
None    None    None    None    126.186
None    None    None    None    127.068
None    None    None    None    0.191
None    None    None    None    125.439
None    None    None    None    0.191
None    None    None    None    0.191
None    None    None    None    0.191
None    None    None    None    98.375
None    None    None    None    115.288
None    None    None    None    0.191
None    None    None    None    78.947
None    None    None    None    0.191
None    None    None    None    126.477
None    None    None    None    116.955
None    None    None    None    115.075
None    None    None    None    0.191
None    None    None    None    0.191
None    None    None    None    0.191
None    None    None    None    0.191
None    None    None    None    120.483
None    None    None    None    87.603
None    None    None    None    0.191
None    None    None    None    0.191
None    None    None    None    115.523
None    None    None    None    105.744
None    None    None    None    0.191
None    None    None    None    0.191
None    None    None    None    118.946
None    None    None    None    127.053
None    None    None    None    115.722
None    None    None    None    0.191
None    None    None    None    0.191
None    None    None    None    0.191
None    None    None    None    93.892
None    None    None    None    126.614
None    None    None    None    126.481
None    None    None    None    107.012
None    None    None    None    0.191
None    None    None    None    0.191
None    None    None    None    0.191
None    None    None    None    0.191
None    None    None    None    0.191
None    None    None    None    0.191
None    None    None    None    116.472
None    None    None    None    0.191
None    None    None    None    114.707
None    None    None    None    0.191
None    None    None    None    0.191
None    None    None    None    0.191
None    None    None    None    0.191
None    None    None    None    126.966
None    None    None    None    126.918
None    None    None    None    118.119
None    None    None    None    0.191
None    None    None    None    106.53
None    None    None    None    126.832
None    None    None    None    0.191
None    None    None    None    119.346
None    None    None    None    126.184
None    None    None    None    97.215
None    None    None    None    0.191
None    None    None    None    0.191
None    None    None    None    0.191
None    None    None    None    90.205
None    None    None    None    83.435
None    None    None    None    111.736
None    None    None    None    115.749
None    None    None    None    0.191
None    None    None    None    0.191
None    None    None    None    0.191
None    None    None    None    126.48
None    None    None    None    0.191
None    None    None    None    0.191
None    None    None    None    126.168
None    None    None    None    126.487
None    None    None    None    95.853
None    None    None    None    0.191
None    None    None    None    110.098
None    None    None    None    127.107
None    None    None    None    118.697
None    None    None    None    108.373
None    None    None    None    125.619
None    None    None    None    125.307
None    None    None    None    0.191
None    None    None    None    0.191
None    None    None    None    0.191
None    None    None    None    0.191
None    None    None    None    0.191
None    None    None    None    126.508
None    None    None    None    126.956
None    None    None    None    0.191
None    None    None    None    105.768
None    None    None    None    0.191
None    None    None    None    0.191
None    None    None    None    112.733
None    None    None    None    0.191
None    None    None    None    109.974
None    None    None    None    127.078
None    None    None    None    109.613
None    None    None    None    117.288
None    None    None    None    118.098
None    None    None    None    116.44
None    None    None    None    125.24
None    None    None    None    0.191
None    None    None    None    0.191
None    None    None    None    0.191
None    None    None    None    126.489
None    None    None    None    0.191
None    None    None    None    113.717
None    None    None    None    0.191
None    None    None    None    0.191
None    None    None    None    87.869
None    None    None    None    120.166
None    None    None    None    0.191
None    None    None    None    120.559
None    None    None    None    120.639
None    None    None    None    0.191
None    None    None    None    107.044
None    None    None    None    126.517
None    None    None    None    0.191
None    None    None    None    0.191
None    None    None    None    115.334
None    None    None    None    0.191
None    None    None    None    96.458
None    None    None    None    117.938
None    None    None    None    0.191
None    None    None    None    0.191
None    None    None    None    0.191
None    None    None    None    0.191
None    None    None    None    89.059
None    None    None    None    0.191
None    None    None    None    0.191
None    None    None    None    119.26
None    None    None    None    125.931
None    None    None    None    85.057
None    None    None    None    115.456
None    None    None    None    126.613
None    None    None    None    83.438
None    None    None    None    0.191
None    None    None    None    126.071
None    None    None    None    126.343
None    None    None    None    114.244
None    None    None    None    126.262
None    None    None    None    0.191
None    None    None    None    0.191
None    None    None    None    0.191
None    None    None    None    0.191
None    None    None    None    0.191
None    None    None    None    86.187
None    None    None    None    0.191
None    None    None    None    126.848
None    None    None    None    124.586
None    None    None    None    126.3
None    None    None    None    118.234
None    None    None    None    124.875
None    None    None    None    119.417
None    None    None    None    0.191
None    None    None    None    0.191
None    None    None    None    79.58
None    None    None    None    94.503
None    None    None    None    100.481
None    None    None    None    0.191
None    None    None    None    0.191
None    None    None    None    125.634
None    None    None    None    72.835
None    None    None    None    97.149
None    None    None    None    117.042
None    None    None    None    0.191
None    None    None    None    0.191
None    None    None    None    86.287
None    None    None    None    86.05
