ERROR (SpiritErrorHandler.h:27): Parsing error at 3:1:  expecting <model type>, here:
	@type: POMDP
	^

===========================
belief count: 1000
max prob >0.5: 0 (0.0%)
max prob >0.9: 0 (0.0%)
Observations (overall count: 3 - count: 3): 1: 336 (33.6%), 0: 328 (32.8%), 2: 336 (33.6%), 
Supports (overall count: 7 - count: 7): (105, 103, 99, 51, 54, 58, 61, 65, 97, 68, 101, 72, 75, 79, 82, 95, 86, 89): 90 (9.0%), (101, 99, 93, 95, 37, 89, 40, 79, 44, 47, 86, 58, 61, 65, 91, 97, 68, 82): 130 (13.0%), (89, 86, 82, 79, 75, 30, 33, 72, 37, 40, 44, 47, 51, 54, 58, 61, 65, 68): 116 (11.6%), (88, 84, 81, 77, 74, 70, 67, 63, 60, 57, 28, 29, 71, 42, 32, 64, 35, 36, 78, 49, 39, 43, 85, 56, 46, 50, 53): 328 (32.8%), (90, 87, 83, 80, 76, 31, 34, 73, 38, 41, 45, 48, 52, 55, 59, 62, 66, 69): 118 (11.8%), (106, 104, 100, 52, 55, 59, 62, 66, 98, 69, 102, 73, 76, 80, 83, 96, 87, 90): 111 (11.1%), (102, 100, 94, 96, 38, 90, 41, 80, 45, 48, 87, 59, 62, 66, 92, 98, 69, 83): 107 (10.7%), 
===========================
query-s3 108 6 1000 0.0 0.0 3 3 7 7
constructing pomdps
None    None    None    None    402.614
None    None    None    None    329.74
None    None    None    None    337.048
None    None    None    None    326.783
None    None    None    None    331.951
None    None    None    None    330.999
None    None    None    None    332.185
None    None    None    None    339.525
None    None    None    None    335.797
None    None    None    None    331.666
None    None    None    None    330.15
None    None    None    None    338.25
None    None    None    None    340.246
None    None    None    None    334.44
None    None    None    None    332.509
None    None    None    None    332.949
None    None    None    None    331.041
None    None    None    None    339.653
None    None    None    None    332.951
None    None    None    None    333.816
None    None    None    None    332.19
None    None    None    None    340.239
None    None    None    None    334.357
None    None    None    None    340.244
None    None    None    None    334.44
None    None    None    None    333.816
None    None    None    None    328.667
None    None    None    None    334.434
None    None    None    None    331.038
None    None    None    None    333.805
None    None    None    None    329.776
None    None    None    None    332.641
None    None    None    None    336.213
None    None    None    None    333.359
None    None    None    None    343.41
None    None    None    None    332.608
None    None    None    None    332.97
None    None    None    None    333.354
None    None    None    None    342.634
None    None    None    None    343.781
None    None    None    None    340.236
None    None    None    None    340.506
None    None    None    None    332.279
None    None    None    None    336.764
None    None    None    None    340.233
None    None    None    None    332.065
None    None    None    None    327.552
None    None    None    None    334.02
None    None    None    None    334.434
None    None    None    None    334.352
None    None    None    None    329.039
None    None    None    None    340.549
None    None    None    None    337.032
None    None    None    None    336.215
None    None    None    None    333.803
None    None    None    None    334.44
None    None    None    None    329.941
None    None    None    None    331.454
None    None    None    None    327.161
None    None    None    None    332.345
None    None    None    None    332.203
None    None    None    None    332.996
None    None    None    None    337.037
None    None    None    None    334.44
None    None    None    None    329.755
None    None    None    None    333.15
None    None    None    None    334.357
None    None    None    None    336.795
None    None    None    None    336.215
None    None    None    None    330.792
None    None    None    None    331.354
None    None    None    None    332.502
None    None    None    None    332.207
None    None    None    None    334.44
None    None    None    None    334.434
None    None    None    None    326.31
None    None    None    None    332.97
None    None    None    None    330.965
None    None    None    None    338.187
None    None    None    None    329.963
None    None    None    None    330.732
None    None    None    None    343.264
None    None    None    None    334.015
None    None    None    None    337.869
None    None    None    None    330.912
None    None    None    None    332.634
None    None    None    None    343.194
None    None    None    None    331.454
None    None    None    None    329.885
None    None    None    None    340.689
None    None    None    None    332.316
None    None    None    None    343.194
None    None    None    None    339.525
None    None    None    None    339.363
None    None    None    None    326.751
None    None    None    None    337.059
None    None    None    None    329.966
None    None    None    None    338.874
None    None    None    None    338.508
None    None    None    None    338.508
None    None    None    None    328.945
None    None    None    None    329.983
None    None    None    None    339.196
None    None    None    None    329.777
None    None    None    None    332.559
None    None    None    None    332.949
None    None    None    None    334.434
None    None    None    None    329.059
None    None    None    None    336.203
None    None    None    None    328.968
None    None    None    None    334.44
None    None    None    None    332.945
None    None    None    None    326.283
None    None    None    None    334.44
None    None    None    None    333.668
None    None    None    None    334.358
None    None    None    None    340.246
None    None    None    None    338.31
None    None    None    None    337.048
None    None    None    None    329.507
None    None    None    None    329.358
None    None    None    None    342.042
None    None    None    None    343.195
None    None    None    None    340.239
None    None    None    None    334.357
None    None    None    None    340.253
None    None    None    None    333.798
None    None    None    None    343.384
None    None    None    None    331.047
None    None    None    None    334.352
None    None    None    None    333.172
None    None    None    None    339.525
None    None    None    None    340.236
None    None    None    None    329.255
None    None    None    None    332.207
None    None    None    None    343.194
None    None    None    None    340.461
None    None    None    None    340.244
None    None    None    None    334.025
None    None    None    None    331.065
None    None    None    None    334.015
None    None    None    None    329.359
None    None    None    None    331.068
None    None    None    None    332.274
None    None    None    None    337.86
None    None    None    None    330.15
None    None    None    None    333.098
None    None    None    None    331.038
None    None    None    None    331.068
None    None    None    None    340.668
None    None    None    None    334.357
None    None    None    None    334.44
None    None    None    None    337.037
None    None    None    None    334.44
None    None    None    None    339.643
None    None    None    None    334.357
None    None    None    None    343.844
None    None    None    None    329.277
None    None    None    None    331.068
None    None    None    None    337.227
None    None    None    None    333.361
None    None    None    None    329.359
None    None    None    None    343.32
None    None    None    None    332.97
None    None    None    None    332.296
None    None    None    None    330.2
None    None    None    None    330.923
None    None    None    None    331.515
None    None    None    None    334.44
None    None    None    None    333.817
None    None    None    None    329.776
None    None    None    None    330.732
None    None    None    None    334.44
None    None    None    None    327.457
None    None    None    None    334.434
None    None    None    None    334.434
None    None    None    None    331.511
None    None    None    None    332.608
None    None    None    None    332.203
None    None    None    None    342.084
None    None    None    None    326.293
None    None    None    None    327.519
None    None    None    None    334.44
None    None    None    None    329.901
None    None    None    None    338.306
None    None    None    None    342.955
None    None    None    None    334.434
None    None    None    None    332.951
None    None    None    None    329.277
None    None    None    None    328.946
None    None    None    None    328.81
None    None    None    None    331.567
None    None    None    None    329.39
None    None    None    None    329.356
None    None    None    None    330.965
None    None    None    None    327.379
None    None    None    None    338.245
None    None    None    None    329.331
None    None    None    None    331.041
None    None    None    None    334.44
