===========================
belief count: 1000
max prob >0.5: 246 (24.6%)
max prob >0.9: 51 (5.1%)
Observations (overall count: 28 - count: 13): 1: 284 (28.4%), 2: 181 (18.1%), 3: 27 (2.7%), 7: 131 (13.1%), 5: 161 (16.1%), 21: 20 (2.0%), 38: 20 (2.0%), 24: 11 (1.1%), 10: 15 (1.5%), 0: 15 (1.5%), 11: 11 (1.1%), 13: 23 (2.3%), 27: 11 (1.1%), 
Supports (overall count: 674 - count: 0): 
===========================
refuel-08 470 66 1000 24.6 5.1 28 13 674 0
constructing pomdps
None    None    None    None    0.0
None    None    None    None    0.028
None    None    None    None    0.022
None    None    None    None    0.032
None    None    None    None    0.007
None    None    None    None    0.025
None    None    None    None    0.034
None    None    None    None    0.0
None    None    None    None    0.0
None    None    None    None    0.0
None    None    None    None    0.0
None    None    None    None    0.0
None    None    None    None    0.073
None    None    None    None    0.035
None    None    None    None    0.0
None    None    None    None    0.0
None    None    None    None    0.0
None    None    None    None    0.038
None    None    None    None    0.0
None    None    None    None    0.106
None    None    None    None    0.714
None    None    None    None    0.331
None    None    None    None    0.008
None    None    None    None    0.036
None    None    None    None    0.0
None    None    None    None    0.0
None    None    None    None    0.0
None    None    None    None    0.0
None    None    None    None    0.0
None    None    None    None    0.0
None    None    None    None    0.0
None    None    None    None    0.0
None    None    None    None    0.025
None    None    None    None    0.393
None    None    None    None    0.057
None    None    None    None    0.0
None    None    None    None    0.032
None    None    None    None    0.0
None    None    None    None    0.0
None    None    None    None    0.0
None    None    None    None    0.041
None    None    None    None    0.159
None    None    None    None    0.0
None    None    None    None    0.142
None    None    None    None    0.05
None    None    None    None    0.0
None    None    None    None    0.0
None    None    None    None    0.131
None    None    None    None    0.022
None    None    None    None    0.031
None    None    None    None    0.038
None    None    None    None    0.076
None    None    None    None    0.0
None    None    None    None    0.045
None    None    None    None    0.035
None    None    None    None    0.0
None    None    None    None    0.0
None    None    None    None    0.02
None    None    None    None    0.0
None    None    None    None    0.0
None    None    None    None    0.0
None    None    None    None    0.0
None    None    None    None    0.0
None    None    None    None    0.0
None    None    None    None    0.019
None    None    None    None    0.042
None    None    None    None    0.03
None    None    None    None    0.0
None    None    None    None    0.0
None    None    None    None    0.0
None    None    None    None    0.029
None    None    None    None    0.0
None    None    None    None    0.0
None    None    None    None    0.0
None    None    None    None    0.136
None    None    None    None    0.0
None    None    None    None    0.0
None    None    None    None    0.034
None    None    None    None    0.042
None    None    None    None    0.0
None    None    None    None    0.0
None    None    None    None    0.0
None    None    None    None    0.0
None    None    None    None    0.003
None    None    None    None    0.0
None    None    None    None    0.175
None    None    None    None    0.065
None    None    None    None    0.0
None    None    None    None    0.037
None    None    None    None    0.0
None    None    None    None    0.0
None    None    None    None    0.0
None    None    None    None    0.02
None    None    None    None    0.0
None    None    None    None    0.035
None    None    None    None    0.008
None    None    None    None    0.0
None    None    None    None    0.0
None    None    None    None    0.024
None    None    None    None    0.122
None    None    None    None    0.049
None    None    None    None    0.013
None    None    None    None    0.0
None    None    None    None    0.355
None    None    None    None    0.017
None    None    None    None    0.256
None    None    None    None    0.0
None    None    None    None    0.0
None    None    None    None    0.019
None    None    None    None    0.0
None    None    None    None    0.134
None    None    None    None    0.031
None    None    None    None    0.029
None    None    None    None    0.074
None    None    None    None    0.0
None    None    None    None    0.099
None    None    None    None    0.0
None    None    None    None    0.0
None    None    None    None    0.0
None    None    None    None    0.0
None    None    None    None    0.014
None    None    None    None    0.964
None    None    None    None    0.035
None    None    None    None    0.0
None    None    None    None    0.028
None    None    None    None    0.106
None    None    None    None    0.0
None    None    None    None    0.0
None    None    None    None    0.082
None    None    None    None    0.0
None    None    None    None    0.052
None    None    None    None    0.0
None    None    None    None    0.0
None    None    None    None    0.0
None    None    None    None    0.0
None    None    None    None    0.097
None    None    None    None    0.0
None    None    None    None    0.003
None    None    None    None    0.049
None    None    None    None    0.0
None    None    None    None    0.0
None    None    None    None    0.039
None    None    None    None    0.145
None    None    None    None    0.0
None    None    None    None    0.0
None    None    None    None    0.173
None    None    None    None    0.198
None    None    None    None    0.075
None    None    None    None    0.066
None    None    None    None    0.0
None    None    None    None    0.029
None    None    None    None    0.0
None    None    None    None    0.075
None    None    None    None    0.0
None    None    None    None    0.153
None    None    None    None    0.104
None    None    None    None    0.0
None    None    None    None    0.04
None    None    None    None    0.0
None    None    None    None    0.0
None    None    None    None    0.0
None    None    None    None    0.012
None    None    None    None    0.0
None    None    None    None    0.025
None    None    None    None    0.01
None    None    None    None    0.0
None    None    None    None    0.101
None    None    None    None    0.068
None    None    None    None    0.0
None    None    None    None    0.011
None    None    None    None    0.0
None    None    None    None    0.024
None    None    None    None    0.0
None    None    None    None    0.0
None    None    None    None    0.033
None    None    None    None    0.0
None    None    None    None    0.026
None    None    None    None    0.0
None    None    None    None    0.205
None    None    None    None    0.146
None    None    None    None    0.0
None    None    None    None    0.0
None    None    None    None    0.0
None    None    None    None    0.0
None    None    None    None    0.034
None    None    None    None    0.0
None    None    None    None    0.063
None    None    None    None    0.121
None    None    None    None    0.129
None    None    None    None    0.0
None    None    None    None    0.0
None    None    None    None    0.011
None    None    None    None    0.079
None    None    None    None    0.0
None    None    None    None    0.202
None    None    None    None    0.11
None    None    None    None    0.0
None    None    None    None    0.0
None    None    None    None    0.0
None    None    None    None    0.101
