2024-05-13 21:52:36,995 - cli.py - This is Paynt version 0.1.0.
2024-05-13 21:52:36,996 - sketch.py - loading sketch from models/archive/jair24-synthesis/dec-pomdp/grid-meet-sl-3fsc-discount-native/sketch.templ ...
2024-05-13 21:52:36,996 - sketch.py - assuming sketch in PRISM format...
2024-05-13 21:52:37,002 - prism_parser.py - PRISM model type: DTMC
2024-05-13 21:52:37,002 - prism_parser.py - processing hole definitions...
2024-05-13 21:52:37,003 - prism_parser.py - loading properties from models/archive/jair24-synthesis/dec-pomdp/grid-meet-sl-3fsc-discount-native/sketch.props ...
2024-05-13 21:52:37,004 - prism_parser.py - found the following specification: optimality: R[exp]{"moves"}max=? [C{99/100}] 
2024-05-13 21:52:37,004 - jani.py - constructing JANI program...
2024-05-13 21:52:37,012 - jani.py - constructing the quotient...
2024-05-13 21:52:44,935 - jani.py - associating choices of the quotient with hole assignments...
2024-05-13 21:52:49,874 - sketch.py - sketch parsing OK
2024-05-13 21:52:49,874 - sketch.py - converting state rewards 'moves' to state-action rewards
2024-05-13 21:52:50,063 - sketch.py - constructed explicit quotient having 20736 states and 2924208 actions
2024-05-13 21:52:50,063 - sketch.py - found the following specification optimality: R[exp]{"moves"}max=? [C{99/100}] 
2024-05-13 21:52:52,713 - synthesizer.py - optimality threshold set to -7.621
2024-05-13 21:52:52,713 - synthesizer.py - synthesis initiated, design space: 1e12
> progress 0.0%, elapsed 4 s, estimated 4192011 s (48 days), iters = {MDP: 3}, opt = -7.621
> progress 0.0%, elapsed 7 s, estimated 7275155 s (84 days), iters = {MDP: 5}, opt = -7.621
> progress 0.26%, elapsed 10 s, estimated 3978 s, iters = {MDP: 12}, opt = -7.621
> progress 0.26%, elapsed 13 s, estimated 5317 s, iters = {MDP: 19}, opt = -7.621
> progress 0.26%, elapsed 17 s, estimated 6810 s, iters = {MDP: 25}, opt = -7.621
> progress 0.26%, elapsed 20 s, estimated 7995 s (2 hours), iters = {MDP: 33}, opt = -7.621
> progress 0.26%, elapsed 23 s, estimated 9205 s (2 hours), iters = {MDP: 51}, opt = -7.621
> progress 0.26%, elapsed 27 s, estimated 10375 s (2 hours), iters = {MDP: 64}, opt = -7.621
> progress 0.26%, elapsed 30 s, estimated 11540 s (3 hours), iters = {MDP: 78}, opt = -7.621
> progress 0.26%, elapsed 33 s, estimated 12705 s (3 hours), iters = {MDP: 108}, opt = -7.621
> progress 0.26%, elapsed 36 s, estimated 13927 s (3 hours), iters = {MDP: 138}, opt = -7.621
> progress 0.26%, elapsed 39 s, estimated 15100 s (4 hours), iters = {MDP: 160}, opt = -7.525
> progress 0.26%, elapsed 42 s, estimated 16273 s (4 hours), iters = {MDP: 188}, opt = -7.525
> progress 0.26%, elapsed 45 s, estimated 17484 s (4 hours), iters = {MDP: 195}, opt = -7.525
> progress 0.26%, elapsed 49 s, estimated 18829 s (5 hours), iters = {MDP: 201}, opt = -7.525
> progress 0.26%, elapsed 52 s, estimated 20176 s (5 hours), iters = {MDP: 207}, opt = -7.525
> progress 0.26%, elapsed 55 s, estimated 21383 s (5 hours), iters = {MDP: 217}, opt = -7.525
> progress 0.26%, elapsed 58 s, estimated 22569 s (6 hours), iters = {MDP: 238}, opt = -7.525
> progress 0.26%, elapsed 62 s, estimated 23791 s (6 hours), iters = {MDP: 250}, opt = -7.525
> progress 0.26%, elapsed 65 s, estimated 24970 s (6 hours), iters = {MDP: 263}, opt = -7.525
> progress 0.26%, elapsed 68 s, estimated 26136 s (7 hours), iters = {MDP: 295}, opt = -7.525
> progress 0.26%, elapsed 71 s, estimated 27299 s (7 hours), iters = {MDP: 328}, opt = -7.525
> progress 0.26%, elapsed 74 s, estimated 28452 s (7 hours), iters = {MDP: 365}, opt = -7.525
> progress 0.26%, elapsed 77 s, estimated 29624 s (8 hours), iters = {MDP: 403}, opt = -7.525
> progress 0.26%, elapsed 80 s, estimated 30779 s (8 hours), iters = {MDP: 417}, opt = -7.525
> progress 0.26%, elapsed 83 s, estimated 31957 s (8 hours), iters = {MDP: 435}, opt = -7.525
> progress 0.26%, elapsed 86 s, estimated 33121 s (9 hours), iters = {MDP: 442}, opt = -7.525
> progress 0.26%, elapsed 89 s, estimated 34275 s (9 hours), iters = {MDP: 457}, opt = -7.525
> progress 0.26%, elapsed 92 s, estimated 35437 s (9 hours), iters = {MDP: 481}, opt = -7.525
> progress 0.26%, elapsed 95 s, estimated 36603 s (10 hours), iters = {MDP: 512}, opt = -7.525
> progress 0.26%, elapsed 98 s, estimated 37778 s (10 hours), iters = {MDP: 545}, opt = -7.525
> progress 0.26%, elapsed 101 s, estimated 38936 s (10 hours), iters = {MDP: 586}, opt = -7.525
> progress 0.26%, elapsed 104 s, estimated 40087 s (11 hours), iters = {MDP: 626}, opt = -7.525
> progress 0.26%, elapsed 107 s, estimated 41254 s (11 hours), iters = {MDP: 659}, opt = -7.525
> progress 0.261%, elapsed 110 s, estimated 42422 s (11 hours), iters = {MDP: 672}, opt = -7.525
> progress 0.261%, elapsed 114 s, estimated 43722 s (12 hours), iters = {MDP: 680}, opt = -7.525
> progress 0.261%, elapsed 117 s, estimated 44915 s (12 hours), iters = {MDP: 706}, opt = -7.525
> progress 0.261%, elapsed 120 s, estimated 46166 s (12 hours), iters = {MDP: 720}, opt = -7.525
> progress 0.261%, elapsed 123 s, estimated 47347 s (13 hours), iters = {MDP: 732}, opt = -7.525
> progress 0.261%, elapsed 126 s, estimated 48536 s (13 hours), iters = {MDP: 750}, opt = -7.525
> progress 0.261%, elapsed 129 s, estimated 49694 s (13 hours), iters = {MDP: 760}, opt = -7.525
> progress 0.261%, elapsed 132 s, estimated 50851 s (14 hours), iters = {MDP: 770}, opt = -7.525
> progress 0.261%, elapsed 135 s, estimated 52014 s (14 hours), iters = {MDP: 794}, opt = -7.525
> progress 0.261%, elapsed 139 s, estimated 53241 s (14 hours), iters = {MDP: 812}, opt = -7.525
> progress 0.261%, elapsed 142 s, estimated 54399 s (15 hours), iters = {MDP: 827}, opt = -7.525
> progress 0.261%, elapsed 145 s, estimated 55586 s (15 hours), iters = {MDP: 840}, opt = -7.525
> progress 0.265%, elapsed 148 s, estimated 55899 s (15 hours), iters = {MDP: 856}, opt = -7.525
> progress 0.265%, elapsed 151 s, estimated 57053 s (15 hours), iters = {MDP: 888}, opt = -7.525
> progress 0.265%, elapsed 154 s, estimated 58242 s (16 hours), iters = {MDP: 898}, opt = -7.525
> progress 0.265%, elapsed 157 s, estimated 59359 s (16 hours), iters = {MDP: 918}, opt = -7.525
> progress 0.265%, elapsed 160 s, estimated 60482 s (16 hours), iters = {MDP: 951}, opt = -7.525
> progress 0.265%, elapsed 164 s, estimated 62012 s (17 hours), iters = {MDP: 968}, opt = -7.525
> progress 0.266%, elapsed 169 s, estimated 63597 s (17 hours), iters = {MDP: 972}, opt = -7.525
> progress 0.266%, elapsed 172 s, estimated 64904 s (18 hours), iters = {MDP: 979}, opt = -7.525
> progress 0.266%, elapsed 176 s, estimated 66256 s (18 hours), iters = {MDP: 983}, opt = -7.525
> progress 0.266%, elapsed 180 s, estimated 67673 s (18 hours), iters = {MDP: 988}, opt = -7.525
> progress 0.266%, elapsed 183 s, estimated 68870 s (19 hours), iters = {MDP: 997}, opt = -7.525
> progress 0.266%, elapsed 186 s, estimated 70033 s (19 hours), iters = {MDP: 1010}, opt = -7.525
> progress 0.266%, elapsed 189 s, estimated 71217 s (19 hours), iters = {MDP: 1017}, opt = -7.525
> progress 0.266%, elapsed 193 s, estimated 72446 s (20 hours), iters = {MDP: 1026}, opt = -7.525
> progress 0.266%, elapsed 196 s, estimated 73674 s (20 hours), iters = {MDP: 1038}, opt = -7.525
> progress 0.266%, elapsed 199 s, estimated 74842 s (20 hours), iters = {MDP: 1046}, opt = -7.525
> progress 0.266%, elapsed 202 s, estimated 76093 s (21 hours), iters = {MDP: 1051}, opt = -7.525
> progress 0.266%, elapsed 205 s, estimated 77279 s (21 hours), iters = {MDP: 1068}, opt = -7.525
> progress 0.266%, elapsed 209 s, estimated 78425 s (21 hours), iters = {MDP: 1090}, opt = -7.525
> progress 0.266%, elapsed 212 s, estimated 79523 s (22 hours), iters = {MDP: 1107}, opt = -7.525
> progress 0.266%, elapsed 215 s, estimated 80657 s (22 hours), iters = {MDP: 1126}, opt = -7.525
> progress 0.266%, elapsed 218 s, estimated 81831 s (22 hours), iters = {MDP: 1138}, opt = -7.525
> progress 0.268%, elapsed 221 s, estimated 82722 s (22 hours), iters = {MDP: 1146}, opt = -7.525
> progress 0.27%, elapsed 224 s, estimated 83312 s (23 hours), iters = {MDP: 1152}, opt = -7.525
> progress 0.27%, elapsed 228 s, estimated 84435 s (23 hours), iters = {MDP: 1171}, opt = -7.525
> progress 0.27%, elapsed 231 s, estimated 85611 s (23 hours), iters = {MDP: 1185}, opt = -7.525
> progress 0.27%, elapsed 234 s, estimated 86726 s (24 hours), iters = {MDP: 1202}, opt = -7.525
> progress 0.27%, elapsed 237 s, estimated 87848 s (24 hours), iters = {MDP: 1231}, opt = -7.525
> progress 0.27%, elapsed 240 s, estimated 88973 s (24 hours), iters = {MDP: 1269}, opt = -7.525
> progress 0.27%, elapsed 243 s, estimated 90288 s (25 hours), iters = {MDP: 1282}, opt = -7.525
> progress 0.27%, elapsed 246 s, estimated 91411 s (25 hours), iters = {MDP: 1290}, opt = -7.525
> progress 0.27%, elapsed 250 s, estimated 92626 s (25 hours), iters = {MDP: 1306}, opt = -7.525
> progress 0.27%, elapsed 253 s, estimated 93696 s (26 hours), iters = {MDP: 1318}, opt = -7.525
> progress 0.27%, elapsed 256 s, estimated 94927 s (26 hours), iters = {MDP: 1324}, opt = -7.525
> progress 0.27%, elapsed 260 s, estimated 96251 s (26 hours), iters = {MDP: 1330}, opt = -7.525
> progress 0.27%, elapsed 263 s, estimated 97456 s (27 hours), iters = {MDP: 1340}, opt = -7.525
> progress 0.27%, elapsed 266 s, estimated 98702 s (27 hours), iters = {MDP: 1350}, opt = -7.525
> progress 0.27%, elapsed 271 s, estimated 100227 s (27 hours), iters = {MDP: 1364}, opt = -7.525
> progress 0.27%, elapsed 274 s, estimated 101451 s (28 hours), iters = {MDP: 1370}, opt = -7.525
> progress 0.27%, elapsed 277 s, estimated 102586 s (28 hours), iters = {MDP: 1386}, opt = -7.525
> progress 0.27%, elapsed 280 s, estimated 103822 s (28 hours), iters = {MDP: 1394}, opt = -7.525
> progress 0.27%, elapsed 283 s, estimated 104932 s (29 hours), iters = {MDP: 1398}, opt = -7.525
> progress 0.27%, elapsed 287 s, estimated 106171 s (29 hours), iters = {MDP: 1410}, opt = -7.525
> progress 0.27%, elapsed 290 s, estimated 107428 s (29 hours), iters = {MDP: 1420}, opt = -7.525
> progress 0.27%, elapsed 293 s, estimated 108688 s (30 hours), iters = {MDP: 1426}, opt = -7.525
> progress 0.27%, elapsed 297 s, estimated 109837 s (30 hours), iters = {MDP: 1442}, opt = -7.525
> progress 0.27%, elapsed 300 s, estimated 110962 s (30 hours), iters = {MDP: 1460}, opt = -7.525
> progress 0.27%, elapsed 303 s, estimated 112105 s (31 hours), iters = {MDP: 1488}, opt = -7.525
> progress 0.27%, elapsed 306 s, estimated 113341 s (31 hours), iters = {MDP: 1493}, opt = -7.525
> progress 0.27%, elapsed 310 s, estimated 114639 s (31 hours), iters = {MDP: 1500}, opt = -7.525
> progress 0.27%, elapsed 313 s, estimated 115782 s (32 hours), iters = {MDP: 1536}, opt = -7.525
> progress 0.27%, elapsed 316 s, estimated 116900 s (32 hours), iters = {MDP: 1553}, opt = -7.525
> progress 0.27%, elapsed 319 s, estimated 118050 s (32 hours), iters = {MDP: 1578}, opt = -7.525
> progress 0.27%, elapsed 322 s, estimated 119171 s (33 hours), iters = {MDP: 1613}, opt = -7.525
> progress 0.27%, elapsed 325 s, estimated 120325 s (33 hours), iters = {MDP: 1634}, opt = -7.525
> progress 0.27%, elapsed 328 s, estimated 121512 s (33 hours), iters = {MDP: 1660}, opt = -7.525
> progress 0.27%, elapsed 331 s, estimated 122628 s (34 hours), iters = {MDP: 1695}, opt = -7.525
> progress 0.27%, elapsed 334 s, estimated 123769 s (34 hours), iters = {MDP: 1716}, opt = -7.525
> progress 0.27%, elapsed 337 s, estimated 124926 s (34 hours), iters = {MDP: 1743}, opt = -7.525
> progress 0.27%, elapsed 340 s, estimated 126050 s (35 hours), iters = {MDP: 1771}, opt = -7.525
> progress 0.27%, elapsed 344 s, estimated 127221 s (35 hours), iters = {MDP: 1805}, opt = -7.525
> progress 0.27%, elapsed 347 s, estimated 128394 s (35 hours), iters = {MDP: 1826}, opt = -7.525
> progress 0.27%, elapsed 350 s, estimated 129505 s (35 hours), iters = {MDP: 1852}, opt = -7.525
> progress 0.27%, elapsed 353 s, estimated 130547 s (36 hours), iters = {MDP: 1887}, opt = -7.525
> progress 0.27%, elapsed 356 s, estimated 131671 s (36 hours), iters = {MDP: 1899}, opt = -7.525
> progress 0.27%, elapsed 359 s, estimated 132818 s (36 hours), iters = {MDP: 1913}, opt = -7.525
> progress 0.27%, elapsed 363 s, estimated 134011 s (37 hours), iters = {MDP: 1936}, opt = -7.525
> progress 0.27%, elapsed 366 s, estimated 135136 s (37 hours), iters = {MDP: 1945}, opt = -7.525
> progress 0.27%, elapsed 369 s, estimated 136262 s (37 hours), iters = {MDP: 1973}, opt = -7.525
> progress 0.27%, elapsed 372 s, estimated 137373 s (38 hours), iters = {MDP: 1987}, opt = -7.525
> progress 0.27%, elapsed 375 s, estimated 138498 s (38 hours), iters = {MDP: 1999}, opt = -7.525
> progress 0.27%, elapsed 378 s, estimated 139828 s (38 hours), iters = {MDP: 2025}, opt = -7.525
> progress 0.27%, elapsed 381 s, estimated 140963 s (39 hours), iters = {MDP: 2035}, opt = -7.525
> progress 0.27%, elapsed 385 s, estimated 142209 s (39 hours), iters = {MDP: 2052}, opt = -7.525
> progress 0.27%, elapsed 388 s, estimated 143358 s (39 hours), iters = {MDP: 2069}, opt = -7.525
> progress 0.27%, elapsed 391 s, estimated 144497 s (40 hours), iters = {MDP: 2080}, opt = -7.525
> progress 0.27%, elapsed 394 s, estimated 145657 s (40 hours), iters = {MDP: 2098}, opt = -7.525
> progress 0.27%, elapsed 397 s, estimated 146841 s (40 hours), iters = {MDP: 2109}, opt = -7.525
> progress 0.27%, elapsed 400 s, estimated 147961 s (41 hours), iters = {MDP: 2123}, opt = -7.525
> progress 0.27%, elapsed 404 s, estimated 149126 s (41 hours), iters = {MDP: 2133}, opt = -7.525
> progress 0.27%, elapsed 407 s, estimated 150237 s (41 hours), iters = {MDP: 2142}, opt = -7.525
> progress 0.27%, elapsed 410 s, estimated 151397 s (42 hours), iters = {MDP: 2151}, opt = -7.525
> progress 0.27%, elapsed 413 s, estimated 152610 s (42 hours), iters = {MDP: 2161}, opt = -7.525
> progress 0.52%, elapsed 417 s, estimated 80189 s (22 hours), iters = {MDP: 2173}, opt = -7.525
> progress 0.564%, elapsed 420 s, estimated 74555 s (20 hours), iters = {MDP: 2176}, opt = -7.525
> progress 0.567%, elapsed 432 s, estimated 76141 s (21 hours), iters = {MDP: 2178}, opt = -7.525
> progress 0.567%, elapsed 442 s, estimated 77991 s (21 hours), iters = {MDP: 2179}, opt = -7.525
> progress 0.567%, elapsed 451 s, estimated 79552 s (22 hours), iters = {MDP: 2180}, opt = -7.525
> progress 0.568%, elapsed 456 s, estimated 80431 s (22 hours), iters = {MDP: 2181}, opt = -7.525
> progress 0.568%, elapsed 462 s, estimated 81383 s (22 hours), iters = {MDP: 2182}, opt = -7.525
> progress 0.568%, elapsed 466 s, estimated 82067 s (22 hours), iters = {MDP: 2183}, opt = -7.525
> progress 0.568%, elapsed 469 s, estimated 82654 s (22 hours), iters = {MDP: 2184}, opt = -7.525
> progress 0.568%, elapsed 474 s, estimated 83570 s (23 hours), iters = {MDP: 2186}, opt = -7.525
> progress 0.568%, elapsed 477 s, estimated 84100 s (23 hours), iters = {MDP: 2205}, opt = -7.525
> progress 0.568%, elapsed 480 s, estimated 84639 s (23 hours), iters = {MDP: 2218}, opt = -7.525
> progress 0.568%, elapsed 484 s, estimated 85289 s (23 hours), iters = {MDP: 2228}, opt = -7.525
> progress 0.568%, elapsed 488 s, estimated 85963 s (23 hours), iters = {MDP: 2232}, opt = -7.525
> progress 0.568%, elapsed 492 s, estimated 86624 s (24 hours), iters = {MDP: 2234}, opt = -7.525
> progress 0.568%, elapsed 495 s, estimated 87157 s (24 hours), iters = {MDP: 2254}, opt = -7.525
> progress 0.568%, elapsed 498 s, estimated 87737 s (24 hours), iters = {MDP: 2258}, opt = -7.525
> progress 0.568%, elapsed 502 s, estimated 88487 s (24 hours), iters = {MDP: 2260}, opt = -7.525
> progress 0.568%, elapsed 505 s, estimated 89022 s (24 hours), iters = {MDP: 2271}, opt = -7.525
> progress 0.568%, elapsed 509 s, estimated 89756 s (24 hours), iters = {MDP: 2285}, opt = -7.525
> progress 0.568%, elapsed 514 s, estimated 90598 s (25 hours), iters = {MDP: 2287}, opt = -7.525
> progress 0.568%, elapsed 518 s, estimated 91271 s (25 hours), iters = {MDP: 2290}, opt = -7.525
> progress 0.568%, elapsed 521 s, estimated 91809 s (25 hours), iters = {MDP: 2303}, opt = -7.525
> progress 0.568%, elapsed 525 s, estimated 92542 s (25 hours), iters = {MDP: 2311}, opt = -7.525
> progress 0.568%, elapsed 529 s, estimated 93144 s (25 hours), iters = {MDP: 2313}, opt = -7.525
> progress 0.568%, elapsed 532 s, estimated 93782 s (26 hours), iters = {MDP: 2315}, opt = -7.525
> progress 0.568%, elapsed 535 s, estimated 94328 s (26 hours), iters = {MDP: 2327}, opt = -7.525
> progress 0.568%, elapsed 540 s, estimated 95168 s (26 hours), iters = {MDP: 2339}, opt = -7.525
> progress 0.568%, elapsed 545 s, estimated 95924 s (26 hours), iters = {MDP: 2343}, opt = -7.525
> progress 0.568%, elapsed 550 s, estimated 96854 s (26 hours), iters = {MDP: 2345}, opt = -7.525
> progress 0.568%, elapsed 554 s, estimated 97533 s (27 hours), iters = {MDP: 2365}, opt = -7.525
> progress 0.568%, elapsed 557 s, estimated 98084 s (27 hours), iters = {MDP: 2367}, opt = -7.525
> progress 0.568%, elapsed 562 s, estimated 99058 s (27 hours), iters = {MDP: 2369}, opt = -7.525
> progress 0.568%, elapsed 566 s, estimated 99779 s (27 hours), iters = {MDP: 2371}, opt = -7.525
> progress 0.568%, elapsed 569 s, estimated 100313 s (27 hours), iters = {MDP: 2406}, opt = -7.525
> progress 0.568%, elapsed 573 s, estimated 100852 s (28 hours), iters = {MDP: 2429}, opt = -7.525
> progress 0.568%, elapsed 576 s, estimated 101393 s (28 hours), iters = {MDP: 2435}, opt = -7.525
> progress 0.568%, elapsed 579 s, estimated 101930 s (28 hours), iters = {MDP: 2448}, opt = -7.525
> progress 0.568%, elapsed 582 s, estimated 102558 s (28 hours), iters = {MDP: 2454}, opt = -7.525
> progress 0.568%, elapsed 589 s, estimated 103691 s (28 hours), iters = {MDP: 2457}, opt = -7.525
> progress 0.568%, elapsed 592 s, estimated 104230 s (28 hours), iters = {MDP: 2458}, opt = -7.525
> progress 0.568%, elapsed 595 s, estimated 104760 s (29 hours), iters = {MDP: 2493}, opt = -7.525
> progress 0.568%, elapsed 599 s, estimated 105528 s (29 hours), iters = {MDP: 2530}, opt = -7.525
> progress 0.568%, elapsed 603 s, estimated 106255 s (29 hours), iters = {MDP: 2533}, opt = -7.525
> progress 0.568%, elapsed 608 s, estimated 106987 s (29 hours), iters = {MDP: 2534}, opt = -7.525
> progress 0.568%, elapsed 612 s, estimated 107740 s (29 hours), iters = {MDP: 2535}, opt = -7.525
> progress 0.568%, elapsed 620 s, estimated 109123 s (30 hours), iters = {MDP: 2536}, opt = -7.525
> progress 0.568%, elapsed 627 s, estimated 110440 s (30 hours), iters = {MDP: 2537}, opt = -7.525
> progress 0.568%, elapsed 633 s, estimated 111380 s (30 hours), iters = {MDP: 2538}, opt = -7.525
> progress 0.568%, elapsed 639 s, estimated 112433 s (31 hours), iters = {MDP: 2539}, opt = -7.525
> progress 0.568%, elapsed 644 s, estimated 113312 s (31 hours), iters = {MDP: 2540}, opt = -7.525
> progress 0.568%, elapsed 648 s, estimated 114068 s (31 hours), iters = {MDP: 2541}, opt = -7.525
> progress 0.568%, elapsed 651 s, estimated 114627 s (31 hours), iters = {MDP: 2544}, opt = -7.525
> progress 0.568%, elapsed 655 s, estimated 115243 s (32 hours), iters = {MDP: 2553}, opt = -7.525
> progress 0.568%, elapsed 658 s, estimated 115797 s (32 hours), iters = {MDP: 2567}, opt = -7.525
> progress 0.568%, elapsed 661 s, estimated 116380 s (32 hours), iters = {MDP: 2578}, opt = -7.525
> progress 0.568%, elapsed 665 s, estimated 117023 s (32 hours), iters = {MDP: 2590}, opt = -7.525
> progress 0.568%, elapsed 668 s, estimated 117553 s (32 hours), iters = {MDP: 2599}, opt = -7.525
> progress 0.568%, elapsed 671 s, estimated 118084 s (32 hours), iters = {MDP: 2606}, opt = -7.525
> progress 0.568%, elapsed 674 s, estimated 118639 s (32 hours), iters = {MDP: 2612}, opt = -7.525
> progress 0.568%, elapsed 677 s, estimated 119189 s (33 hours), iters = {MDP: 2630}, opt = -7.525
> progress 0.568%, elapsed 681 s, estimated 119848 s (33 hours), iters = {MDP: 2646}, opt = -7.525
> progress 0.568%, elapsed 684 s, estimated 120390 s (33 hours), iters = {MDP: 2654}, opt = -7.525
> progress 0.568%, elapsed 687 s, estimated 120922 s (33 hours), iters = {MDP: 2663}, opt = -7.525
> progress 0.568%, elapsed 690 s, estimated 121499 s (33 hours), iters = {MDP: 2678}, opt = -7.525
> progress 0.568%, elapsed 694 s, estimated 122102 s (33 hours), iters = {MDP: 2683}, opt = -7.525
> progress 0.568%, elapsed 698 s, estimated 122895 s (34 hours), iters = {MDP: 2690}, opt = -7.525
> progress 0.568%, elapsed 703 s, estimated 123836 s (34 hours), iters = {MDP: 2693}, opt = -7.525
> progress 0.568%, elapsed 708 s, estimated 124655 s (34 hours), iters = {MDP: 2694}, opt = -7.525
> progress 0.568%, elapsed 712 s, estimated 125359 s (34 hours), iters = {MDP: 2695}, opt = -7.525
> progress 0.568%, elapsed 715 s, estimated 125895 s (34 hours), iters = {MDP: 2699}, opt = -7.525
> progress 0.568%, elapsed 719 s, estimated 126501 s (35 hours), iters = {MDP: 2707}, opt = -7.525
> progress 0.568%, elapsed 722 s, estimated 127093 s (35 hours), iters = {MDP: 2721}, opt = -7.525
> progress 0.568%, elapsed 725 s, estimated 127671 s (35 hours), iters = {MDP: 2732}, opt = -7.525
> progress 0.568%, elapsed 729 s, estimated 128262 s (35 hours), iters = {MDP: 2744}, opt = -7.525
> progress 0.568%, elapsed 732 s, estimated 128885 s (35 hours), iters = {MDP: 2754}, opt = -7.525
> progress 0.568%, elapsed 736 s, estimated 129579 s (35 hours), iters = {MDP: 2762}, opt = -7.525
> progress 0.568%, elapsed 739 s, estimated 130115 s (36 hours), iters = {MDP: 2779}, opt = -7.525
> progress 0.568%, elapsed 742 s, estimated 130656 s (36 hours), iters = {MDP: 2793}, opt = -7.525
> progress 0.568%, elapsed 746 s, estimated 131345 s (36 hours), iters = {MDP: 2807}, opt = -7.525
> progress 0.568%, elapsed 750 s, estimated 131944 s (36 hours), iters = {MDP: 2815}, opt = -7.525
> progress 0.568%, elapsed 753 s, estimated 132594 s (36 hours), iters = {MDP: 2832}, opt = -7.525
> progress 0.568%, elapsed 757 s, estimated 133189 s (36 hours), iters = {MDP: 2837}, opt = -7.525
> progress 0.568%, elapsed 761 s, estimated 133976 s (37 hours), iters = {MDP: 2844}, opt = -7.525
> progress 0.568%, elapsed 766 s, estimated 134882 s (37 hours), iters = {MDP: 2847}, opt = -7.525
> progress 0.568%, elapsed 771 s, estimated 135708 s (37 hours), iters = {MDP: 2848}, opt = -7.525
> progress 0.568%, elapsed 775 s, estimated 136410 s (37 hours), iters = {MDP: 2849}, opt = -7.525
> progress 0.568%, elapsed 778 s, estimated 136942 s (38 hours), iters = {MDP: 2854}, opt = -7.525
> progress 0.568%, elapsed 781 s, estimated 137546 s (38 hours), iters = {MDP: 2861}, opt = -7.525
> progress 0.568%, elapsed 785 s, estimated 138139 s (38 hours), iters = {MDP: 2875}, opt = -7.525
> progress 0.568%, elapsed 788 s, estimated 138714 s (38 hours), iters = {MDP: 2886}, opt = -7.525
> progress 0.568%, elapsed 791 s, estimated 139292 s (38 hours), iters = {MDP: 2898}, opt = -7.525
> progress 0.568%, elapsed 795 s, estimated 139904 s (38 hours), iters = {MDP: 2908}, opt = -7.525
> progress 0.568%, elapsed 799 s, estimated 140585 s (39 hours), iters = {MDP: 2916}, opt = -7.525
> progress 0.568%, elapsed 802 s, estimated 141123 s (39 hours), iters = {MDP: 2933}, opt = -7.525
> progress 0.568%, elapsed 805 s, estimated 141703 s (39 hours), iters = {MDP: 2947}, opt = -7.525
> progress 0.568%, elapsed 808 s, estimated 142236 s (39 hours), iters = {MDP: 2959}, opt = -7.525
> progress 0.568%, elapsed 811 s, estimated 142823 s (39 hours), iters = {MDP: 2964}, opt = -7.525
> progress 0.568%, elapsed 815 s, estimated 143404 s (39 hours), iters = {MDP: 2978}, opt = -7.525
> progress 0.568%, elapsed 818 s, estimated 144004 s (40 hours), iters = {MDP: 2988}, opt = -7.525
> progress 0.568%, elapsed 822 s, estimated 144628 s (40 hours), iters = {MDP: 2993}, opt = -7.525
> progress 0.568%, elapsed 825 s, estimated 145239 s (40 hours), iters = {MDP: 2998}, opt = -7.525
> progress 0.568%, elapsed 831 s, estimated 146329 s (40 hours), iters = {MDP: 3000}, opt = -7.525
> progress 0.568%, elapsed 835 s, estimated 147054 s (40 hours), iters = {MDP: 3001}, opt = -7.525
> progress 0.568%, elapsed 839 s, estimated 147749 s (41 hours), iters = {MDP: 3002}, opt = -7.525
> progress 0.568%, elapsed 842 s, estimated 148278 s (41 hours), iters = {MDP: 3017}, opt = -7.525
> progress 0.568%, elapsed 845 s, estimated 148806 s (41 hours), iters = {MDP: 3036}, opt = -7.525
> progress 0.568%, elapsed 849 s, estimated 149386 s (41 hours), iters = {MDP: 3048}, opt = -7.525
> progress 0.568%, elapsed 852 s, estimated 149944 s (41 hours), iters = {MDP: 3057}, opt = -7.525
> progress 0.568%, elapsed 855 s, estimated 150499 s (41 hours), iters = {MDP: 3066}, opt = -7.525
> progress 0.568%, elapsed 858 s, estimated 151062 s (41 hours), iters = {MDP: 3075}, opt = -7.525
> progress 0.568%, elapsed 861 s, estimated 151597 s (42 hours), iters = {MDP: 3094}, opt = -7.525
> progress 0.568%, elapsed 867 s, estimated 152590 s (42 hours), iters = {MDP: 3110}, opt = -7.525
> progress 0.568%, elapsed 870 s, estimated 153120 s (42 hours), iters = {MDP: 3111}, opt = -7.525
> progress 0.568%, elapsed 875 s, estimated 154007 s (42 hours), iters = {MDP: 3116}, opt = -7.525
> progress 0.568%, elapsed 878 s, estimated 154555 s (42 hours), iters = {MDP: 3117}, opt = -7.525
> progress 0.568%, elapsed 881 s, estimated 155086 s (43 hours), iters = {MDP: 3120}, opt = -7.525
> progress 0.568%, elapsed 886 s, estimated 155987 s (43 hours), iters = {MDP: 3122}, opt = -7.525
> progress 0.568%, elapsed 890 s, estimated 156695 s (43 hours), iters = {MDP: 3123}, opt = -7.525
> progress 0.568%, elapsed 893 s, estimated 157242 s (43 hours), iters = {MDP: 3126}, opt = -7.525
> progress 0.568%, elapsed 897 s, estimated 157784 s (43 hours), iters = {MDP: 3134}, opt = -7.525
> progress 0.568%, elapsed 900 s, estimated 158329 s (43 hours), iters = {MDP: 3145}, opt = -7.525
> progress 0.568%, elapsed 903 s, estimated 158883 s (44 hours), iters = {MDP: 3156}, opt = -7.525
> progress 0.568%, elapsed 906 s, estimated 159445 s (44 hours), iters = {MDP: 3170}, opt = -7.525
> progress 0.568%, elapsed 909 s, estimated 160054 s (44 hours), iters = {MDP: 3179}, opt = -7.525
> progress 0.568%, elapsed 914 s, estimated 160790 s (44 hours), iters = {MDP: 3187}, opt = -7.525
> progress 0.568%, elapsed 917 s, estimated 161346 s (44 hours), iters = {MDP: 3191}, opt = -7.525
> progress 0.568%, elapsed 920 s, estimated 161897 s (44 hours), iters = {MDP: 3210}, opt = -7.525
> progress 0.568%, elapsed 923 s, estimated 162481 s (45 hours), iters = {MDP: 3222}, opt = -7.525
> progress 0.568%, elapsed 927 s, estimated 163092 s (45 hours), iters = {MDP: 3235}, opt = -7.525
> progress 0.568%, elapsed 930 s, estimated 163646 s (45 hours), iters = {MDP: 3242}, opt = -7.525
> progress 0.568%, elapsed 933 s, estimated 164190 s (45 hours), iters = {MDP: 3256}, opt = -7.525
> progress 0.568%, elapsed 937 s, estimated 164842 s (45 hours), iters = {MDP: 3264}, opt = -7.525
> progress 0.568%, elapsed 940 s, estimated 165481 s (45 hours), iters = {MDP: 3269}, opt = -7.525
> progress 0.568%, elapsed 943 s, estimated 166030 s (46 hours), iters = {MDP: 3274}, opt = -7.525
> progress 0.568%, elapsed 948 s, estimated 166753 s (46 hours), iters = {MDP: 3275}, opt = -7.525
> progress 0.568%, elapsed 953 s, estimated 167730 s (46 hours), iters = {MDP: 3276}, opt = -7.525
> progress 0.568%, elapsed 958 s, estimated 168653 s (46 hours), iters = {MDP: 3277}, opt = -7.525
> progress 0.568%, elapsed 964 s, estimated 169587 s (47 hours), iters = {MDP: 3278}, opt = -7.525
> progress 0.568%, elapsed 968 s, estimated 170291 s (47 hours), iters = {MDP: 3279}, opt = -7.525
> progress 0.568%, elapsed 971 s, estimated 170875 s (47 hours), iters = {MDP: 3280}, opt = -7.525
> progress 0.568%, elapsed 975 s, estimated 171536 s (47 hours), iters = {MDP: 3282}, opt = -7.525
> progress 0.568%, elapsed 978 s, estimated 172078 s (47 hours), iters = {MDP: 3289}, opt = -7.525
> progress 0.568%, elapsed 981 s, estimated 172637 s (47 hours), iters = {MDP: 3302}, opt = -7.525
> progress 0.568%, elapsed 984 s, estimated 173226 s (2 days), iters = {MDP: 3311}, opt = -7.525
> progress 0.568%, elapsed 988 s, estimated 173796 s (2 days), iters = {MDP: 3316}, opt = -7.525
> progress 0.568%, elapsed 991 s, estimated 174396 s (2 days), iters = {MDP: 3324}, opt = -7.525
> progress 0.568%, elapsed 995 s, estimated 175087 s (2 days), iters = {MDP: 3326}, opt = -7.525
> progress 0.568%, elapsed 998 s, estimated 175699 s (2 days), iters = {MDP: 3328}, opt = -7.525
> progress 0.568%, elapsed 1002 s, estimated 176368 s (2 days), iters = {MDP: 3330}, opt = -7.525
> progress 0.568%, elapsed 1005 s, estimated 176903 s (2 days), iters = {MDP: 3337}, opt = -7.525
> progress 0.568%, elapsed 1008 s, estimated 177454 s (2 days), iters = {MDP: 3350}, opt = -7.525
> progress 0.568%, elapsed 1012 s, estimated 178054 s (2 days), iters = {MDP: 3359}, opt = -7.525
> progress 0.568%, elapsed 1015 s, estimated 178599 s (2 days), iters = {MDP: 3364}, opt = -7.525
> progress 0.568%, elapsed 1018 s, estimated 179181 s (2 days), iters = {MDP: 3372}, opt = -7.525
> progress 0.568%, elapsed 1022 s, estimated 179887 s (2 days), iters = {MDP: 3375}, opt = -7.525
> progress 0.568%, elapsed 1026 s, estimated 180521 s (2 days), iters = {MDP: 3376}, opt = -7.525
> progress 0.568%, elapsed 1029 s, estimated 181053 s (2 days), iters = {MDP: 3377}, opt = -7.525
> progress 0.568%, elapsed 1035 s, estimated 182049 s (2 days), iters = {MDP: 3382}, opt = -7.525
> progress 0.568%, elapsed 1038 s, estimated 182676 s (2 days), iters = {MDP: 3383}, opt = -7.525
> progress 0.568%, elapsed 1042 s, estimated 183388 s (2 days), iters = {MDP: 3384}, opt = -7.525
> progress 0.568%, elapsed 1048 s, estimated 184321 s (2 days), iters = {MDP: 3385}, opt = -7.525
> progress 0.568%, elapsed 1052 s, estimated 185013 s (2 days), iters = {MDP: 3386}, opt = -7.525
> progress 0.568%, elapsed 1055 s, estimated 185623 s (2 days), iters = {MDP: 3387}, opt = -7.525
> progress 0.568%, elapsed 1059 s, estimated 186255 s (2 days), iters = {MDP: 3389}, opt = -7.525
> progress 0.568%, elapsed 1062 s, estimated 186836 s (2 days), iters = {MDP: 3397}, opt = -7.525
> progress 0.568%, elapsed 1065 s, estimated 187388 s (2 days), iters = {MDP: 3410}, opt = -7.525
> progress 0.568%, elapsed 1068 s, estimated 187939 s (2 days), iters = {MDP: 3419}, opt = -7.525
> progress 0.568%, elapsed 1071 s, estimated 188499 s (2 days), iters = {MDP: 3426}, opt = -7.525
> progress 0.568%, elapsed 1075 s, estimated 189133 s (2 days), iters = {MDP: 3432}, opt = -7.525
> progress 0.568%, elapsed 1081 s, estimated 190209 s (2 days), iters = {MDP: 3435}, opt = -7.525
> progress 0.568%, elapsed 1085 s, estimated 190903 s (2 days), iters = {MDP: 3437}, opt = -7.525
> progress 0.568%, elapsed 1088 s, estimated 191492 s (2 days), iters = {MDP: 3445}, opt = -7.525
> progress 0.568%, elapsed 1091 s, estimated 192024 s (2 days), iters = {MDP: 3458}, opt = -7.525
> progress 0.568%, elapsed 1095 s, estimated 192576 s (2 days), iters = {MDP: 3466}, opt = -7.525
> progress 0.568%, elapsed 1098 s, estimated 193124 s (2 days), iters = {MDP: 3472}, opt = -7.525
> progress 0.568%, elapsed 1102 s, estimated 193812 s (2 days), iters = {MDP: 3480}, opt = -7.525
> progress 0.568%, elapsed 1108 s, estimated 194945 s (2 days), iters = {MDP: 3483}, opt = -7.525
> progress 0.568%, elapsed 1111 s, estimated 195505 s (2 days), iters = {MDP: 3484}, opt = -7.525
> progress 0.568%, elapsed 1117 s, estimated 196504 s (2 days), iters = {MDP: 3489}, opt = -7.525
> progress 0.568%, elapsed 1121 s, estimated 197138 s (2 days), iters = {MDP: 3490}, opt = -7.525
> progress 0.568%, elapsed 1125 s, estimated 197846 s (2 days), iters = {MDP: 3491}, opt = -7.525
> progress 0.569%, elapsed 1130 s, estimated 198678 s (2 days), iters = {MDP: 3492}, opt = -7.525
> progress 0.569%, elapsed 1139 s, estimated 200301 s (2 days), iters = {MDP: 3493}, opt = -7.525
> progress 0.569%, elapsed 1146 s, estimated 201539 s (2 days), iters = {MDP: 3494}, opt = -7.525
> progress 0.569%, elapsed 1151 s, estimated 202301 s (2 days), iters = {MDP: 3495}, opt = -7.525
> progress 0.569%, elapsed 1154 s, estimated 202832 s (2 days), iters = {MDP: 3497}, opt = -7.525
> progress 0.569%, elapsed 1157 s, estimated 203359 s (2 days), iters = {MDP: 3518}, opt = -7.525
> progress 0.569%, elapsed 1160 s, estimated 203913 s (2 days), iters = {MDP: 3548}, opt = -7.525
> progress 0.569%, elapsed 1164 s, estimated 204585 s (2 days), iters = {MDP: 3562}, opt = -7.525
> progress 0.569%, elapsed 1167 s, estimated 205206 s (2 days), iters = {MDP: 3576}, opt = -7.525
> progress 0.569%, elapsed 1172 s, estimated 206103 s (2 days), iters = {MDP: 3579}, opt = -7.525
> progress 0.569%, elapsed 1177 s, estimated 206813 s (2 days), iters = {MDP: 3581}, opt = -7.525
> progress 0.569%, elapsed 1180 s, estimated 207396 s (2 days), iters = {MDP: 3587}, opt = -7.525
> progress 0.569%, elapsed 1183 s, estimated 208006 s (2 days), iters = {MDP: 3594}, opt = -7.525
> progress 0.569%, elapsed 1186 s, estimated 208545 s (2 days), iters = {MDP: 3609}, opt = -7.525
> progress 0.569%, elapsed 1189 s, estimated 209081 s (2 days), iters = {MDP: 3621}, opt = -7.525
> progress 0.569%, elapsed 1193 s, estimated 209633 s (2 days), iters = {MDP: 3630}, opt = -7.525
> progress 0.569%, elapsed 1196 s, estimated 210170 s (2 days), iters = {MDP: 3639}, opt = -7.525
> progress 0.569%, elapsed 1200 s, estimated 210875 s (2 days), iters = {MDP: 3647}, opt = -7.525
> progress 0.569%, elapsed 1203 s, estimated 211433 s (2 days), iters = {MDP: 3664}, opt = -7.525
> progress 0.569%, elapsed 1206 s, estimated 212003 s (2 days), iters = {MDP: 3678}, opt = -7.525
> progress 0.569%, elapsed 1210 s, estimated 212692 s (2 days), iters = {MDP: 3692}, opt = -7.525
> progress 0.569%, elapsed 1213 s, estimated 213248 s (2 days), iters = {MDP: 3699}, opt = -7.525
> progress 0.569%, elapsed 1217 s, estimated 213841 s (2 days), iters = {MDP: 3714}, opt = -7.525
> progress 0.569%, elapsed 1220 s, estimated 214408 s (2 days), iters = {MDP: 3721}, opt = -7.525
> progress 0.569%, elapsed 1223 s, estimated 215035 s (2 days), iters = {MDP: 3726}, opt = -7.525
> progress 0.569%, elapsed 1226 s, estimated 215590 s (2 days), iters = {MDP: 3733}, opt = -7.525
> progress 0.569%, elapsed 1230 s, estimated 216173 s (2 days), iters = {MDP: 3741}, opt = -7.525
> progress 0.569%, elapsed 1233 s, estimated 216743 s (2 days), iters = {MDP: 3754}, opt = -7.525
> progress 0.569%, elapsed 1236 s, estimated 217292 s (2 days), iters = {MDP: 3763}, opt = -7.525
> progress 0.569%, elapsed 1239 s, estimated 217853 s (2 days), iters = {MDP: 3770}, opt = -7.525
> progress 0.569%, elapsed 1243 s, estimated 218543 s (2 days), iters = {MDP: 3775}, opt = -7.525
> progress 0.569%, elapsed 1248 s, estimated 219347 s (2 days), iters = {MDP: 3777}, opt = -7.525
> progress 0.569%, elapsed 1253 s, estimated 220200 s (2 days), iters = {MDP: 3778}, opt = -7.525
> progress 0.569%, elapsed 1257 s, estimated 220897 s (2 days), iters = {MDP: 3779}, opt = -7.525
> progress 0.569%, elapsed 1261 s, estimated 221608 s (2 days), iters = {MDP: 3780}, opt = -7.525
> progress 0.569%, elapsed 1265 s, estimated 222343 s (2 days), iters = {MDP: 3781}, opt = -7.525
> progress 0.569%, elapsed 1269 s, estimated 223059 s (2 days), iters = {MDP: 3782}, opt = -7.525
> progress 0.569%, elapsed 1273 s, estimated 223668 s (2 days), iters = {MDP: 3786}, opt = -7.525
> progress 0.569%, elapsed 1278 s, estimated 224445 s (2 days), iters = {MDP: 3794}, opt = -7.525
> progress 0.57%, elapsed 1288 s, estimated 225972 s (2 days), iters = {MDP: 3797}, opt = -7.525
> progress 0.57%, elapsed 1295 s, estimated 227245 s (2 days), iters = {MDP: 3798}, opt = -7.525
> progress 0.57%, elapsed 1300 s, estimated 227974 s (2 days), iters = {MDP: 3799}, opt = -7.525
> progress 0.57%, elapsed 1303 s, estimated 228644 s (2 days), iters = {MDP: 3802}, opt = -7.525
> progress 0.57%, elapsed 1307 s, estimated 229180 s (2 days), iters = {MDP: 3837}, opt = -7.525
> progress 0.57%, elapsed 1310 s, estimated 229826 s (2 days), iters = {MDP: 3861}, opt = -7.525
> progress 0.57%, elapsed 1314 s, estimated 230412 s (2 days), iters = {MDP: 3868}, opt = -7.525
> progress 0.57%, elapsed 1317 s, estimated 231048 s (2 days), iters = {MDP: 3881}, opt = -7.525
> progress 0.57%, elapsed 1320 s, estimated 231600 s (2 days), iters = {MDP: 3883}, opt = -7.525
> progress 0.57%, elapsed 1324 s, estimated 232259 s (2 days), iters = {MDP: 3885}, opt = -7.525
> progress 0.57%, elapsed 1327 s, estimated 232804 s (2 days), iters = {MDP: 3887}, opt = -7.525
> progress 0.57%, elapsed 1331 s, estimated 233421 s (2 days), iters = {MDP: 3893}, opt = -7.525
> progress 0.57%, elapsed 1334 s, estimated 234053 s (2 days), iters = {MDP: 3900}, opt = -7.525
> progress 0.57%, elapsed 1338 s, estimated 234594 s (2 days), iters = {MDP: 3915}, opt = -7.525
> progress 0.57%, elapsed 1341 s, estimated 235158 s (2 days), iters = {MDP: 3928}, opt = -7.525
> progress 0.57%, elapsed 1344 s, estimated 235688 s (2 days), iters = {MDP: 3936}, opt = -7.525
> progress 0.57%, elapsed 1347 s, estimated 236285 s (2 days), iters = {MDP: 3946}, opt = -7.525
> progress 0.57%, elapsed 1351 s, estimated 236932 s (2 days), iters = {MDP: 3953}, opt = -7.525
> progress 0.57%, elapsed 1354 s, estimated 237472 s (2 days), iters = {MDP: 3969}, opt = -7.525
> progress 0.57%, elapsed 1357 s, estimated 238088 s (2 days), iters = {MDP: 3984}, opt = -7.525
> progress 0.57%, elapsed 1361 s, estimated 238776 s (2 days), iters = {MDP: 3998}, opt = -7.525
> progress 0.57%, elapsed 1364 s, estimated 239325 s (2 days), iters = {MDP: 4005}, opt = -7.525
> progress 0.57%, elapsed 1368 s, estimated 239852 s (2 days), iters = {MDP: 4019}, opt = -7.525
> progress 0.57%, elapsed 1371 s, estimated 240500 s (2 days), iters = {MDP: 4027}, opt = -7.525
> progress 0.57%, elapsed 1375 s, estimated 241129 s (2 days), iters = {MDP: 4032}, opt = -7.525
> progress 0.57%, elapsed 1378 s, estimated 241671 s (2 days), iters = {MDP: 4040}, opt = -7.525
> progress 0.57%, elapsed 1381 s, estimated 242226 s (2 days), iters = {MDP: 4053}, opt = -7.525
> progress 0.57%, elapsed 1384 s, estimated 242800 s (2 days), iters = {MDP: 4058}, opt = -7.525
> progress 0.57%, elapsed 1388 s, estimated 243376 s (2 days), iters = {MDP: 4066}, opt = -7.525
> progress 0.57%, elapsed 1391 s, estimated 243988 s (2 days), iters = {MDP: 4075}, opt = -7.525
> progress 0.57%, elapsed 1394 s, estimated 244554 s (2 days), iters = {MDP: 4082}, opt = -7.525
> progress 0.57%, elapsed 1398 s, estimated 245131 s (2 days), iters = {MDP: 4096}, opt = -7.525
> progress 0.57%, elapsed 1401 s, estimated 245695 s (2 days), iters = {MDP: 4103}, opt = -7.525
> progress 0.57%, elapsed 1404 s, estimated 246300 s (2 days), iters = {MDP: 4111}, opt = -7.525
> progress 0.57%, elapsed 1408 s, estimated 246978 s (2 days), iters = {MDP: 4119}, opt = -7.525
> progress 0.57%, elapsed 1414 s, estimated 247993 s (2 days), iters = {MDP: 4121}, opt = -7.525
> progress 0.57%, elapsed 1418 s, estimated 248640 s (2 days), iters = {MDP: 4122}, opt = -7.525
> progress 0.57%, elapsed 1421 s, estimated 249241 s (2 days), iters = {MDP: 4123}, opt = -7.525
> progress 0.57%, elapsed 1425 s, estimated 249858 s (2 days), iters = {MDP: 4124}, opt = -7.525
> progress 0.57%, elapsed 1428 s, estimated 250472 s (2 days), iters = {MDP: 4125}, opt = -7.525
> progress 0.57%, elapsed 1432 s, estimated 251017 s (2 days), iters = {MDP: 4132}, opt = -7.525
> progress 0.57%, elapsed 1437 s, estimated 252038 s (2 days), iters = {MDP: 4134}, opt = -7.525
> progress 0.57%, elapsed 1442 s, estimated 252747 s (2 days), iters = {MDP: 4135}, opt = -7.525
> progress 0.57%, elapsed 1446 s, estimated 253482 s (2 days), iters = {MDP: 4136}, opt = -7.525
> progress 0.57%, elapsed 1450 s, estimated 254191 s (2 days), iters = {MDP: 4137}, opt = -7.525
> progress 0.57%, elapsed 1454 s, estimated 254860 s (2 days), iters = {MDP: 4138}, opt = -7.525
> progress 0.578%, elapsed 1467 s, estimated 253580 s (2 days), iters = {MDP: 4142}, opt = -7.525
> progress 0.578%, elapsed 1479 s, estimated 255708 s (2 days), iters = {MDP: 4144}, opt = -7.525
> progress 0.578%, elapsed 1488 s, estimated 257140 s (2 days), iters = {MDP: 4145}, opt = -7.525
> progress 0.578%, elapsed 1494 s, estimated 258250 s (2 days), iters = {MDP: 4146}, opt = -7.525
> progress 0.578%, elapsed 1498 s, estimated 259021 s (2 days), iters = {MDP: 4147}, opt = -7.525
> progress 0.578%, elapsed 1502 s, estimated 259602 s (3 days), iters = {MDP: 4149}, opt = -7.525
> progress 0.578%, elapsed 1506 s, estimated 260335 s (3 days), iters = {MDP: 4151}, opt = -7.525
> progress 0.578%, elapsed 1510 s, estimated 261013 s (3 days), iters = {MDP: 4153}, opt = -7.525
> progress 0.578%, elapsed 1515 s, estimated 261894 s (3 days), iters = {MDP: 4156}, opt = -7.525
> progress 0.578%, elapsed 1535 s, estimated 265355 s (3 days), iters = {MDP: 4161}, opt = -7.525
> progress 0.578%, elapsed 1538 s, estimated 265904 s (3 days), iters = {MDP: 4173}, opt = -7.525
> progress 0.578%, elapsed 1542 s, estimated 266522 s (3 days), iters = {MDP: 4179}, opt = -7.525
> progress 0.578%, elapsed 1545 s, estimated 267051 s (3 days), iters = {MDP: 4195}, opt = -7.525
> progress 0.578%, elapsed 1549 s, estimated 267667 s (3 days), iters = {MDP: 4205}, opt = -7.525
> progress 0.578%, elapsed 1552 s, estimated 268294 s (3 days), iters = {MDP: 4210}, opt = -7.525
> progress 0.578%, elapsed 1556 s, estimated 268889 s (3 days), iters = {MDP: 4225}, opt = -7.525
> progress 0.578%, elapsed 1560 s, estimated 269616 s (3 days), iters = {MDP: 4235}, opt = -7.525
> progress 0.578%, elapsed 1563 s, estimated 270196 s (3 days), iters = {MDP: 4242}, opt = -7.525
> progress 0.578%, elapsed 1567 s, estimated 270757 s (3 days), iters = {MDP: 4256}, opt = -7.525
> progress 0.578%, elapsed 1570 s, estimated 271390 s (3 days), iters = {MDP: 4260}, opt = -7.525
> progress 0.578%, elapsed 1574 s, estimated 272009 s (3 days), iters = {MDP: 4277}, opt = -7.525
> progress 0.578%, elapsed 1577 s, estimated 272608 s (3 days), iters = {MDP: 4287}, opt = -7.525
> progress 0.578%, elapsed 1580 s, estimated 273133 s (3 days), iters = {MDP: 4291}, opt = -7.525
> progress 0.578%, elapsed 1583 s, estimated 273682 s (3 days), iters = {MDP: 4307}, opt = -7.525
> progress 0.578%, elapsed 1587 s, estimated 274323 s (3 days), iters = {MDP: 4315}, opt = -7.525
> progress 0.578%, elapsed 1590 s, estimated 274863 s (3 days), iters = {MDP: 4321}, opt = -7.525
> progress 0.578%, elapsed 1593 s, estimated 275385 s (3 days), iters = {MDP: 4328}, opt = -7.525
> progress 0.578%, elapsed 1596 s, estimated 275916 s (3 days), iters = {MDP: 4333}, opt = -7.525
> progress 0.578%, elapsed 1599 s, estimated 276446 s (3 days), iters = {MDP: 4338}, opt = -7.525
> progress 0.578%, elapsed 1603 s, estimated 276999 s (3 days), iters = {MDP: 4343}, opt = -7.525
> progress 0.578%, elapsed 1606 s, estimated 277538 s (3 days), iters = {MDP: 4351}, opt = -7.525
> progress 0.578%, elapsed 1609 s, estimated 278065 s (3 days), iters = {MDP: 4356}, opt = -7.525
> progress 0.578%, elapsed 1612 s, estimated 278671 s (3 days), iters = {MDP: 4362}, opt = -7.525
> progress 0.578%, elapsed 1616 s, estimated 279241 s (3 days), iters = {MDP: 4365}, opt = -7.525
> progress 0.578%, elapsed 1621 s, estimated 280198 s (3 days), iters = {MDP: 4367}, opt = -7.525
> progress 0.578%, elapsed 1625 s, estimated 280807 s (3 days), iters = {MDP: 4368}, opt = -7.525
> progress 0.578%, elapsed 1628 s, estimated 281401 s (3 days), iters = {MDP: 4369}, opt = -7.525
> progress 0.578%, elapsed 1632 s, estimated 282009 s (3 days), iters = {MDP: 4370}, opt = -7.525
> progress 0.578%, elapsed 1636 s, estimated 282612 s (3 days), iters = {MDP: 4371}, opt = -7.525
> progress 0.579%, elapsed 1640 s, estimated 283297 s (3 days), iters = {MDP: 4372}, opt = -7.525
> progress 0.579%, elapsed 1646 s, estimated 284251 s (3 days), iters = {MDP: 4373}, opt = -7.525
> progress 0.579%, elapsed 1652 s, estimated 285181 s (3 days), iters = {MDP: 4374}, opt = -7.525
> progress 0.579%, elapsed 1660 s, estimated 286541 s (3 days), iters = {MDP: 4375}, opt = -7.525
> progress 0.579%, elapsed 1666 s, estimated 287582 s (3 days), iters = {MDP: 4376}, opt = -7.525
> progress 0.579%, elapsed 1670 s, estimated 288188 s (3 days), iters = {MDP: 4377}, opt = -7.525
> progress 0.579%, elapsed 1675 s, estimated 288967 s (3 days), iters = {MDP: 4380}, opt = -7.525
> progress 0.579%, elapsed 1678 s, estimated 289572 s (3 days), iters = {MDP: 4382}, opt = -7.525
> progress 0.579%, elapsed 1681 s, estimated 290128 s (3 days), iters = {MDP: 4384}, opt = -7.525
> progress 0.579%, elapsed 1684 s, estimated 290662 s (3 days), iters = {MDP: 4387}, opt = -7.525
> progress 0.579%, elapsed 1687 s, estimated 291198 s (3 days), iters = {MDP: 4395}, opt = -7.525
> progress 0.579%, elapsed 1691 s, estimated 291778 s (3 days), iters = {MDP: 4404}, opt = -7.525
> progress 0.579%, elapsed 1695 s, estimated 292426 s (3 days), iters = {MDP: 4412}, opt = -7.525
> progress 0.579%, elapsed 1698 s, estimated 293052 s (3 days), iters = {MDP: 4421}, opt = -7.525
> progress 0.579%, elapsed 1701 s, estimated 293595 s (3 days), iters = {MDP: 4435}, opt = -7.525
> progress 0.579%, elapsed 1705 s, estimated 294181 s (3 days), iters = {MDP: 4440}, opt = -7.525
> progress 0.579%, elapsed 1708 s, estimated 294750 s (3 days), iters = {MDP: 4451}, opt = -7.525
> progress 0.579%, elapsed 1712 s, estimated 295364 s (3 days), iters = {MDP: 4456}, opt = -7.525
> progress 0.579%, elapsed 1715 s, estimated 295902 s (3 days), iters = {MDP: 4467}, opt = -7.525
> progress 0.579%, elapsed 1719 s, estimated 296607 s (3 days), iters = {MDP: 4473}, opt = -7.525
> progress 0.579%, elapsed 1722 s, estimated 297181 s (3 days), iters = {MDP: 4479}, opt = -7.525
> progress 0.579%, elapsed 1725 s, estimated 297707 s (3 days), iters = {MDP: 4488}, opt = -7.525
> progress 0.579%, elapsed 1728 s, estimated 298239 s (3 days), iters = {MDP: 4495}, opt = -7.525
> progress 0.579%, elapsed 1732 s, estimated 298807 s (3 days), iters = {MDP: 4501}, opt = -7.525
> progress 0.579%, elapsed 1735 s, estimated 299425 s (3 days), iters = {MDP: 4510}, opt = -7.525
> progress 0.579%, elapsed 1738 s, estimated 299954 s (3 days), iters = {MDP: 4524}, opt = -7.525
> progress 0.579%, elapsed 1742 s, estimated 300522 s (3 days), iters = {MDP: 4529}, opt = -7.525
> progress 0.579%, elapsed 1745 s, estimated 301141 s (3 days), iters = {MDP: 4540}, opt = -7.525
> progress 0.579%, elapsed 1749 s, estimated 301772 s (3 days), iters = {MDP: 4546}, opt = -7.525
> progress 0.579%, elapsed 1752 s, estimated 302359 s (3 days), iters = {MDP: 4557}, opt = -7.525
> progress 0.579%, elapsed 1756 s, estimated 303019 s (3 days), iters = {MDP: 4562}, opt = -7.525
> progress 0.579%, elapsed 1759 s, estimated 303580 s (3 days), iters = {MDP: 4567}, opt = -7.525
> progress 0.579%, elapsed 1763 s, estimated 304167 s (3 days), iters = {MDP: 4579}, opt = -7.525
> progress 0.579%, elapsed 1766 s, estimated 304723 s (3 days), iters = {MDP: 4587}, opt = -7.525
> progress 0.579%, elapsed 1769 s, estimated 305265 s (3 days), iters = {MDP: 4598}, opt = -7.525
> progress 0.579%, elapsed 1772 s, estimated 305822 s (3 days), iters = {MDP: 4605}, opt = -7.525
> progress 0.579%, elapsed 1776 s, estimated 306425 s (3 days), iters = {MDP: 4614}, opt = -7.525
> progress 0.579%, elapsed 1779 s, estimated 307034 s (3 days), iters = {MDP: 4620}, opt = -7.525
> progress 0.579%, elapsed 1782 s, estimated 307560 s (3 days), iters = {MDP: 4629}, opt = -7.525
> progress 0.579%, elapsed 1786 s, estimated 308126 s (3 days), iters = {MDP: 4634}, opt = -7.525
> progress 0.579%, elapsed 1789 s, estimated 308713 s (3 days), iters = {MDP: 4646}, opt = -7.525
> progress 0.579%, elapsed 1792 s, estimated 309286 s (3 days), iters = {MDP: 4654}, opt = -7.525
> progress 0.579%, elapsed 1796 s, estimated 309837 s (3 days), iters = {MDP: 4665}, opt = -7.525
> progress 0.579%, elapsed 1799 s, estimated 310408 s (3 days), iters = {MDP: 4672}, opt = -7.525
> progress 0.579%, elapsed 1802 s, estimated 311006 s (3 days), iters = {MDP: 4681}, opt = -7.525
> progress 0.579%, elapsed 1805 s, estimated 311548 s (3 days), iters = {MDP: 4686}, opt = -7.525
> progress 0.579%, elapsed 1809 s, estimated 312098 s (3 days), iters = {MDP: 4695}, opt = -7.525
> progress 0.579%, elapsed 1812 s, estimated 312733 s (3 days), iters = {MDP: 4699}, opt = -7.525
> progress 0.579%, elapsed 1816 s, estimated 313292 s (3 days), iters = {MDP: 4709}, opt = -7.525
> progress 0.579%, elapsed 1819 s, estimated 313887 s (3 days), iters = {MDP: 4718}, opt = -7.525
> progress 0.579%, elapsed 1822 s, estimated 314426 s (3 days), iters = {MDP: 4729}, opt = -7.525
> progress 0.579%, elapsed 1825 s, estimated 314956 s (3 days), iters = {MDP: 4736}, opt = -7.525
> progress 0.579%, elapsed 1829 s, estimated 315563 s (3 days), iters = {MDP: 4743}, opt = -7.525
> progress 0.579%, elapsed 1832 s, estimated 316102 s (3 days), iters = {MDP: 4752}, opt = -7.525
> progress 0.579%, elapsed 1835 s, estimated 316652 s (3 days), iters = {MDP: 4759}, opt = -7.525
> progress 0.579%, elapsed 1839 s, estimated 317247 s (3 days), iters = {MDP: 4766}, opt = -7.525
> progress 0.579%, elapsed 1842 s, estimated 317841 s (3 days), iters = {MDP: 4776}, opt = -7.525
> progress 0.579%, elapsed 1845 s, estimated 318446 s (3 days), iters = {MDP: 4785}, opt = -7.525
> progress 0.579%, elapsed 1849 s, estimated 318986 s (3 days), iters = {MDP: 4796}, opt = -7.525
> progress 0.579%, elapsed 1852 s, estimated 319524 s (3 days), iters = {MDP: 4803}, opt = -7.525
> progress 0.579%, elapsed 1855 s, estimated 320048 s (3 days), iters = {MDP: 4809}, opt = -7.525
> progress 0.579%, elapsed 1858 s, estimated 320595 s (3 days), iters = {MDP: 4818}, opt = -7.525
> progress 0.579%, elapsed 1861 s, estimated 321122 s (3 days), iters = {MDP: 4823}, opt = -7.525
> progress 0.579%, elapsed 1864 s, estimated 321670 s (3 days), iters = {MDP: 4832}, opt = -7.525
> progress 0.579%, elapsed 1868 s, estimated 322336 s (3 days), iters = {MDP: 4835}, opt = -7.525
> progress 0.579%, elapsed 1872 s, estimated 322998 s (3 days), iters = {MDP: 4836}, opt = -7.525
> progress 0.579%, elapsed 1875 s, estimated 323530 s (3 days), iters = {MDP: 4837}, opt = -7.525
> progress 0.579%, elapsed 1878 s, estimated 324060 s (3 days), iters = {MDP: 4838}, opt = -7.525
> progress 0.579%, elapsed 1882 s, estimated 324614 s (3 days), iters = {MDP: 4839}, opt = -7.525
> progress 0.579%, elapsed 1885 s, estimated 325177 s (3 days), iters = {MDP: 4840}, opt = -7.525
> progress 0.579%, elapsed 1889 s, estimated 325916 s (3 days), iters = {MDP: 4844}, opt = -7.525
> progress 0.579%, elapsed 1894 s, estimated 326711 s (3 days), iters = {MDP: 4850}, opt = -7.525
> progress 0.579%, elapsed 1899 s, estimated 327564 s (3 days), iters = {MDP: 4852}, opt = -7.525
> progress 0.579%, elapsed 1903 s, estimated 328220 s (3 days), iters = {MDP: 4853}, opt = -7.525
> progress 0.58%, elapsed 1909 s, estimated 329122 s (3 days), iters = {MDP: 4854}, opt = -7.525
> progress 0.58%, elapsed 1915 s, estimated 329965 s (3 days), iters = {MDP: 4855}, opt = -7.525
> progress 0.58%, elapsed 1923 s, estimated 331285 s (3 days), iters = {MDP: 4856}, opt = -7.525
> progress 0.58%, elapsed 1930 s, estimated 332536 s (3 days), iters = {MDP: 4857}, opt = -7.525
> progress 0.58%, elapsed 1934 s, estimated 333242 s (3 days), iters = {MDP: 4858}, opt = -7.525
> progress 0.58%, elapsed 1939 s, estimated 334009 s (3 days), iters = {MDP: 4859}, opt = -7.525
> progress 0.58%, elapsed 1942 s, estimated 334544 s (3 days), iters = {MDP: 4860}, opt = -7.525
> progress 0.58%, elapsed 1947 s, estimated 335394 s (3 days), iters = {MDP: 4862}, opt = -7.525
> progress 0.58%, elapsed 1950 s, estimated 335912 s (3 days), iters = {MDP: 4893}, opt = -7.525
> progress 0.58%, elapsed 1953 s, estimated 336512 s (3 days), iters = {MDP: 4908}, opt = -7.525
> progress 0.58%, elapsed 1957 s, estimated 337144 s (3 days), iters = {MDP: 4915}, opt = -7.525
> progress 0.58%, elapsed 1960 s, estimated 337707 s (3 days), iters = {MDP: 4921}, opt = -7.525
> progress 0.58%, elapsed 1963 s, estimated 338230 s (3 days), iters = {MDP: 4932}, opt = -7.525
> progress 0.58%, elapsed 1967 s, estimated 338841 s (3 days), iters = {MDP: 4947}, opt = -7.525
> progress 0.58%, elapsed 1970 s, estimated 339455 s (3 days), iters = {MDP: 4951}, opt = -7.525
> progress 0.58%, elapsed 1974 s, estimated 340147 s (3 days), iters = {MDP: 4957}, opt = -7.525
> progress 0.58%, elapsed 1977 s, estimated 340682 s (3 days), iters = {MDP: 4985}, opt = -7.525
> progress 0.58%, elapsed 1981 s, estimated 341219 s (3 days), iters = {MDP: 4998}, opt = -7.525
> progress 0.58%, elapsed 1985 s, estimated 342031 s (3 days), iters = {MDP: 5006}, opt = -7.525
> progress 0.58%, elapsed 1988 s, estimated 342574 s (3 days), iters = {MDP: 5008}, opt = -7.525
> progress 0.58%, elapsed 1992 s, estimated 343127 s (3 days), iters = {MDP: 5038}, opt = -7.525
> progress 0.58%, elapsed 1995 s, estimated 343685 s (3 days), iters = {MDP: 5054}, opt = -7.525
> progress 0.58%, elapsed 1998 s, estimated 344273 s (3 days), iters = {MDP: 5056}, opt = -7.525
> progress 0.58%, elapsed 2002 s, estimated 344965 s (3 days), iters = {MDP: 5058}, opt = -7.525
> progress 0.58%, elapsed 2006 s, estimated 345567 s (3 days), iters = {MDP: 5062}, opt = -7.525
> progress 0.58%, elapsed 2009 s, estimated 346142 s (4 days), iters = {MDP: 5081}, opt = -7.525
> progress 0.58%, elapsed 2013 s, estimated 346728 s (4 days), iters = {MDP: 5083}, opt = -7.525
> progress 0.58%, elapsed 2017 s, estimated 347457 s (4 days), iters = {MDP: 5085}, opt = -7.525
> progress 0.58%, elapsed 2020 s, estimated 347981 s (4 days), iters = {MDP: 5106}, opt = -7.525
> progress 0.58%, elapsed 2023 s, estimated 348502 s (4 days), iters = {MDP: 5121}, opt = -7.525
> progress 0.58%, elapsed 2028 s, estimated 349314 s (4 days), iters = {MDP: 5133}, opt = -7.525
> progress 0.58%, elapsed 2032 s, estimated 350026 s (4 days), iters = {MDP: 5137}, opt = -7.525
> progress 0.58%, elapsed 2037 s, estimated 350854 s (4 days), iters = {MDP: 5139}, opt = -7.525
> progress 0.58%, elapsed 2040 s, estimated 351375 s (4 days), iters = {MDP: 5171}, opt = -7.525
> progress 0.58%, elapsed 2043 s, estimated 351999 s (4 days), iters = {MDP: 5183}, opt = -7.525
> progress 0.58%, elapsed 2047 s, estimated 352682 s (4 days), iters = {MDP: 5185}, opt = -7.525
> progress 0.58%, elapsed 2050 s, estimated 353205 s (4 days), iters = {MDP: 5186}, opt = -7.525
> progress 0.58%, elapsed 2054 s, estimated 353851 s (4 days), iters = {MDP: 5187}, opt = -7.525
> progress 0.58%, elapsed 2061 s, estimated 355094 s (4 days), iters = {MDP: 5188}, opt = -7.525
> progress 0.58%, elapsed 2068 s, estimated 356212 s (4 days), iters = {MDP: 5189}, opt = -7.525
> progress 0.58%, elapsed 2073 s, estimated 357062 s (4 days), iters = {MDP: 5190}, opt = -7.525
> progress 0.58%, elapsed 2076 s, estimated 357679 s (4 days), iters = {MDP: 5193}, opt = -7.525
> progress 0.58%, elapsed 2080 s, estimated 358227 s (4 days), iters = {MDP: 5201}, opt = -7.525
> progress 0.58%, elapsed 2083 s, estimated 358774 s (4 days), iters = {MDP: 5207}, opt = -7.525
> progress 0.58%, elapsed 2086 s, estimated 359313 s (4 days), iters = {MDP: 5222}, opt = -7.525
> progress 0.58%, elapsed 2089 s, estimated 359835 s (4 days), iters = {MDP: 5237}, opt = -7.525
> progress 0.58%, elapsed 2092 s, estimated 360359 s (4 days), iters = {MDP: 5242}, opt = -7.525
> progress 0.58%, elapsed 2095 s, estimated 360896 s (4 days), iters = {MDP: 5252}, opt = -7.525
> progress 0.58%, elapsed 2098 s, estimated 361468 s (4 days), iters = {MDP: 5258}, opt = -7.525
> progress 0.58%, elapsed 2102 s, estimated 362000 s (4 days), iters = {MDP: 5275}, opt = -7.525
> progress 0.58%, elapsed 2105 s, estimated 362549 s (4 days), iters = {MDP: 5289}, opt = -7.525
> progress 0.58%, elapsed 2108 s, estimated 363072 s (4 days), iters = {MDP: 5300}, opt = -7.525
> progress 0.58%, elapsed 2111 s, estimated 363600 s (4 days), iters = {MDP: 5307}, opt = -7.525
> progress 0.58%, elapsed 2114 s, estimated 364170 s (4 days), iters = {MDP: 5320}, opt = -7.525
> progress 0.58%, elapsed 2117 s, estimated 364696 s (4 days), iters = {MDP: 5331}, opt = -7.525
> progress 0.58%, elapsed 2120 s, estimated 365259 s (4 days), iters = {MDP: 5336}, opt = -7.525
> progress 0.58%, elapsed 2124 s, estimated 365807 s (4 days), iters = {MDP: 5342}, opt = -7.525
> progress 0.58%, elapsed 2127 s, estimated 366428 s (4 days), iters = {MDP: 5344}, opt = -7.525
> progress 0.58%, elapsed 2130 s, estimated 366968 s (4 days), iters = {MDP: 5346}, opt = -7.525
> progress 0.58%, elapsed 2134 s, estimated 367551 s (4 days), iters = {MDP: 5348}, opt = -7.525
> progress 0.58%, elapsed 2141 s, estimated 368732 s (4 days), iters = {MDP: 5350}, opt = -7.525
> progress 0.58%, elapsed 2146 s, estimated 369610 s (4 days), iters = {MDP: 5351}, opt = -7.525
> progress 0.58%, elapsed 2151 s, estimated 370450 s (4 days), iters = {MDP: 5352}, opt = -7.525
> progress 0.58%, elapsed 2155 s, estimated 371235 s (4 days), iters = {MDP: 5353}, opt = -7.525
> progress 0.58%, elapsed 2158 s, estimated 371756 s (4 days), iters = {MDP: 5356}, opt = -7.525
> progress 0.58%, elapsed 2162 s, estimated 372326 s (4 days), iters = {MDP: 5370}, opt = -7.525
> progress 0.58%, elapsed 2165 s, estimated 372861 s (4 days), iters = {MDP: 5392}, opt = -7.525
> progress 0.58%, elapsed 2168 s, estimated 373449 s (4 days), iters = {MDP: 5408}, opt = -7.525
> progress 0.58%, elapsed 2171 s, estimated 374027 s (4 days), iters = {MDP: 5425}, opt = -7.525
> progress 0.58%, elapsed 2175 s, estimated 374654 s (4 days), iters = {MDP: 5442}, opt = -7.525
> progress 0.58%, elapsed 2178 s, estimated 375190 s (4 days), iters = {MDP: 5445}, opt = -7.525
> progress 0.58%, elapsed 2183 s, estimated 376097 s (4 days), iters = {MDP: 5448}, opt = -7.525
> progress 0.58%, elapsed 2186 s, estimated 376622 s (4 days), iters = {MDP: 5455}, opt = -7.525
> progress 0.58%, elapsed 2190 s, estimated 377182 s (4 days), iters = {MDP: 5457}, opt = -7.525
> progress 0.58%, elapsed 2194 s, estimated 377864 s (4 days), iters = {MDP: 5459}, opt = -7.525
> progress 0.58%, elapsed 2198 s, estimated 378607 s (4 days), iters = {MDP: 5462}, opt = -7.525
> progress 0.58%, elapsed 2202 s, estimated 379337 s (4 days), iters = {MDP: 5465}, opt = -7.525
> progress 0.58%, elapsed 2206 s, estimated 379991 s (4 days), iters = {MDP: 5475}, opt = -7.525
> progress 0.58%, elapsed 2209 s, estimated 380577 s (4 days), iters = {MDP: 5488}, opt = -7.525
> progress 0.58%, elapsed 2213 s, estimated 381147 s (4 days), iters = {MDP: 5500}, opt = -7.525
> progress 0.58%, elapsed 2216 s, estimated 381710 s (4 days), iters = {MDP: 5504}, opt = -7.525
> progress 0.58%, elapsed 2220 s, estimated 382318 s (4 days), iters = {MDP: 5513}, opt = -7.525
> progress 0.58%, elapsed 2223 s, estimated 382967 s (4 days), iters = {MDP: 5516}, opt = -7.525
> progress 0.58%, elapsed 2227 s, estimated 383568 s (4 days), iters = {MDP: 5521}, opt = -7.525
> progress 0.58%, elapsed 2230 s, estimated 384094 s (4 days), iters = {MDP: 5524}, opt = -7.525
> progress 0.58%, elapsed 2234 s, estimated 384859 s (4 days), iters = {MDP: 5537}, opt = -7.525
> progress 0.58%, elapsed 2241 s, estimated 386001 s (4 days), iters = {MDP: 5540}, opt = -7.525
> progress 0.58%, elapsed 2245 s, estimated 386643 s (4 days), iters = {MDP: 5541}, opt = -7.525
> progress 0.58%, elapsed 2248 s, estimated 387201 s (4 days), iters = {MDP: 5545}, opt = -7.525
> progress 0.58%, elapsed 2251 s, estimated 387785 s (4 days), iters = {MDP: 5549}, opt = -7.525
> progress 0.58%, elapsed 2255 s, estimated 388452 s (4 days), iters = {MDP: 5551}, opt = -7.525
> progress 0.58%, elapsed 2259 s, estimated 389094 s (4 days), iters = {MDP: 5552}, opt = -7.525
> progress 0.58%, elapsed 2262 s, estimated 389704 s (4 days), iters = {MDP: 5556}, opt = -7.525
> progress 0.58%, elapsed 2266 s, estimated 390354 s (4 days), iters = {MDP: 5562}, opt = -7.525
> progress 0.58%, elapsed 2270 s, estimated 390923 s (4 days), iters = {MDP: 5564}, opt = -7.525
> progress 0.58%, elapsed 2276 s, estimated 392009 s (4 days), iters = {MDP: 5569}, opt = -7.525
> progress 0.58%, elapsed 2279 s, estimated 392582 s (4 days), iters = {MDP: 5570}, opt = -7.525
> progress 0.58%, elapsed 2283 s, estimated 393224 s (4 days), iters = {MDP: 5572}, opt = -7.525
> progress 0.58%, elapsed 2286 s, estimated 393758 s (4 days), iters = {MDP: 5579}, opt = -7.525
> progress 0.58%, elapsed 2289 s, estimated 394295 s (4 days), iters = {MDP: 5592}, opt = -7.525
> progress 0.58%, elapsed 2292 s, estimated 394868 s (4 days), iters = {MDP: 5601}, opt = -7.525
> progress 0.58%, elapsed 2296 s, estimated 395423 s (4 days), iters = {MDP: 5607}, opt = -7.525
> progress 0.58%, elapsed 2299 s, estimated 396070 s (4 days), iters = {MDP: 5615}, opt = -7.525
> progress 0.58%, elapsed 2305 s, estimated 397008 s (4 days), iters = {MDP: 5617}, opt = -7.525
> progress 0.58%, elapsed 2308 s, estimated 397549 s (4 days), iters = {MDP: 5618}, opt = -7.525
> progress 0.58%, elapsed 2312 s, estimated 398139 s (4 days), iters = {MDP: 5619}, opt = -7.525
> progress 0.58%, elapsed 2315 s, estimated 398748 s (4 days), iters = {MDP: 5620}, opt = -7.525
> progress 0.58%, elapsed 2320 s, estimated 399636 s (4 days), iters = {MDP: 5622}, opt = -7.525
> progress 0.58%, elapsed 2325 s, estimated 400521 s (4 days), iters = {MDP: 5624}, opt = -7.525
> progress 0.58%, elapsed 2330 s, estimated 401324 s (4 days), iters = {MDP: 5627}, opt = -7.525
> progress 0.58%, elapsed 2333 s, estimated 401901 s (4 days), iters = {MDP: 5628}, opt = -7.525
> progress 0.58%, elapsed 2337 s, estimated 402524 s (4 days), iters = {MDP: 5630}, opt = -7.525
> progress 0.58%, elapsed 2341 s, estimated 403129 s (4 days), iters = {MDP: 5638}, opt = -7.525
> progress 0.58%, elapsed 2344 s, estimated 403679 s (4 days), iters = {MDP: 5651}, opt = -7.525
> progress 0.58%, elapsed 2347 s, estimated 404264 s (4 days), iters = {MDP: 5660}, opt = -7.525
> progress 0.58%, elapsed 2350 s, estimated 404792 s (4 days), iters = {MDP: 5666}, opt = -7.525
> progress 0.58%, elapsed 2354 s, estimated 405365 s (4 days), iters = {MDP: 5673}, opt = -7.525
> progress 0.58%, elapsed 2359 s, estimated 406306 s (4 days), iters = {MDP: 5675}, opt = -7.525
> progress 0.58%, elapsed 2362 s, estimated 406855 s (4 days), iters = {MDP: 5676}, opt = -7.525
> progress 0.58%, elapsed 2366 s, estimated 407429 s (4 days), iters = {MDP: 5677}, opt = -7.525
> progress 0.58%, elapsed 2369 s, estimated 407996 s (4 days), iters = {MDP: 5678}, opt = -7.525
> progress 0.58%, elapsed 2374 s, estimated 408916 s (4 days), iters = {MDP: 5680}, opt = -7.525
> progress 0.58%, elapsed 2380 s, estimated 409842 s (4 days), iters = {MDP: 5682}, opt = -7.525
> progress 0.58%, elapsed 2384 s, estimated 410624 s (4 days), iters = {MDP: 5685}, opt = -7.525
> progress 0.58%, elapsed 2392 s, estimated 411869 s (4 days), iters = {MDP: 5686}, opt = -7.525
> progress 0.58%, elapsed 2397 s, estimated 412865 s (4 days), iters = {MDP: 5687}, opt = -7.525
> progress 0.58%, elapsed 2401 s, estimated 413416 s (4 days), iters = {MDP: 5688}, opt = -7.525
> progress 0.58%, elapsed 2404 s, estimated 414012 s (4 days), iters = {MDP: 5691}, opt = -7.525
> progress 0.58%, elapsed 2407 s, estimated 414535 s (4 days), iters = {MDP: 5719}, opt = -7.525
> progress 0.58%, elapsed 2410 s, estimated 415056 s (4 days), iters = {MDP: 5742}, opt = -7.525
> progress 0.58%, elapsed 2414 s, estimated 415629 s (4 days), iters = {MDP: 5759}, opt = -7.525
> progress 0.58%, elapsed 2417 s, estimated 416150 s (4 days), iters = {MDP: 5772}, opt = -7.525
> progress 0.58%, elapsed 2420 s, estimated 416704 s (4 days), iters = {MDP: 5776}, opt = -7.525
> progress 0.58%, elapsed 2423 s, estimated 417310 s (4 days), iters = {MDP: 5778}, opt = -7.525
> progress 0.58%, elapsed 2427 s, estimated 417887 s (4 days), iters = {MDP: 5780}, opt = -7.525
> progress 0.58%, elapsed 2430 s, estimated 418515 s (4 days), iters = {MDP: 5783}, opt = -7.525
> progress 0.58%, elapsed 2434 s, estimated 419065 s (4 days), iters = {MDP: 5796}, opt = -7.525
> progress 0.58%, elapsed 2437 s, estimated 419582 s (4 days), iters = {MDP: 5815}, opt = -7.525
> progress 0.58%, elapsed 2440 s, estimated 420110 s (4 days), iters = {MDP: 5833}, opt = -7.525
