ERROR (SpiritErrorHandler.h:27): Parsing error at 3:1:  expecting <model type>, here:
	@type: POMDP
	^

1000
constructing pomdps
1.98 1.978 1.978 0.955 2.019
2.331 2.289 2.291 2.312 2.369
2.021 2.005 2.012 1.377 2.099
2.29 2.25 2.25 1.942 2.333
2.067 2.067 2.067 1.193 2.16
1.737 1.718 1.718 1.731 1.777
2.146 2.145 2.145 2.045 2.195
1.844 1.856 1.844 1.133 1.976
1.718 1.718 1.734 1.704 1.777
1.743 1.472 1.472 1.533 1.844
1.65 1.436 1.436 1.309 1.751
1.905 1.905 1.917 1.236 2.007
2.325 2.285 2.285 1.993 2.365
2.221 2.182 2.182 1.948 2.265
2.148 2.148 2.148 2.051 2.198
2.549 2.506 2.506 2.543 2.6
2.0 1.984 1.984 1.521 2.078
1.696 1.438 1.438 1.549 1.797
2.017 2.015 2.015 1.022 2.055
2.266 2.226 2.243 1.652 2.31
2.004 2.004 2.004 1.127 2.047
1.838 1.838 1.849 0.792 1.98
1.996 1.996 1.996 0.98 2.1
2.072 2.105 2.105 2.086 2.142
2.027 2.027 2.027 1.411 2.118
2.044 2.077 2.077 2.024 2.115
1.781 1.731 1.731 1.238 1.889
1.849 1.806 1.802 0.898 1.919
2.17 2.131 2.147 1.464 2.219
2.078 2.092 2.078 1.217 2.225
2.228 2.204 2.204 2.017 2.272
1.877 1.877 1.877 1.103 2.01
2.058 2.094 2.094 2.046 2.133
1.784 1.766 1.778 0.817 1.933
2.097 2.097 2.097 1.652 2.143
2.152 2.113 2.113 1.831 2.201
1.659 1.373 1.389 1.526 1.76
1.944 1.942 1.942 0.903 1.983
1.942 1.942 1.942 0.754 1.986
1.914 1.931 1.931 0.61 1.972
1.813 1.769 1.769 1.464 1.918
1.788 1.767 1.767 1.044 1.907
2.024 2.022 2.022 1.188 2.061
1.959 1.994 1.994 1.79 2.038
2.36 2.319 2.319 2.075 2.398
2.404 2.362 2.362 1.627 2.443
1.892 1.892 1.892 1.119 2.004
1.672 1.36 1.376 1.648 1.771
2.338 2.297 2.297 2.167 2.377
2.229 2.215 2.232 1.456 2.317
2.165 2.126 2.126 1.313 2.216
1.696 1.739 1.739 1.665 1.782
2.157 2.153 2.153 2.085 2.203
2.01 2.008 2.008 1.425 2.046
2.024 2.022 2.022 1.314 2.061
2.154 2.154 2.154 2.078 2.204
1.824 1.685 1.685 0.896 1.931
2.091 2.091 2.091 1.645 2.137
1.657 1.396 1.389 1.509 1.757
2.511 2.491 2.491 2.438 2.563
1.733 1.702 1.733 1.73 1.777
1.704 1.444 1.444 1.542 1.805
1.809 1.81 1.81 1.195 1.851
1.84 1.849 1.836 0.818 1.99
1.859 1.859 1.859 1.023 1.902
1.96 1.995 1.995 1.79 2.039
1.852 1.868 1.868 0.981 1.91
2.251 2.229 2.229 1.694 2.311
2.338 2.318 2.298 2.326 2.376
2.362 2.341 2.341 2.096 2.4
2.005 2.04 2.04 1.901 2.082
1.694 1.461 1.461 1.458 1.796
2.126 2.106 2.124 1.938 2.173
2.383 2.342 2.361 1.878 2.422
1.819 1.833 1.833 0.877 1.967
1.783 1.783 1.781 1.263 1.822
1.865 1.863 1.863 1.102 1.903
2.3 2.26 2.279 1.972 2.342
1.877 1.892 1.892 1.211 1.993
1.741 1.757 1.757 1.492 1.798
2.036 2.036 2.036 1.494 2.084
2.091 2.108 2.108 1.306 2.193
1.859 1.872 1.872 0.763 1.999
1.807 1.804 1.804 1.131 1.845
1.753 1.612 1.612 0.886 1.868
1.974 1.972 1.972 1.681 2.009
1.977 1.977 1.977 0.976 2.02
2.365 2.324 2.344 2.089 2.403
2.174 2.152 2.135 1.66 2.222
1.858 1.856 1.856 0.895 1.897
1.735 1.678 1.668 0.968 1.881
1.72 1.736 1.736 1.725 1.779
2.141 2.141 2.141 2.004 2.19
2.302 2.28 2.261 1.941 2.343
2.335 2.314 2.294 2.022 2.375
1.928 1.928 1.928 0.783 1.968
2.043 2.039 2.039 1.519 2.087
2.183 2.17 2.17 2.181 2.22
2.09 2.051 2.051 1.347 2.143
2.204 2.182 2.164 1.901 2.25
1.681 1.39 1.39 1.662 1.781
2.343 2.322 2.303 2.047 2.383
2.298 2.258 2.258 1.716 2.341
2.051 2.087 2.087 2.035 2.126
1.658 1.39 1.398 1.492 1.758
1.886 1.919 1.919 1.49 1.957
2.525 2.502 2.502 2.531 2.596
1.883 1.881 1.881 1.18 1.92
2.032 2.068 2.068 1.976 2.108
1.884 1.884 1.884 1.093 1.93
2.099 2.124 2.124 2.123 2.161
1.726 1.489 1.489 1.422 1.828
1.918 1.868 1.608 1.657 1.978
1.89 1.887 1.887 0.876 1.928
2.461 2.419 2.439 1.816 2.503
2.081 2.065 2.013 1.128 2.153
2.392 2.35 2.369 1.67 2.438
1.704 1.752 1.752 1.582 1.794
1.663 1.402 1.409 1.491 1.764
2.337 2.296 2.296 2.027 2.377
1.787 1.64 1.64 1.158 1.892
2.306 2.264 2.286 2.245 2.345
1.936 1.893 1.893 1.041 1.973
1.781 1.797 1.797 1.345 1.839
1.849 1.807 1.807 1.048 1.928
2.083 2.108 2.108 2.094 2.145
1.737 1.759 1.759 1.447 1.801
1.658 1.413 1.413 1.441 1.759
1.982 2.017 2.017 1.848 2.06
2.328 2.328 2.328 2.039 2.443
1.999 1.997 1.997 1.372 2.036
2.147 2.147 2.147 2.039 2.196
1.788 1.743 1.598 1.141 1.896
1.904 1.854 1.603 1.614 1.969
2.364 2.343 2.343 2.102 2.403
2.268 2.246 2.227 1.761 2.311
1.842 1.842 1.842 1.219 1.886
1.826 1.823 1.823 1.022 1.864
2.134 2.134 2.134 1.978 2.183
1.65 1.43 1.43 1.324 1.751
2.247 2.247 2.247 1.828 2.381
1.743 1.492 1.492 1.09 1.847
2.115 2.115 2.115 1.837 2.163
1.689 1.41 1.419 1.631 1.79
1.822 1.835 1.822 0.731 1.961
2.016 2.014 2.014 1.359 2.053
2.147 2.147 2.147 2.047 2.197
1.958 1.956 1.956 1.606 1.994
2.225 2.186 2.204 1.778 2.271
1.725 1.74 1.74 1.7 1.784
1.786 1.718 1.718 1.191 1.89
2.443 2.4 2.421 1.936 2.489
1.941 1.769 1.769 1.097 2.024
1.721 1.648 1.648 1.014 1.866
1.811 1.804 1.817 0.887 1.961
2.095 2.12 2.12 2.117 2.158
1.932 1.929 1.929 0.981 1.97
1.7 1.743 1.743 1.652 1.786
2.161 2.121 2.137 1.656 2.205
1.949 1.824 1.824 1.015 2.048
1.951 1.966 1.951 1.164 2.047
1.896 1.893 1.893 1.048 1.933
2.062 2.038 2.023 1.133 2.117
1.948 1.948 1.948 0.766 1.989
1.947 1.945 1.945 0.925 1.985
1.672 1.36 1.376 1.644 1.772
1.964 1.919 1.919 1.357 1.992
1.727 1.743 1.743 1.692 1.787
2.16 2.161 2.161 2.111 2.21
1.925 1.925 1.94 1.25 2.022
1.677 1.388 1.388 1.687 1.777
1.901 1.901 1.901 0.977 2.028
1.797 1.773 1.776 0.912 1.945
2.322 2.298 2.301 1.995 2.363
2.03 2.03 2.045 1.247 2.161
2.23 2.187 2.19 2.049 2.273
2.154 2.136 2.136 1.676 2.224
1.723 1.738 1.738 1.706 1.782
1.674 1.636 1.381 1.699 1.774
2.097 2.122 2.122 2.118 2.16
1.825 1.823 1.823 1.024 1.863
1.69 1.454 1.462 1.414 1.792
1.951 1.937 1.937 0.832 2.06
2.495 2.453 2.453 1.879 2.536
1.698 1.742 1.742 1.673 1.785
2.029 2.027 2.027 1.175 2.066
2.272 2.25 2.25 1.874 2.315
1.689 1.411 1.403 1.599 1.789
1.672 1.419 1.419 1.451 1.773
1.929 1.878 1.616 1.684 1.984
2.087 2.061 2.048 1.386 2.132
1.787 1.717 1.717 1.107 1.891
2.333 2.292 2.292 2.017 2.372
1.841 1.511 1.511 1.67 1.937
1.862 1.862 1.862 1.134 1.907
1.94 1.876 1.876 0.825 2.09
2.06 2.06 2.06 1.157 2.148
2.003 2.003 2.003 1.333 2.05
1.833 1.846 1.846 0.965 1.959
1.907 1.848 1.528 1.897 1.977
