 WARN (FormulaParserGrammar.cpp:338): Identifier `R' coincides with a reserved keyword or operator. Property expressions using the variable or constant 'R' will not be parsed correctly.
1000
constructing pomdps
0.651 0.645 0.651 0.09 0.797
0.771 0.728 0.728 0.125 0.804
0.743 0.743 0.743 0.144 0.876
0.7 0.7 0.68 0.113 0.859
0.831 0.835 0.835 0.16 0.834
0.802 0.805 0.805 0.13 0.851
0.823 0.816 0.81 0.117 0.842
0.675 0.575 0.575 0.103 0.792
0.77 0.735 0.735 0.095 0.804
0.777 0.799 0.802 0.199 0.835
0.715 0.735 0.735 0.1 0.819
0.848 0.875 0.875 0.165 0.856
0.811 0.811 0.811 0.2 0.869
0.728 0.718 0.718 0.105 0.887
0.698 0.705 0.705 0.173 0.921
0.813 0.83 0.83 0.238 0.848
0.851 0.843 0.843 0.125 0.86
0.788 0.808 0.808 0.103 0.84
0.737 0.89 0.588 0.207 0.909
0.844 0.836 0.836 0.125 0.844
0.759 0.874 0.874 0.129 0.857
0.53 0.634 0.634 0.064 0.804
0.709 0.733 0.73 0.129 0.84
0.784 0.806 0.806 0.174 0.858
0.65 0.68 0.576 0.083 0.795
0.822 0.808 0.808 0.118 0.841
0.651 0.65 0.65 0.09 0.805
0.846 0.857 0.857 0.219 0.854
0.588 0.635 0.652 0.102 0.821
0.841 0.841 0.841 0.134 0.857
0.999 0.999 0.999 0.266 0.999
0.693 0.693 0.693 0.128 0.802
0.645 0.645 0.651 0.081 0.798
0.651 0.651 0.645 0.088 0.799
0.651 0.578 0.578 0.083 0.797
0.627 0.627 0.626 0.1 0.973
0.712 0.712 0.712 0.114 0.873
0.567 0.633 0.633 0.099 0.8
0.804 0.807 0.807 0.188 0.849
0.71 0.734 0.731 0.12 0.834
0.649 0.666 0.666 0.083 0.805
0.65 0.576 0.576 0.084 0.796
0.722 0.722 0.722 0.102 0.82
0.823 0.816 0.811 0.137 0.845
0.717 0.717 0.715 0.109 0.806
0.812 0.82 0.849 0.141 0.954
0.847 0.866 0.866 0.188 0.855
0.57 0.644 0.644 0.096 0.799
0.8 0.8 0.803 0.162 0.85
0.847 0.779 0.864 0.125 0.853
0.649 0.651 0.667 0.079 0.804
0.719 0.687 0.687 0.115 0.812
0.651 0.651 0.651 0.093 0.804
0.632 0.633 0.645 0.125 0.799
0.79 0.823 0.823 0.147 0.859
0.997 0.995 0.995 0.416 0.995
0.68 0.651 0.651 0.099 0.793
0.57 0.633 0.633 0.094 0.8
0.77 0.726 0.726 0.112 0.804
0.765 0.868 0.868 0.123 0.854
0.651 0.651 0.651 0.079 0.797
0.729 0.729 0.729 0.069 0.806
0.651 0.578 0.578 0.089 0.796
0.847 0.861 0.861 0.245 0.855
0.743 0.72 0.727 0.099 0.797
0.73 0.703 0.679 0.107 0.816
0.738 0.904 0.591 0.181 0.922
0.73 0.73 0.73 0.102 0.807
0.786 0.811 0.811 0.133 0.846
0.717 0.717 0.717 0.121 0.81
0.782 0.806 0.806 0.148 0.853
0.697 0.653 0.653 0.261 0.984
0.698 0.705 0.705 0.203 0.912
0.841 0.841 0.841 0.296 0.924
0.634 0.653 0.657 0.09 0.783
0.675 0.576 0.576 0.111 0.793
0.646 0.634 0.634 0.082 0.796
0.618 0.763 0.729 0.114 0.8
0.712 0.709 0.731 0.124 0.834
0.842 0.842 0.842 0.124 0.861
0.741 0.693 0.693 0.108 0.807
0.841 0.841 0.841 0.138 0.856
0.675 0.651 0.651 0.11 0.787
0.726 0.693 0.693 0.132 0.799
0.645 0.578 0.578 0.083 0.797
0.714 0.68 0.68 0.145 0.799
0.807 0.807 0.807 0.11 0.85
0.652 0.645 0.651 0.077 0.798
0.999 0.999 0.999 0.194 0.999
0.794 0.752 0.752 0.137 0.821
0.791 0.808 0.808 0.103 0.834
0.732 0.732 0.718 0.111 0.794
0.601 0.627 0.696 0.187 0.962
0.693 0.693 0.693 0.125 0.818
0.998 0.998 0.998 0.285 0.998
0.839 0.839 0.839 0.169 0.853
0.782 0.804 0.804 0.172 0.84
0.646 0.633 0.633 0.113 0.789
0.695 0.695 0.695 0.081 0.821
0.737 0.897 0.589 0.207 0.912
0.823 0.815 0.808 0.135 0.842
0.744 0.742 0.742 0.076 0.803
0.73 0.716 0.706 0.139 0.806
0.781 0.805 0.805 0.17 0.855
0.711 0.732 0.732 0.104 0.826
0.794 0.79 0.822 0.187 0.862
0.739 0.739 0.739 0.123 0.896
0.767 0.733 0.733 0.086 0.803
0.713 0.715 0.715 0.086 0.839
0.712 0.712 0.712 0.096 0.868
0.804 0.807 0.807 0.129 0.873
0.997 0.997 0.993 0.24 0.993
0.809 0.826 0.826 0.265 0.842
0.848 0.851 0.87 0.161 0.855
0.632 0.656 0.656 0.099 0.802
0.855 0.855 0.864 0.226 0.985
0.814 0.814 0.814 0.118 0.873
0.721 0.721 0.721 0.087 0.889
0.996 0.994 0.994 0.194 0.994
0.834 0.834 0.834 0.184 0.844
0.799 0.801 0.801 0.457 0.9
0.722 0.712 0.712 0.095 0.81
0.651 0.577 0.578 0.081 0.795
0.738 0.738 0.738 0.1 0.801
0.713 0.69 0.68 0.153 0.801
0.743 0.743 0.743 0.143 0.875
0.713 0.714 0.714 0.083 0.831
0.617 0.642 0.708 0.112 0.996
0.745 0.743 0.743 0.075 0.802
0.613 0.665 0.665 0.094 0.811
0.571 0.634 0.634 0.079 0.797
0.843 0.843 0.843 0.122 0.861
0.651 0.651 0.651 0.074 0.798
0.817 0.819 0.819 0.341 0.867
0.88 0.88 0.88 0.122 0.919
0.735 0.735 0.735 0.133 0.88
0.649 0.666 0.664 0.082 0.805
0.857 0.86 0.86 0.115 0.859
0.771 0.809 0.807 0.237 0.844
0.698 0.675 0.675 0.155 0.885
0.996 0.995 0.995 0.16 0.995
0.743 0.741 0.742 0.11 0.817
0.847 0.866 0.866 0.187 0.855
0.731 0.69 0.68 0.121 0.809
0.995 0.995 0.995 0.182 0.995
0.808 0.808 0.808 0.118 0.853
0.652 0.579 0.578 0.067 0.798
0.854 0.865 0.865 0.256 0.901
0.767 0.732 0.732 0.091 0.802
0.94 0.94 0.94 0.103 0.866
0.732 0.732 0.732 0.104 0.808
0.765 0.723 0.723 0.093 0.802
0.733 0.957 0.957 0.13 0.866
0.847 0.865 0.865 0.201 0.855
0.998 0.998 0.998 0.277 0.998
0.722 0.722 0.722 0.093 0.818
0.745 0.743 0.747 0.142 0.785
0.837 0.849 0.847 0.178 0.992
0.812 0.828 0.828 0.226 0.845
0.811 0.814 0.814 0.161 0.846
0.635 0.635 0.635 0.066 0.802
0.798 0.798 0.801 0.151 0.845
0.781 0.805 0.805 0.136 0.851
0.735 0.735 0.721 0.123 0.788
0.698 0.686 0.686 0.119 0.813
0.648 0.666 0.666 0.097 0.805
0.674 0.574 0.574 0.082 0.791
0.808 0.816 0.816 0.149 0.86
0.783 0.803 0.806 0.156 0.853
0.645 0.645 0.645 0.129 0.83
0.782 0.824 0.824 0.172 0.947
0.782 0.802 0.805 0.12 0.853
0.594 0.645 0.645 0.153 0.803
0.675 0.644 0.644 0.089 0.795
0.808 0.808 0.808 0.109 0.851
0.767 0.724 0.724 0.095 0.802
0.74 0.74 0.748 0.104 0.787
0.848 0.877 0.877 0.164 0.856
0.767 0.732 0.725 0.089 0.802
0.737 0.597 0.597 0.236 0.902
0.734 0.734 0.734 0.134 0.879
0.644 0.632 0.645 0.116 0.796
0.88 0.88 0.88 0.115 0.913
0.785 0.833 0.833 0.187 0.893
0.57 0.57 0.57 0.065 0.792
0.731 0.694 0.694 0.155 0.779
0.795 0.823 0.823 0.223 0.895
0.69 0.695 0.695 0.197 0.914
0.644 0.633 0.637 0.114 0.796
0.636 0.634 0.635 0.137 0.995
0.651 0.652 0.652 0.073 0.797
0.801 0.804 0.804 0.141 0.845
0.784 0.807 0.807 0.146 0.857
0.739 0.737 0.737 0.121 0.801
0.649 0.646 0.659 0.087 0.804
0.811 0.811 0.811 0.176 0.861
0.643 0.656 0.651 0.064 0.836
0.866 0.866 0.866 0.163 0.895
0.765 0.731 0.731 0.101 0.801
0.618 0.72 0.72 0.097 0.8
