ERROR (SpiritErrorHandler.h:27): Parsing error at 3:1:  expecting <model type>, here:
	@type: POMDP
	^

1000
constructing pomdps
296.579 296.591 296.591 115.063 296.591
186.461 186.473 186.473 144.546 186.473
337.034 337.045 337.045 105.078 337.045
275.306 275.317 275.317 99.986 275.317
288.957 288.968 288.968 62.567 288.968
281.313 281.324 281.324 81.869 281.324
260.561 260.573 260.573 74.303 260.573
332.318 332.33 332.33 110.187 332.33
290.164 290.176 290.176 66.082 290.176
284.899 284.911 284.911 112.161 284.911
334.662 334.674 334.674 119.437 334.674
291.003 291.014 291.014 64.635 291.014
282.979 282.99 282.99 57.363 282.99
195.161 195.172 195.172 136.097 195.172
303.498 303.509 303.509 71.573 303.509
349.5 349.512 349.512 121.82 349.512
333.43 333.442 333.442 114.583 333.442
331.069 331.081 331.081 105.249 331.081
330.608 330.62 330.62 103.43 330.62
265.263 265.275 265.275 70.297 265.275
333.192 333.204 333.204 113.644 333.204
197.547 197.559 197.559 133.752 197.559
352.718 352.73 352.73 128.053 352.73
300.183 300.195 300.195 117.843 300.195
261.177 261.189 261.189 73.815 261.189
179.681 179.692 179.692 177.131 179.692
310.007 310.019 310.019 81.446 310.019
351.877 351.889 351.889 127.757 351.889
264.521 264.533 264.533 71.294 264.533
350.074 350.086 350.086 116.187 350.086
351.567 351.579 351.579 131.701 351.579
277.053 277.064 277.064 61.866 277.064
348.81 348.821 348.821 115.799 348.821
232.976 232.987 232.987 98.911 232.987
239.972 239.984 239.984 91.964 239.984
179.681 179.692 179.692 176.895 179.692
304.776 304.788 304.788 81.247 304.788
332.814 332.826 332.826 112.163 332.826
184.136 184.148 184.148 146.907 184.148
280.462 280.473 280.473 82.23 280.473
179.681 179.692 179.692 158.727 179.692
350.958 350.97 350.97 124.905 350.97
334.148 334.16 334.16 97.462 334.16
332.33 332.342 332.342 110.233 332.342
179.681 179.692 179.692 179.425 179.692
273.28 273.292 273.292 64.666 273.292
257.51 257.522 257.522 76.587 257.522
190.797 190.809 190.809 140.316 190.809
340.238 340.25 340.25 101.855 340.25
290.345 290.356 290.356 65.962 290.356
189.257 189.269 189.269 141.885 189.269
179.681 179.692 179.692 169.855 179.692
333.157 333.168 333.168 113.505 333.168
315.766 315.778 315.778 89.669 315.778
264.586 264.598 264.598 71.244 264.598
311.403 311.415 311.415 127.008 311.415
337.578 337.59 337.59 96.725 337.59
352.027 352.039 352.039 127.968 352.039
333.494 333.505 333.505 114.834 333.505
179.681 179.692 179.692 170.468 179.692
179.681 179.692 179.692 179.555 179.692
274.436 274.447 274.447 63.805 274.447
298.258 298.27 298.27 69.333 298.27
351.248 351.26 351.26 128.172 351.26
351.005 351.017 351.017 127.657 351.017
317.161 317.173 317.173 93.194 317.173
179.681 179.692 179.692 154.172 179.692
275.412 275.423 275.423 63.073 275.423
179.681 179.692 179.692 168.916 179.692
277.585 277.597 277.597 61.439 277.597
281.617 281.629 281.629 58.392 281.629
273.966 273.978 273.978 63.86 273.978
334.737 334.749 334.749 119.734 334.749
179.681 179.692 179.692 154.217 179.692
331.701 331.712 331.712 107.749 331.712
179.681 179.692 179.692 179.428 179.692
285.445 285.457 285.457 55.294 285.457
179.681 179.692 179.692 175.655 179.692
284.919 284.931 284.931 55.693 284.931
351.84 351.852 351.852 125.793 351.852
351.755 351.767 351.767 125.791 351.767
336.013 336.025 336.025 105.01 336.025
189.06 189.071 189.071 141.986 189.071
317.252 317.264 317.264 94.221 317.264
351.165 351.177 351.177 126.445 351.177
284.003 284.015 284.015 56.592 284.015
338.274 338.285 338.285 96.625 338.285
350.444 350.456 350.456 125.505 350.456
302.886 302.897 302.897 76.432 302.897
278.551 278.563 278.563 60.443 278.563
210.279 210.29 210.29 121.221 210.29
183.524 183.535 183.535 147.499 183.535
293.362 293.373 293.373 57.252 293.373
285.981 285.992 285.992 68.522 285.992
325.236 325.248 325.248 96.875 325.248
333.546 333.558 333.558 115.042 333.558
206.266 206.277 206.277 125.198 206.277
296.541 296.553 296.553 113.414 296.553
179.681 179.692 179.692 152.352 179.692
350.57 350.582 350.582 120.325 350.582
277.568 277.58 277.58 61.475 277.58
285.182 285.194 285.194 111.193 285.194
350.041 350.053 350.053 115.231 350.053
351.017 351.028 351.028 127.747 351.028
301.555 301.567 301.567 81.695 301.567
301.685 301.697 301.697 118.02 301.697
322.344 322.356 322.356 97.055 322.356
351.635 351.647 351.647 132.607 351.647
337.052 337.064 337.064 102.677 337.064
320.094 320.106 320.106 83.438 320.106
349.114 349.126 349.126 114.771 349.126
348.821 348.833 348.833 121.064 348.833
285.155 285.167 285.167 55.717 285.167
179.681 179.692 179.692 169.228 179.692
179.681 179.692 179.692 167.101 179.692
243.587 243.598 243.598 88.423 243.598
280.464 280.476 280.476 59.278 280.476
350.617 350.629 350.629 120.699 350.629
351.376 351.388 351.388 129.114 351.388
290.548 290.559 290.559 108.726 290.559
315.817 315.829 315.829 89.984 315.829
279.347 279.359 279.359 60.076 279.359
258.736 258.748 258.748 75.654 258.748
327.044 327.056 327.056 94.128 327.056
290.307 290.319 290.319 110.098 290.319
322.293 322.305 322.305 94.78 322.305
351.585 351.597 351.597 131.922 351.597
321.69 321.701 321.701 94.286 321.701
334.62 334.632 334.632 101.467 334.632
336.11 336.122 336.122 95.508 336.122
334.7 334.712 334.712 119.589 334.712
348.476 348.488 348.488 115.387 348.488
179.681 179.692 179.692 172.269 179.692
285.871 285.883 285.883 110.161 285.883
276.877 276.889 276.889 61.663 276.889
350.584 350.596 350.596 120.415 350.596
179.681 179.692 179.692 178.855 179.692
329.927 329.938 329.938 101.597 329.938
261.823 261.835 261.835 73.328 261.835
197.489 197.5 197.5 133.802 197.5
290.61 290.621 290.621 65.417 290.621
339.616 339.628 339.628 105.273 339.628
198.192 198.203 198.203 133.024 198.203
340.371 340.382 340.382 102.035 340.382
340.509 340.521 340.521 102.225 340.521
289.602 289.613 289.613 109.752 289.613
317.874 317.886 317.886 85.751 317.886
351.038 351.05 351.05 125.569 351.05
270.327 270.338 270.338 66.807 270.338
186.673 186.684 186.684 144.337 186.684
332.895 332.907 332.907 112.484 332.907
184.663 184.674 184.674 146.391 184.674
302.071 302.083 302.083 71.344 302.083
335.742 335.754 335.754 101.988 335.754
179.681 179.692 179.692 156.258 179.692
179.681 179.692 179.692 171.955 179.692
179.681 179.692 179.692 177.303 179.692
298.442 298.454 298.454 115.028 298.454
291.958 291.97 291.97 62.88 291.97
190.413 190.424 190.424 140.751 190.424
301.144 301.156 301.156 117.826 301.156
338.12 338.132 338.132 96.612 338.132
349.643 349.654 349.654 111.904 349.654
288.02 288.031 288.031 64.394 288.031
333.039 333.051 333.051 113.039 333.051
351.246 351.258 351.258 128.189 351.258
285.987 285.999 285.999 74.836 285.999
266.895 266.906 266.906 69.103 266.906
349.875 349.887 349.887 112.904 349.887
350.748 350.76 350.76 126.888 350.76
330.838 330.85 330.85 104.332 330.85
350.203 350.215 350.215 117.699 350.215
205.303 205.315 205.315 126.115 205.315
187.679 187.691 187.691 143.433 187.691
290.314 290.326 290.326 110.17 290.326
244.211 244.222 244.222 87.792 244.222
301.151 301.163 301.163 118.674 301.163
289.49 289.501 289.501 62.465 289.501
179.681 179.692 179.692 152.439 179.692
351.193 351.204 351.204 127.109 351.204
347.482 347.494 347.494 117.127 347.494
350.666 350.678 350.678 126.57 350.678
336.355 336.367 336.367 97.011 336.367
348.019 348.031 348.031 118.729 348.031
338.392 338.404 338.404 97.043 338.404
290.722 290.734 290.734 51.41 290.734
198.158 198.17 198.17 133.14 198.17
281.235 281.246 281.246 77.585 281.246
299.62 299.631 299.631 53.821 299.631
307.708 307.72 307.72 84.127 307.72
198.859 198.87 198.87 132.37 198.87
190.769 190.78 190.78 140.405 190.78
349.422 349.434 349.434 122.462 349.434
272.193 272.204 272.204 108.699 272.204
303.044 303.056 303.056 79.957 303.056
334.2 334.212 334.212 101.539 334.212
289.772 289.784 289.784 109.428 289.784
283.794 283.806 283.806 56.53 283.806
289.04 289.051 289.051 67.761 289.051
289.382 289.393 289.393 60.809 289.393
