ERROR (SpiritErrorHandler.h:27): Parsing error at 3:1:  expecting <model type>, here:
	@type: POMDP
	^

1000
constructing pomdps
436.58 436.622 436.622 108.352 473.992
427.864 427.906 427.906 74.038 473.186
431.975 432.017 432.017 61.205 469.214
429.759 429.801 429.801 123.389 466.955
429.855 429.896 429.896 160.884 466.066
426.451 426.492 426.492 170.477 464.592
429.525 429.567 429.567 117.182 473.252
434.34 434.382 434.382 166.117 475.48
431.584 431.625 431.625 151.829 469.54
428.612 428.653 428.653 90.461 468.115
426.063 426.104 426.104 124.98 463.364
433.307 433.348 433.348 200.707 469.785
434.601 434.643 434.643 197.121 470.751
430.763 430.805 430.805 140.438 467.101
427.492 427.533 427.533 108.85 465.237
429.43 429.472 429.472 103.027 467.047
427.951 427.993 427.993 112.32 466.242
434.366 434.408 434.408 128.792 475.514
430.171 430.213 430.213 123.457 473.919
429.859 429.901 429.901 75.815 473.936
428.978 429.02 429.02 106.683 467.702
433.809 433.85 433.85 121.527 470.977
429.302 429.343 429.343 69.532 466.828
434.699 434.741 434.741 142.558 471.094
428.825 428.867 428.817 129.977 465.749
429.598 429.64 429.64 147.776 465.295
423.908 423.95 423.95 103.4 461.474
430.738 430.78 430.78 55.556 466.197
427.089 427.131 427.131 103.713 465.545
428.523 428.564 428.564 151.152 464.716
424.821 424.863 424.863 179.829 462.415
428.702 428.743 428.743 192.04 465.251
431.186 431.227 431.227 137.955 469.165
429.286 429.327 429.327 114.639 465.417
436.345 436.386 436.386 123.374 473.328
427.639 427.681 427.681 89.119 465.006
429.387 429.429 429.429 33.68 469.539
429.968 430.009 430.009 96.124 469.906
435.821 435.862 435.862 194.226 472.612
437.095 437.136 437.136 152.893 474.387
433.676 433.717 433.717 150.961 466.031
432.759 432.8 432.8 182.177 471.942
426.669 426.711 426.711 174.774 462.22
432.158 432.2 432.2 115.276 467.295
432.672 432.713 432.713 156.807 471.737
426.818 426.859 426.859 54.489 464.553
426.922 426.964 426.964 61.15 466.298
427.444 427.486 427.486 123.413 464.451
424.772 424.813 424.813 91.684 465.595
427.598 427.64 427.64 86.112 465.475
426.174 426.216 426.216 100.277 464.066
434.586 434.628 434.628 199.892 469.97
432.213 432.254 432.254 101.131 467.757
431.869 431.911 431.911 163.224 474.767
429.977 430.018 430.018 86.983 466.893
430.788 430.83 430.83 90.896 473.648
426.658 426.7 426.7 59.099 461.973
430.125 430.167 430.167 109.599 470.73
425.429 425.471 425.471 56.828 464.218
428.135 428.177 428.177 97.576 465.361
424.76 424.801 424.801 67.334 464.338
428.61 428.652 428.652 60.826 466.425
431.531 431.573 431.573 86.828 469.006
430.005 430.046 430.046 103.165 467.203
424.443 424.485 424.485 102.961 461.291
430.182 430.224 430.224 170.983 463.861
429.283 429.325 429.325 126.587 465.219
432.101 432.143 432.143 162.78 474.541
431.619 431.661 431.661 120.915 473.672
425.633 425.674 425.674 85.807 464.884
426.153 426.195 426.195 168.451 464.307
428.384 428.425 428.425 107.755 465.496
428.393 428.434 428.434 75.931 466.306
430.762 430.804 430.804 96.371 467.54
431.446 431.487 431.487 77.245 465.898
429.148 429.19 429.19 170.065 463.859
430.201 430.243 430.243 82.987 467.128
427.299 427.341 427.341 42.795 463.089
433.195 433.236 433.236 101.263 474.181
424.993 425.034 425.034 179.154 462.405
427.163 427.205 427.205 44.389 462.855
436.745 436.786 436.786 156.566 474.367
429.914 429.956 429.956 157.421 473.908
432.665 432.706 432.706 73.29 472.289
426.15 426.192 426.192 65.761 462.132
428.174 428.216 428.216 66.025 465.591
436.358 436.4 436.4 177.717 473.27
428.925 428.966 428.966 59.267 463.679
425.788 425.83 425.83 61.999 461.585
435.167 435.209 435.209 179.013 471.853
428.238 428.28 428.28 167.876 465.073
436.23 436.272 436.272 133.14 473.138
434.297 434.339 434.339 142.916 475.371
433.268 433.31 433.31 112.349 470.601
429.58 429.622 429.622 154.666 466.176
432.126 432.168 432.168 88.317 468.736
426.515 426.556 426.556 68.545 465.88
433.186 433.227 433.227 172.408 470.969
430.402 430.443 430.443 56.203 469.906
432.857 432.899 432.899 160.346 468.593
428.049 428.091 428.091 141.417 467.818
426.121 426.162 426.162 100.554 464.186
432.258 432.3 432.3 144.175 469.049
425.492 425.533 425.533 163.709 462.055
429.96 430.002 430.002 151.866 463.567
428.678 428.72 428.72 99.87 466.282
424.741 424.782 424.782 96.837 465.626
427.888 427.93 427.93 51.149 464.478
430.827 430.869 430.869 87.641 466.423
424.82 424.861 424.861 131.598 463.195
429.142 429.184 429.184 70.011 466.403
427.915 427.956 427.956 65.976 465.994
427.12 427.161 427.161 91.859 465.212
430.782 430.824 430.824 131.895 474.434
429.435 429.477 429.477 82.526 466.148
430.461 430.502 430.502 109.261 472.637
434.601 434.643 434.643 145.954 474.241
433.318 433.36 433.36 202.275 474.805
432.594 432.636 432.636 137.753 470.147
424.013 424.055 424.055 123.712 461.14
428.484 428.526 428.526 148.012 466.446
435.185 435.226 435.226 124.106 472.28
436.349 436.391 436.391 161.548 473.423
434.282 434.323 434.323 161.307 469.581
429.722 429.764 429.764 55.508 466.637
434.211 434.253 434.253 139.09 467.861
428.278 428.319 428.319 55.654 467.17
436.996 437.038 437.038 134.383 473.822
427.207 427.248 427.248 128.173 473.227
431.172 431.213 431.213 69.922 465.819
430.557 430.599 430.599 103.316 464.55
434.321 434.363 434.363 154.712 471.41
428.297 428.339 428.339 128.823 469.642
427.334 427.376 427.376 48.398 465.518
424.98 427.951 427.951 65.225 464.017
436.972 437.014 437.014 186.38 474.497
435.143 435.185 435.185 187.485 472.293
434.865 434.906 434.906 166.869 472.091
430.037 430.079 430.079 133.12 474.478
430.485 430.527 430.527 100.4 471.019
429.909 429.951 429.951 149.154 466.476
426.465 426.506 426.506 121.795 464.5
429.232 429.273 429.273 140.996 465.849
427.968 428.009 428.009 72.689 470.706
428.536 428.577 428.577 89.668 467.68
425.274 425.316 425.316 119.959 462.52
427.909 427.951 427.951 126.865 465.134
425.261 425.303 425.303 60.608 463.875
428.887 428.928 428.928 94.213 465.93
435.052 435.093 435.093 145.759 471.459
429.52 429.561 429.561 75.278 467.229
428.967 429.009 429.009 123.494 463.033
431.22 428.421 431.262 178.286 466.043
430.776 430.818 430.818 136.568 467.178
430.216 430.257 430.257 99.877 469.269
429.764 429.806 429.806 93.634 466.451
437.34 437.382 437.382 139.468 474.403
424.405 424.446 424.446 68.299 462.304
429.216 429.257 429.257 91.696 474.036
431.742 431.783 431.783 83.495 469.201
428.085 428.126 428.126 161.734 464.585
426.301 426.343 426.343 152.92 464.144
436.483 436.525 436.525 133.588 473.595
430.175 430.217 430.217 119.684 473.938
427.468 427.509 427.509 88.238 465.186
423.419 426.393 426.393 73.656 463.438
426.023 426.064 426.064 135.98 463.851
426.217 426.259 426.259 67.36 462.634
429.07 429.112 429.112 77.925 466.204
429.091 429.132 429.132 116.126 467.118
424.822 424.863 424.863 185.913 462.189
425.55 425.592 425.592 56.183 462.437
429.483 429.524 429.524 100.8 467.018
426.711 426.752 426.752 77.858 464.388
425.605 425.647 425.647 61.677 465.756
425.988 426.029 426.029 80.276 465.849
426.528 426.569 426.569 107.956 464.723
427.9 427.941 427.941 126.652 464.419
429.525 429.567 429.567 115.144 463.702
435.796 435.838 435.838 124.742 473.29
427.577 427.619 427.619 79.118 464.803
425.047 425.089 425.089 66.726 464.047
430.461 430.502 430.502 135.939 473.552
426.565 426.606 426.606 109.789 464.458
429.499 429.541 429.541 53.104 469.393
436.202 436.244 436.244 139.496 473.264
427.677 427.718 427.718 82.718 465.451
430.314 430.355 430.355 102.491 474.356
425.021 425.062 425.062 191.779 463.39
424.393 424.434 424.434 136.294 462.641
426.609 426.651 426.651 126.159 465.81
428.764 428.806 428.806 71.507 474.02
425.321 425.363 421.731 115.771 463.918
425.55 425.592 425.592 68.462 462.109
425.465 425.507 425.507 63.08 462.492
429.222 429.263 429.263 92.78 470.776
432.318 432.359 429.405 151.952 469.653
425.467 425.509 425.509 173.527 463.392
427.377 427.419 427.419 146.009 464.97
430.841 430.883 430.883 82.075 474.217
