1000
constructing pomdps
0.0 0.0 0.0 0.0 None
0.253 0.098 0.253 0.225 None
0.004 0.044 0.001 0.005 None
0.483 0.45 0.407 0.391 None
0.037 0.017 0.0 0.0 None
0.098 0.034 0.153 0.043 None
0.113 0.08 0.113 0.106 None
0.0 0.0 0.0 0.0 None
0.247 0.209 0.002 0.001 None
0.0 0.0 0.0 0.0 None
0.334 0.26 0.005 0.187 None
0.0 0.0 0.0 0.0 None
0.261 0.083 0.004 0.061 None
0.046 0.028 0.019 0.062 None
0.394 0.394 0.174 0.21 None
0.0 0.0 0.0 0.0 None
0.0 0.0 0.0 0.0 None
0.05 0.051 0.196 0.179 None
0.448 0.161 0.08 0.197 None
0.172 0.503 0.226 0.01 None
0.714 0.714 0.714 0.297 0.714
0.725 0.725 0.725 0.356 0.552
0.053 0.019 0.006 0.0 None
0.095 0.095 0.095 0.061 None
0.0 0.0 0.0 0.0 None
0.0 0.0 0.0 0.0 None
0.0 0.0 0.0 0.0 None
0.39 0.39 0.172 0.235 None
0.0 0.0 0.0 0.0 None
0.0 0.0 0.0 0.0 None
0.14 0.14 0.063 0.049 None
0.0 0.0 0.0 0.0 None
0.074 0.053 0.038 0.062 None
0.799 0.799 0.799 0.539 0.544
0.524 0.447 0.14 0.343 None
0.0 0.0 0.0 0.0 None
0.079 0.004 0.004 0.076 None
0.0 0.0 0.0 0.0 None
0.0 0.0 0.0 0.0 None
0.0 0.0 0.0 0.0 None
0.049 0.097 0.006 0.031 None
0.159 0.159 0.159 0.159 None
0.0 0.0 0.0 0.0 None
0.459 0.459 0.014 0.261 None
0.071 0.071 0.055 0.195 None
0.0 0.0 0.0 0.0 None
0.0 0.0 0.0 0.0 None
0.131 0.131 0.131 0.015 None
0.055 0.055 0.0 0.0 None
0.031 0.031 0.031 0.0 None
0.077 0.077 0.077 0.0 None
0.515 0.508 0.395 0.155 None
0.0 0.0 0.0 0.0 None
0.054 0.054 0.112 0.106 None
0.062 0.062 0.017 0.0 None
0.0 0.0 0.0 0.0 None
0.0 0.0 0.0 0.0 None
0.379 0.379 0.02 0.256 None
0.0 0.0 0.0 0.0 None
0.007 0.007 0.0 0.007 None
0.0 0.0 0.0 0.0 None
0.147 0.147 0.0 0.104 None
0.0 0.0 0.0 0.0 None
0.447 0.356 0.157 0.328 None
0.034 0.034 0.023 0.026 None
0.093 0.132 0.018 0.049 None
0.004 0.008 0.156 0.204 None
0.0 0.0 0.0 0.0 None
0.0 0.0 0.0 0.0 None
0.0 0.0 0.0 0.0 None
0.068 0.068 0.01 0.052 None
0.0 0.0 0.0 0.0 0.0
0.0 0.0 0.0 0.0 None
0.0 0.0 0.0 0.0 None
0.44 0.364 0.314 0.404 None
0.0 0.0 0.0 0.0 None
0.482 0.251 0.197 0.456 None
0.092 0.09 0.092 0.069 None
0.603 0.57 0.533 0.525 None
0.0 0.0 0.0 0.0 None
0.096 0.096 0.0 0.0 None
0.0 0.0 0.0 0.0 0.0
0.0 0.0 0.0 0.0 None
0.416 0.316 0.003 0.169 None
0.087 0.087 0.0 0.0 None
0.137 0.123 0.383 0.275 None
0.01 0.012 0.082 0.0 None
0.0 0.0 0.0 0.0 None
0.071 0.071 0.007 0.015 None
0.0 0.0 0.0 0.0 None
0.073 0.065 0.0 0.057 None
0.05 0.034 0.0 0.0 None
0.423 0.417 0.033 0.369 None
0.0 0.0 0.0 0.0 None
0.476 0.39 0.023 0.44 None
0.016 0.012 0.012 0.0 None
0.0 0.0 0.0 0.0 None
0.0 0.0 0.0 0.0 None
0.037 0.037 0.006 0.035 None
0.55 0.472 0.268 0.271 None
0.049 0.049 0.049 0.018 None
0.053 0.042 0.042 0.005 None
0.0 0.0 0.0 0.0 None
0.754 0.754 0.754 0.319 0.549
0.309 0.307 0.0 0.173 None
0.729 0.636 0.146 0.417 0.561
0.0 0.0 0.0 0.0 None
0.0 0.0 0.0 0.0 None
0.047 0.022 0.017 0.0 None
0.069 0.038 0.0 0.033 None
0.547 0.151 0.266 0.276 None
0.283 0.098 0.014 0.162 None
0.002 0.004 0.019 0.081 None
0.338 0.334 0.282 0.234 None
0.096 0.096 0.053 0.0 None
0.245 0.153 0.023 0.133 None
0.099 0.064 0.0 0.0 None
0.0 0.0 0.0 0.0 None
0.268 0.221 0.046 0.001 None
0.0 0.0 0.0 0.0 None
0.033 0.033 0.001 0.0 None
0.964 0.964 0.964 0.594 0.964
0.104 0.104 0.104 0.0 None
0.0 0.0 0.0 0.0 None
0.059 0.059 0.0 0.0 None
0.293 0.024 0.171 0.254 None
0.0 0.0 0.0 0.0 None
0.0 0.0 0.0 0.0 0.0
0.356 0.349 0.293 0.258 None
0.0 0.0 0.0 0.0 None
0.044 0.067 0.074 0.198 None
0.0 0.0 0.0 0.0 None
0.0 0.0 0.0 0.0 None
0.0 0.0 0.0 0.0 None
0.0 0.0 0.0 0.0 None
0.309 0.307 0.26 0.173 None
0.0 0.0 0.0 0.0 None
0.007 0.007 0.007 0.0 None
0.114 0.114 0.002 0.0 None
0.119 0.066 0.0 0.109 None
0.089 0.089 0.0 0.0 None
0.072 0.072 0.072 0.0 None
0.341 0.23 0.043 0.144 None
0.0 0.0 0.0 0.0 None
0.0 0.0 0.0 0.0 None
0.461 0.076 0.242 0.332 None
0.568 0.568 0.568 0.559 0.568
0.187 0.187 0.0 0.092 None
0.546 0.154 0.472 0.274 None
0.0 0.0 0.0 0.0 None
0.067 0.017 0.017 0.053 None
0.0 0.0 0.0 0.0 None
0.134 0.064 0.064 0.0 None
0.0 0.0 0.0 0.0 None
0.356 0.308 0.274 0.167 None
0.233 0.233 0.015 0.165 None
0.0 0.0 0.0 0.0 None
0.266 0.084 0.021 0.18 None
0.0 0.0 0.0 0.0 None
0.359 0.308 0.082 0.183 None
0.121 0.062 0.115 0.111 None
0.104 0.101 0.09 0.044 None
0.0 0.0 0.0 0.0 None
0.119 0.079 0.055 0.119 None
0.091 0.082 0.082 0.081 None
0.0 0.0 0.0 0.0 None
0.661 0.661 0.577 0.41 None
0.115 0.097 0.0 0.087 None
0.0 0.0 0.0 0.0 None
0.212 0.029 0.029 0.0 0.056
0.0 0.0 0.0 0.0 0.0
0.065 0.096 0.096 0.023 None
0.0 0.0 0.0 0.0 None
0.001 0.001 0.001 0.0 None
0.204 0.117 0.193 0.152 None
0.0 0.0 0.0 0.0 None
0.067 0.067 0.067 0.067 None
0.0 0.0 0.0 0.0 None
0.577 0.577 0.577 0.548 0.567
0.39 0.39 0.015 0.236 None
0.0 0.0 0.0 0.0 None
0.0 0.0 0.0 0.0 None
0.164 0.164 0.0 0.086 None
0.0 0.0 0.0 0.0 None
0.087 0.079 0.053 0.066 None
0.0 0.0 0.0 0.0 None
0.063 0.063 0.063 0.063 None
0.551 0.228 0.078 0.239 None
0.409 0.391 0.2 0.254 None
0.0 0.0 0.0 0.0 None
0.0 0.0 0.0 0.0 None
0.131 0.131 0.131 0.131 None
0.141 0.085 0.085 0.06 None
0.0 0.0 0.0 0.0 None
0.573 0.573 0.573 0.552 0.568
0.274 0.046 0.184 0.19 None
0.0 0.0 0.0 0.0 None
0.0 0.0 0.0 0.0 None
0.0 0.0 0.0 0.0 None
0.327 0.327 0.101 0.099 None
