2024-05-17 01:57:43,503 - cli.py - This is Paynt version 0.1.0.
2024-05-17 01:57:43,503 - sketch.py - loading sketch from models/archive/jair24-synthesis/dec-pomdp/box-pushing-2fsc/sketch.templ ...
2024-05-17 01:57:43,503 - sketch.py - assuming sketch in PRISM format...
2024-05-17 01:57:43,651 - prism_parser.py - PRISM model type: DTMC
2024-05-17 01:57:43,651 - prism_parser.py - processing hole definitions...
2024-05-17 01:57:43,657 - prism_parser.py - loading properties from models/archive/jair24-synthesis/dec-pomdp/box-pushing-2fsc/sketch.props ...
2024-05-17 01:57:43,658 - prism_parser.py - found the following specification: optimality: R[exp]{"moves"}max=? [F "goal"] 
2024-05-17 01:57:43,658 - jani.py - constructing JANI program...
2024-05-17 01:57:43,792 - jani.py - constructing the quotient...
2024-05-17 01:57:48,872 - jani.py - associating choices of the quotient with hole assignments...
2024-05-17 01:57:49,006 - sketch.py - sketch parsing OK
2024-05-17 01:57:49,007 - sketch.py - converting state rewards 'moves' to state-action rewards
2024-05-17 01:57:49,026 - sketch.py - constructed explicit quotient having 20880 states and 142344 actions
2024-05-17 01:57:49,026 - sketch.py - found the following specification optimality: R[exp]{"moves"}max=? [F "goal"] 
2024-05-17 01:57:49,122 - synthesizer.py - optimality threshold set to 183.122
2024-05-17 01:57:49,122 - synthesizer.py - synthesis initiated, design space: 1e18
> progress 7.839%, elapsed 3 s, estimated 38 s, iters = {MDP: 96}, opt = 183.148
> progress 7.839%, elapsed 6 s, estimated 77 s, iters = {MDP: 252}, opt = 183.149
> progress 7.843%, elapsed 9 s, estimated 115 s, iters = {MDP: 400}, opt = 183.149
> progress 7.843%, elapsed 12 s, estimated 153 s, iters = {MDP: 870}, opt = 183.149
> progress 7.846%, elapsed 15 s, estimated 191 s, iters = {MDP: 1204}, opt = 183.149
> progress 7.85%, elapsed 18 s, estimated 230 s, iters = {MDP: 1538}, opt = 183.149
> progress 8.058%, elapsed 21 s, estimated 261 s, iters = {MDP: 1595}, opt = 183.149
> progress 8.593%, elapsed 24 s, estimated 280 s, iters = {MDP: 1649}, opt = 183.149
> progress 9.033%, elapsed 27 s, estimated 300 s, iters = {MDP: 1701}, opt = 183.149
> progress 26.562%, elapsed 30 s, estimated 113 s, iters = {MDP: 1756}, opt = 183.149
> progress 26.665%, elapsed 33 s, estimated 124 s, iters = {MDP: 1803}, opt = 183.149
> progress 26.665%, elapsed 36 s, estimated 135 s, iters = {MDP: 2035}, opt = 195.001
> progress 26.677%, elapsed 39 s, estimated 146 s, iters = {MDP: 2165}, opt = 208.806
> progress 26.688%, elapsed 42 s, estimated 158 s, iters = {MDP: 2269}, opt = 218.611
> progress 31.771%, elapsed 45 s, estimated 142 s, iters = {MDP: 2362}, opt = 224.683
> progress 32.942%, elapsed 48 s, estimated 146 s, iters = {MDP: 2433}, opt = 224.683
> progress 33.331%, elapsed 51 s, estimated 153 s, iters = {MDP: 2505}, opt = 224.683
> progress 33.691%, elapsed 54 s, estimated 161 s, iters = {MDP: 2589}, opt = 224.683
> progress 34.108%, elapsed 57 s, estimated 168 s, iters = {MDP: 2647}, opt = 224.683
> progress 35.546%, elapsed 60 s, estimated 169 s, iters = {MDP: 2707}, opt = 224.683
> progress 39.561%, elapsed 63 s, estimated 160 s, iters = {MDP: 2758}, opt = 224.683
> progress 45.811%, elapsed 66 s, estimated 144 s, iters = {MDP: 2818}, opt = 224.683
> progress 58.302%, elapsed 69 s, estimated 118 s, iters = {MDP: 2874}, opt = 224.683
> progress 81.25%, elapsed 72 s, estimated 89 s, iters = {MDP: 2927}, opt = 224.683
2024-05-17 01:59:03,715 - synthesizer.py - synthesis finished, printing synthesized assignment below:
2024-05-17 01:59:03,716 - synthesizer.py - M1_0_e=1, M1_0_w=0, M1_0_o=0, M1_0_s=0, M1_0_l=0, M1_1_e=1, M1_1_w=0, M1_1_o=0, M1_1_s=0, M1_1_l=0, P1_0_e=2, P1_0_w=0, P1_0_o=0, P1_0_s=2, P1_0_l=2, P1_1_e=0, P1_1_w=0, P1_1_o=0, P1_1_s=2, P1_1_l=3, M2_0_e=1, M2_0_w=0, M2_0_o=0, M2_0_s=0, M2_0_l=0, M2_1_e=0, M2_1_w=0, M2_1_o=0, M2_1_s=0, M2_1_l=0, P2_0_e=2, P2_0_w=0, P2_0_o=1, P2_0_s=0, P2_0_l=2, P2_1_e=2, P2_1_w=0, P2_1_o=1, P2_1_s=0, P2_1_l=0
2024-05-17 01:59:03,718 - synthesizer.py - double-checking specification satisfiability:  : 224.68311239325064
--------------------
Synthesis summary:
optimality objective: R[exp]{"moves"}max=? [F "goal"] 

method: AR, synthesis time: 74.59 s
number of holes: 40, family size: 1e18, quotient: 20880 states / 142344 actions
explored: 100 %
MDP stats: avg MDP size: 7061, iterations: 2964

optimum: 224.683112
--------------------
