2024-05-16 22:55:51,381 - cli.py - This is Paynt version 0.1.0.
2024-05-16 22:55:51,381 - sketch.py - loading sketch from models/archive/jair24-synthesis/dec-pomdp/grid3x3-1fsc/sketch.templ ...
2024-05-16 22:55:51,382 - sketch.py - assuming sketch in PRISM format...
2024-05-16 22:55:51,390 - prism_parser.py - PRISM model type: DTMC
2024-05-16 22:55:51,390 - prism_parser.py - processing hole definitions...
2024-05-16 22:55:51,391 - prism_parser.py - loading properties from models/archive/jair24-synthesis/dec-pomdp/grid3x3-1fsc/sketch.props ...
2024-05-16 22:55:51,391 - prism_parser.py - found the following specification: optimality: R[exp]{"rew"}max=? [F "goal"] 
2024-05-16 22:55:51,391 - jani.py - constructing JANI program...
2024-05-16 22:55:51,399 - jani.py - constructing the quotient...
2024-05-16 22:55:51,526 - jani.py - associating choices of the quotient with hole assignments...
2024-05-16 22:55:51,575 - sketch.py - sketch parsing OK
2024-05-16 22:55:51,575 - sketch.py - converting state rewards 'rew' to state-action rewards
2024-05-16 22:55:51,581 - sketch.py - constructed explicit quotient having 6075 states and 54675 actions
2024-05-16 22:55:51,582 - sketch.py - found the following specification optimality: R[exp]{"rew"}max=? [F "goal"] 
2024-05-16 22:55:51,593 - synthesizer.py - synthesis initiated, design space: 1e12
> progress 0.0%, elapsed 3 s, estimated 16338470 s (189 days), iters = {MDP: 491}, opt = 0.93
> progress 0.0%, elapsed 6 s, estimated 1574623 s (18 days), iters = {MDP: 953}, opt = 1.541
> progress 0.001%, elapsed 9 s, estimated 482952 s (5 days), iters = {MDP: 1365}, opt = 2.219
> progress 0.038%, elapsed 12 s, estimated 31092 s (8 hours), iters = {MDP: 1792}, opt = 5.634
> progress 0.084%, elapsed 15 s, estimated 17706 s (4 hours), iters = {MDP: 2180}, opt = 5.634
> progress 0.834%, elapsed 18 s, estimated 2162 s, iters = {MDP: 2459}, opt = 5.723
> progress 4.202%, elapsed 21 s, estimated 500 s, iters = {MDP: 2625}, opt = 5.816
> progress 8.48%, elapsed 24 s, estimated 283 s, iters = {MDP: 2792}, opt = 5.816
> progress 55.095%, elapsed 27 s, estimated 49 s, iters = {MDP: 2936}, opt = 5.816
2024-05-16 22:56:20,618 - synthesizer.py - synthesis finished, printing synthesized assignment below:
2024-05-16 22:56:20,618 - synthesizer.py - P1_0_0_0=4, P1_0_0_1=2, P1_0_0_2=2, P1_0_1_0=3, P1_0_1_1=3, P1_0_1_2=2, P1_0_2_0=3, P1_0_2_1=3, P1_0_2_2=3, P2_0_0_0=4, P2_0_0_1=2, P2_0_0_2=2, P2_0_1_0=3, P2_0_1_1=3, P2_0_1_2=2, P2_0_2_0=3, P2_0_2_1=3, P2_0_2_2=2
2024-05-16 22:56:20,620 - synthesizer.py - double-checking specification satisfiability:  : 5.815764924996118
--------------------
Synthesis summary:
optimality objective: R[exp]{"rew"}max=? [F "goal"] 

method: AR, synthesis time: 29.02 s
number of holes: 18, family size: 1e12, quotient: 6075 states / 54675 actions
explored: 100 %
MDP stats: avg MDP size: 2595, iterations: 3047

optimum: 5.815765
--------------------
