2024-05-16 22:55:51,025 - cli.py - This is Paynt version 0.1.0.
2024-05-16 22:55:51,026 - sketch.py - loading sketch from models/archive/jair24-synthesis/dec-pomdp/recycling-2fsc/sketch.templ ...
2024-05-16 22:55:51,026 - sketch.py - assuming sketch in PRISM format...
2024-05-16 22:55:51,053 - prism_parser.py - PRISM model type: DTMC
2024-05-16 22:55:51,054 - prism_parser.py - processing hole definitions...
2024-05-16 22:55:51,054 - prism_parser.py - loading properties from models/archive/jair24-synthesis/dec-pomdp/recycling-2fsc/sketch.props ...
2024-05-16 22:55:51,059 - prism_parser.py - found the following specification: optimality: R[exp]{"rew"}max=? [F "goal"] 
2024-05-16 22:55:51,059 - jani.py - constructing JANI program...
2024-05-16 22:55:51,070 - jani.py - constructing the quotient...
2024-05-16 22:55:51,154 - jani.py - associating choices of the quotient with hole assignments...
2024-05-16 22:55:51,155 - sketch.py - sketch parsing OK
2024-05-16 22:55:51,156 - sketch.py - converting state rewards 'rew' to state-action rewards
2024-05-16 22:55:51,156 - sketch.py - constructed explicit quotient having 344 states and 1576 actions
2024-05-16 22:55:51,156 - sketch.py - found the following specification optimality: R[exp]{"rew"}max=? [F "goal"] 
2024-05-16 22:55:51,167 - synthesizer.py - synthesis initiated, design space: 1e6
2024-05-16 22:55:51,246 - synthesizer.py - synthesis finished, printing synthesized assignment below:
2024-05-16 22:55:51,246 - synthesizer.py - M1_0_0=1, M1_0_1=0, M1_1_0=1, M1_1_1=1, P1_0_0=2, P1_0_1=0, P1_1_0=1, P1_1_1=0, M2_0_1=0, M2_0_0=1, M2_1_1=1, M2_1_0=1, P2_0_1=0, P2_0_0=2, P2_1_1=0, P2_1_0=1
2024-05-16 22:55:51,246 - synthesizer.py - double-checking specification satisfiability:  : 31.903547071778284
--------------------
Synthesis summary:
optimality objective: R[exp]{"rew"}max=? [F "goal"] 

method: AR, synthesis time: 0.08 s
number of holes: 16, family size: 1e6, quotient: 344 states / 1576 actions
explored: 100 %
MDP stats: avg MDP size: 225, iterations: 94

optimum: 31.903547
--------------------
